This file contains any messages produced by compilers while
running configure, to aid debugging if configure makes a mistake.

It was created by gsettings-desktop-schemas configure 3.22.0, which was
generated by GNU Autoconf 2.69.  Invocation command line was

  $ ./configure --prefix=/home/shena/work/player/build/..//install//release/

## --------- ##
## Platform. ##
## --------- ##

hostname = player1604
uname -m = x86_64
uname -r = 4.4.0-53-generic
uname -s = Linux
uname -v = #74-Ubuntu SMP Fri Dec 2 15:59:10 UTC 2016

/usr/bin/uname -p = unknown
/bin/uname -X     = unknown

/bin/arch              = unknown
/usr/bin/arch -k       = unknown
/usr/convex/getsysinfo = unknown
/usr/bin/hostinfo      = unknown
/bin/machine           = unknown
/usr/bin/oslevel       = unknown
/bin/universe          = unknown

PATH: /home/shena/work/player/build/..//install//release//bin/
PATH: /home/shena/work/player/build/..//install//release//bin/
PATH: /home/shena/work/player/build/..//install//release//bin/
PATH: /home/shena/work/player/build/..//install//release//bin/
PATH: /home/shena/work/player/build/..//install//release//bin/
PATH: /home/shena/work/player/build/..//install//release//bin/
PATH: /home/shena/work/player/build/..//install//release//bin/
PATH: /home/shena/work/player/build/..//install//release//bin/
PATH: /home/shena/work/player/build/..//install//release//bin/
PATH: /home/shena/work/player/build/..//install//release//bin/
PATH: /home/shena/work/player/build/..//install//release//bin/
PATH: /home/shena/work/player/build/..//install//release//bin/
PATH: /home/shena/work/player/build/..//install//release//bin/
PATH: /home/shena/work/player/build/..//install//release//bin/
PATH: /home/shena/work/player/build/..//install//release//bin/
PATH: /home/shena/work/player/build/..//install//release//bin/
PATH: /home/shena/work/player/build/..//install//release//bin/
PATH: /home/shena/work/player/build/..//install//release//bin/
PATH: /home/shena/work/player/build/..//install//release//bin/
PATH: /home/shena/work/player/build/..//install//release//bin/
PATH: /usr/local/sbin
PATH: /usr/local/bin
PATH: /usr/sbin
PATH: /usr/bin
PATH: /sbin
PATH: /bin
PATH: /usr/games
PATH: /usr/local/games
PATH: /snap/bin


## ----------- ##
## Core tests. ##
## ----------- ##

configure:2280: checking for a BSD-compatible install
configure:2348: result: /usr/bin/install -c
configure:2359: checking whether build environment is sane
configure:2414: result: yes
configure:2565: checking for a thread-safe mkdir -p
configure:2604: result: /bin/mkdir -p
configure:2611: checking for gawk
configure:2641: result: no
configure:2611: checking for mawk
configure:2627: found /usr/bin/mawk
configure:2638: result: mawk
configure:2649: checking whether make sets $(MAKE)
configure:2671: result: yes
configure:2700: checking whether make supports nested variables
configure:2717: result: yes
configure:2854: checking whether make supports nested variables
configure:2871: result: yes
configure:2885: checking whether to enable maintainer-specific portions of Makefiles
configure:2894: result: yes
configure:2908: checking for a sed that does not truncate output
configure:2972: result: /bin/sed
configure:3033: checking for pkg-config
configure:3051: found /usr/bin/pkg-config
configure:3063: result: /usr/bin/pkg-config
configure:3088: checking pkg-config is at least version 0.9.0
configure:3091: result: yes
configure:3100: $PKG_CONFIG --exists --print-errors "gio-2.0 >= $GIO_MIN_VERSION"
configure:3103: $? = 0
configure:3175: checking for pkg-config
configure:3205: result: /usr/bin/pkg-config
configure:3230: checking pkg-config is at least version 0.16
configure:3233: result: yes
configure:3353: checking for gobject-introspection
configure:3384: $PKG_CONFIG --exists --print-errors "gobject-introspection-1.0 >= 1.31.0"
configure:3387: $? = 0
configure:3399: result: yes
configure:3451: checking for style of include used by make
configure:3479: result: GNU
configure:3550: checking for gcc
configure:3566: found /usr/bin/gcc
configure:3577: result: gcc
configure:3806: checking for C compiler version
configure:3815: gcc --version >&5
gcc (Ubuntu 5.4.0-6ubuntu1~16.04.4) 5.4.0 20160609
Copyright (C) 2015 Free Software Foundation, Inc.
This is free software; see the source for copying conditions.  There is NO
warranty; not even for MERCHANTABILITY or FITNESS FOR A PARTICULAR PURPOSE.

configure:3826: $? = 0
configure:3815: gcc -v >&5
Using built-in specs.
COLLECT_GCC=gcc
COLLECT_LTO_WRAPPER=/usr/lib/gcc/x86_64-linux-gnu/5/lto-wrapper
Target: x86_64-linux-gnu
Configured with: ../src/configure -v --with-pkgversion='Ubuntu 5.4.0-6ubuntu1~16.04.4' --with-bugurl=file:///usr/share/doc/gcc-5/README.Bugs --enable-languages=c,ada,c++,java,go,d,fortran,objc,obj-c++ --prefix=/usr --program-suffix=-5 --enable-shared --enable-linker-build-id --libexecdir=/usr/lib --without-included-gettext --enable-threads=posix --libdir=/usr/lib --enable-nls --with-sysroot=/ --enable-clocale=gnu --enable-libstdcxx-debug --enable-libstdcxx-time=yes --with-default-libstdcxx-abi=new --enable-gnu-unique-object --disable-vtable-verify --enable-libmpx --enable-plugin --with-system-zlib --disable-browser-plugin --enable-java-awt=gtk --enable-gtk-cairo --with-java-home=/usr/lib/jvm/java-1.5.0-gcj-5-amd64/jre --enable-java-home --with-jvm-root-dir=/usr/lib/jvm/java-1.5.0-gcj-5-amd64 --with-jvm-jar-dir=/usr/lib/jvm-exports/java-1.5.0-gcj-5-amd64 --with-arch-directory=amd64 --with-ecj-jar=/usr/share/java/eclipse-ecj.jar --enable-objc-gc --enable-multiarch --disable-werror --with-arch-32=i686 --with-abi=m64 --with-multilib-list=m32,m64,mx32 --enable-multilib --with-tune=generic --enable-checking=release --build=x86_64-linux-gnu --host=x86_64-linux-gnu --target=x86_64-linux-gnu
Thread model: posix
gcc version 5.4.0 20160609 (Ubuntu 5.4.0-6ubuntu1~16.04.4) 
configure:3826: $? = 0
configure:3815: gcc -V >&5
gcc: error: unrecognized command line option '-V'
gcc: fatal error: no input files
compilation terminated.
configure:3826: $? = 1
configure:3815: gcc -qversion >&5
gcc: error: unrecognized command line option '-qversion'
gcc: fatal error: no input files
compilation terminated.
configure:3826: $? = 1
configure:3846: checking whether the C compiler works
configure:3868: gcc    conftest.c  >&5
configure:3872: $? = 0
configure:3920: result: yes
configure:3923: checking for C compiler default output file name
configure:3925: result: a.out
configure:3931: checking for suffix of executables
configure:3938: gcc -o conftest    conftest.c  >&5
configure:3942: $? = 0
configure:3964: result: 
configure:3986: checking whether we are cross compiling
configure:3994: gcc -o conftest    conftest.c  >&5
configure:3998: $? = 0
configure:4005: ./conftest
configure:4009: $? = 0
configure:4024: result: no
configure:4029: checking for suffix of object files
configure:4051: gcc -c   conftest.c >&5
configure:4055: $? = 0
configure:4076: result: o
configure:4080: checking whether we are using the GNU C compiler
configure:4099: gcc -c   conftest.c >&5
configure:4099: $? = 0
configure:4108: result: yes
configure:4117: checking whether gcc accepts -g
configure:4137: gcc -c -g  conftest.c >&5
configure:4137: $? = 0
configure:4178: result: yes
configure:4195: checking for gcc option to accept ISO C89
configure:4258: gcc  -c -g -O2  conftest.c >&5
configure:4258: $? = 0
configure:4271: result: none needed
configure:4296: checking whether gcc understands -c and -o together
configure:4318: gcc -c conftest.c -o conftest2.o
configure:4321: $? = 0
configure:4318: gcc -c conftest.c -o conftest2.o
configure:4321: $? = 0
configure:4333: result: yes
configure:4352: checking dependency style of gcc
configure:4463: result: none
configure:4484: checking how to run the C preprocessor
configure:4515: gcc -E  conftest.c
configure:4515: $? = 0
configure:4529: gcc -E  conftest.c
conftest.c:11:28: fatal error: ac_nonexistent.h: No such file or directory
compilation terminated.
configure:4529: $? = 1
configure: failed program was:
| /* confdefs.h */
| #define PACKAGE_NAME "gsettings-desktop-schemas"
| #define PACKAGE_TARNAME "gsettings-desktop-schemas"
| #define PACKAGE_VERSION "3.22.0"
| #define PACKAGE_STRING "gsettings-desktop-schemas 3.22.0"
| #define PACKAGE_BUGREPORT "http://bugzilla.gnome.org/enter_bug.cgi?product=gsettings-desktop-schemas"
| #define PACKAGE_URL ""
| #define PACKAGE "gsettings-desktop-schemas"
| #define VERSION "3.22.0"
| /* end confdefs.h.  */
| #include <ac_nonexistent.h>
configure:4554: result: gcc -E
configure:4574: gcc -E  conftest.c
configure:4574: $? = 0
configure:4588: gcc -E  conftest.c
conftest.c:11:28: fatal error: ac_nonexistent.h: No such file or directory
compilation terminated.
configure:4588: $? = 1
configure: failed program was:
| /* confdefs.h */
| #define PACKAGE_NAME "gsettings-desktop-schemas"
| #define PACKAGE_TARNAME "gsettings-desktop-schemas"
| #define PACKAGE_VERSION "3.22.0"
| #define PACKAGE_STRING "gsettings-desktop-schemas 3.22.0"
| #define PACKAGE_BUGREPORT "http://bugzilla.gnome.org/enter_bug.cgi?product=gsettings-desktop-schemas"
| #define PACKAGE_URL ""
| #define PACKAGE "gsettings-desktop-schemas"
| #define VERSION "3.22.0"
| /* end confdefs.h.  */
| #include <ac_nonexistent.h>
configure:4617: checking for grep that handles long lines and -e
configure:4675: result: /bin/grep
configure:4680: checking for egrep
configure:4742: result: /bin/grep -E
configure:4747: checking for ANSI C header files
configure:4767: gcc -c -g -O2  conftest.c >&5
configure:4767: $? = 0
configure:4840: gcc -o conftest -g -O2   conftest.c  >&5
configure:4840: $? = 0
configure:4840: ./conftest
configure:4840: $? = 0
configure:4851: result: yes
configure:4864: checking for sys/types.h
configure:4864: gcc -c -g -O2  conftest.c >&5
configure:4864: $? = 0
configure:4864: result: yes
configure:4864: checking for sys/stat.h
configure:4864: gcc -c -g -O2  conftest.c >&5
configure:4864: $? = 0
configure:4864: result: yes
configure:4864: checking for stdlib.h
configure:4864: gcc -c -g -O2  conftest.c >&5
configure:4864: $? = 0
configure:4864: result: yes
configure:4864: checking for string.h
configure:4864: gcc -c -g -O2  conftest.c >&5
configure:4864: $? = 0
configure:4864: result: yes
configure:4864: checking for memory.h
configure:4864: gcc -c -g -O2  conftest.c >&5
configure:4864: $? = 0
configure:4864: result: yes
configure:4864: checking for strings.h
configure:4864: gcc -c -g -O2  conftest.c >&5
configure:4864: $? = 0
configure:4864: result: yes
configure:4864: checking for inttypes.h
configure:4864: gcc -c -g -O2  conftest.c >&5
configure:4864: $? = 0
configure:4864: result: yes
configure:4864: checking for stdint.h
configure:4864: gcc -c -g -O2  conftest.c >&5
configure:4864: $? = 0
configure:4864: result: yes
configure:4864: checking for unistd.h
configure:4864: gcc -c -g -O2  conftest.c >&5
configure:4864: $? = 0
configure:4864: result: yes
configure:4879: checking locale.h usability
configure:4879: gcc -c -g -O2  conftest.c >&5
configure:4879: $? = 0
configure:4879: result: yes
configure:4879: checking locale.h presence
configure:4879: gcc -E  conftest.c
configure:4879: $? = 0
configure:4879: result: yes
configure:4879: checking for locale.h
configure:4879: result: yes
configure:4890: checking for LC_MESSAGES
configure:4906: gcc -o conftest -g -O2   conftest.c  >&5
configure:4906: $? = 0
configure:4914: result: yes
configure:4931: checking libintl.h usability
configure:4931: gcc -c -g -O2  conftest.c >&5
configure:4931: $? = 0
configure:4931: result: yes
configure:4931: checking libintl.h presence
configure:4931: gcc -E  conftest.c
configure:4931: $? = 0
configure:4931: result: yes
configure:4931: checking for libintl.h
configure:4931: result: yes
configure:4939: checking for ngettext in libc
configure:4957: gcc -o conftest -g -O2   conftest.c  >&5
configure:4957: $? = 0
configure:4966: result: yes
configure:4970: checking for dgettext in libc
configure:4988: gcc -o conftest -g -O2   conftest.c  >&5
configure:4988: $? = 0
configure:4997: result: yes
configure:5004: checking for bind_textdomain_codeset
configure:5004: gcc -o conftest -g -O2   conftest.c  >&5
configure:5004: $? = 0
configure:5004: result: yes
configure:5280: checking for msgfmt
configure:5307: result: /usr/bin/msgfmt
configure:5318: checking for dcgettext
configure:5318: gcc -o conftest -g -O2   conftest.c   >&5
conftest.c:48:6: warning: conflicting types for built-in function 'dcgettext'
 char dcgettext ();
      ^
configure:5318: $? = 0
configure:5318: result: yes
configure:5328: checking if msgfmt accepts -c
configure:5343: $MSGFMT -c -o /dev/null conftest.foo
conftest.foo:3: warning: header field 'Language' missing in header
configure:5346: $? = 0
configure:5348: result: yes
configure:5358: checking for gmsgfmt
configure:5389: result: /usr/bin/msgfmt
configure:5399: checking for xgettext
configure:5426: result: /usr/bin/xgettext
configure:5445: gcc -o conftest -g -O2   conftest.c   >&5
configure:5445: $? = 0
configure:5585: checking whether NLS is requested
configure:5594: result: yes
configure:5612: checking for intltool >= 0.50.1
configure:5614: result: 0.51.0 found
configure:5622: checking for intltool-update
configure:5640: found /usr/bin/intltool-update
configure:5652: result: /usr/bin/intltool-update
configure:5662: checking for intltool-merge
configure:5680: found /usr/bin/intltool-merge
configure:5692: result: /usr/bin/intltool-merge
configure:5702: checking for intltool-extract
configure:5720: found /usr/bin/intltool-extract
configure:5732: result: /usr/bin/intltool-extract
configure:5886: checking for xgettext
configure:5916: result: /usr/bin/xgettext
configure:5926: checking for msgmerge
configure:5944: found /usr/bin/msgmerge
configure:5956: result: /usr/bin/msgmerge
configure:5966: checking for msgfmt
configure:5996: result: /usr/bin/msgfmt
configure:6006: checking for gmsgfmt
configure:6037: result: /usr/bin/msgfmt
configure:6057: checking for perl
configure:6075: found /usr/bin/perl
configure:6087: result: /usr/bin/perl
configure:6098: checking for perl >= 5.8.1
configure:6105: result: 5.22.1
configure:6109: checking for XML::Parser
configure:6112: result: ok
configure:6273: checking that generated files are newer than configure
configure:6279: result: done
configure:6314: creating ./config.status

## ---------------------- ##
## Running config.status. ##
## ---------------------- ##

This file was extended by gsettings-desktop-schemas config.status 3.22.0, which was
generated by GNU Autoconf 2.69.  Invocation command line was

  CONFIG_FILES    = 
  CONFIG_HEADERS  = 
  CONFIG_LINKS    = 
  CONFIG_COMMANDS = 
  $ ./config.status 

on player1604

config.status:920: creating Makefile
config.status:920: creating gsettings-desktop-schemas.pc
config.status:920: creating build/Makefile
config.status:920: creating build/win32/Makefile
config.status:920: creating build/win32/gsettings-desktop-schemas-msvc.mak
config.status:920: creating headers/Makefile
config.status:920: creating schemas/Makefile
config.status:920: creating po/Makefile.in
config.status:1092: executing depfiles commands
config.status:1092: executing default-1 commands
config.status:1092: executing po/stamp-it commands

## ---------------- ##
## Cache variables. ##
## ---------------- ##

ac_cv_c_compiler_gnu=yes
ac_cv_env_CC_set=
ac_cv_env_CC_value=
ac_cv_env_CFLAGS_set=
ac_cv_env_CFLAGS_value=
ac_cv_env_CPPFLAGS_set=
ac_cv_env_CPPFLAGS_value=
ac_cv_env_CPP_set=
ac_cv_env_CPP_value=
ac_cv_env_LDFLAGS_set=
ac_cv_env_LDFLAGS_value=
ac_cv_env_LIBS_set=
ac_cv_env_LIBS_value=
ac_cv_env_PKG_CONFIG_LIBDIR_set=
ac_cv_env_PKG_CONFIG_LIBDIR_value=
ac_cv_env_PKG_CONFIG_PATH_set=set
ac_cv_env_PKG_CONFIG_PATH_value=/home/shena/work/player/build/..//install//release//lib//pkgconfig:/usr/lib/pkgconfig:/usr/lib/x86_64-linux-gnu/pkgconfig:/usr/share/pkgconfig
ac_cv_env_PKG_CONFIG_set=
ac_cv_env_PKG_CONFIG_value=
ac_cv_env_build_alias_set=
ac_cv_env_build_alias_value=
ac_cv_env_host_alias_set=
ac_cv_env_host_alias_value=
ac_cv_env_target_alias_set=
ac_cv_env_target_alias_value=
ac_cv_func_bind_textdomain_codeset=yes
ac_cv_func_dcgettext=yes
ac_cv_header_inttypes_h=yes
ac_cv_header_libintl_h=yes
ac_cv_header_locale_h=yes
ac_cv_header_memory_h=yes
ac_cv_header_stdc=yes
ac_cv_header_stdint_h=yes
ac_cv_header_stdlib_h=yes
ac_cv_header_string_h=yes
ac_cv_header_strings_h=yes
ac_cv_header_sys_stat_h=yes
ac_cv_header_sys_types_h=yes
ac_cv_header_unistd_h=yes
ac_cv_objext=o
ac_cv_path_EGREP='/bin/grep -E'
ac_cv_path_GMSGFMT=/usr/bin/msgfmt
ac_cv_path_GREP=/bin/grep
ac_cv_path_INTLTOOL_EXTRACT=/usr/bin/intltool-extract
ac_cv_path_INTLTOOL_MERGE=/usr/bin/intltool-merge
ac_cv_path_INTLTOOL_PERL=/usr/bin/perl
ac_cv_path_INTLTOOL_UPDATE=/usr/bin/intltool-update
ac_cv_path_MSGFMT=/usr/bin/msgfmt
ac_cv_path_MSGMERGE=/usr/bin/msgmerge
ac_cv_path_SED=/bin/sed
ac_cv_path_XGETTEXT=/usr/bin/xgettext
ac_cv_path_ac_pt_PKG_CONFIG=/usr/bin/pkg-config
ac_cv_path_install='/usr/bin/install -c'
ac_cv_path_mkdir=/bin/mkdir
ac_cv_prog_AWK=mawk
ac_cv_prog_CPP='gcc -E'
ac_cv_prog_ac_ct_CC=gcc
ac_cv_prog_cc_c89=
ac_cv_prog_cc_g=yes
ac_cv_prog_make_make_set=yes
am_cv_CC_dependencies_compiler_type=none
am_cv_make_support_nested_variables=yes
am_cv_prog_cc_c_o=yes
am_cv_val_LC_MESSAGES=yes
gt_cv_func_dgettext_libc=yes
gt_cv_func_dgettext_libintl=no
gt_cv_func_ngettext_libc=yes
gt_cv_have_gettext=yes

## ----------------- ##
## Output variables. ##
## ----------------- ##










		$(INSTALL_DATA) $^ "$(DESTDIR)$(gsettingsschemadir)"; \
		test -n "$(GSETTINGS_DISABLE_SCHEMAS_COMPILE)$(DESTDIR)" || $(GLIB_COMPILE_SCHEMAS) $(gsettingsschemadir); \
		test -z "$(gsettingsschemadir)" || $(MKDIR_P) "$(DESTDIR)$(gsettingsschemadir)"; \
	$(AM_V_GEN) $(GLIB_COMPILE_SCHEMAS) --strict --dry-run $(addprefix --schema-file=,$(gsettings__enum_file)) --schema-file=$< && mkdir -p $(@D) && touch $@
	$(AM_V_GEN) glib-mkenums --comments '\''<!-- @comment@ -->'\'' --fhead "<schemalist>" --vhead "  <@type@ id='\''$(gsettings_ENUM_NAMESPACE).@EnumName@'\''>" --vprod "    <value nick='\''@valuenick@'\'' value='\''@valuenum@'\''/>" --vtail "  </@type@>" --ftail "</schemalist>" $^ > $@.tmp && mv $@.tmp $@
	@$(NORMAL_INSTALL)
	@$(NORMAL_UNINSTALL)
	@list='\''$(gsettings_SCHEMAS) $(gsettings__enum_file)'\''; test -n "$(gsettingsschemadir)" || list=; \
	cd "$(DESTDIR)$(gsettingsschemadir)" && rm -f $$files
	echo " ( cd '\''$(DESTDIR)$(gsettingsschemadir)'\'' && rm -f" $$files ")"; \
	fi
	files=`for p in $$list; do echo $$p; done | sed -e '\''s|^.*/||'\''`; \
	if test -n "$^"; then \
	rm -f $(gsettings_SCHEMAS:.xml=.valid) $(gsettings__enum_file)
	test -n "$$files" || exit 0; \
	test -n "$(GSETTINGS_DISABLE_SCHEMAS_COMPILE)$(DESTDIR)" || $(GLIB_COMPILE_SCHEMAS) $(gsettingsschemadir)
$(gsettings__enum_file): $(gsettings_ENUM_FILES)
%.gschema.valid: %.gschema.xml $(gsettings__enum_file)
.PHONY : uninstall-gsettings-schemas install-gsettings-schemas clean-gsettings-schemas
.SECONDARY: $(gsettings_SCHEMAS)
ACLOCAL='${SHELL} /home/shena/work/player/core/gsettings-desktop-schemas-3.22.0/missing aclocal-1.15'
ALL_LINGUAS=''
AMDEPBACKSLASH='\'
AMDEP_FALSE='#'
AMDEP_TRUE=''
AMTAR='$${TAR-tar}'
AM_BACKSLASH='\'
AM_DEFAULT_V='$(AM_DEFAULT_VERBOSITY)'
AM_DEFAULT_VERBOSITY='0'
AM_V='$(V)'
AUTOCONF='${SHELL} /home/shena/work/player/core/gsettings-desktop-schemas-3.22.0/missing autoconf'
AUTOHEADER='${SHELL} /home/shena/work/player/core/gsettings-desktop-schemas-3.22.0/missing autoheader'
AUTOMAKE='${SHELL} /home/shena/work/player/core/gsettings-desktop-schemas-3.22.0/missing automake-1.15'
AWK='mawk'
CATALOGS=''
CATOBJEXT='.gmo'
CC='gcc'
CCDEPMODE='depmode=none'
CFLAGS='-g -O2'
CPP='gcc -E'
CPPFLAGS=''
CYGPATH_W='echo'
DATADIRNAME='share'
DEFS='-DPACKAGE_NAME=\"gsettings-desktop-schemas\" -DPACKAGE_TARNAME=\"gsettings-desktop-schemas\" -DPACKAGE_VERSION=\"3.22.0\" -DPACKAGE_STRING=\"gsettings-desktop-schemas\ 3.22.0\" -DPACKAGE_BUGREPORT=\"http://bugzilla.gnome.org/enter_bug.cgi\?product=gsettings-desktop-schemas\" -DPACKAGE_URL=\"\" -DPACKAGE=\"gsettings-desktop-schemas\" -DVERSION=\"3.22.0\" -DSTDC_HEADERS=1 -DHAVE_SYS_TYPES_H=1 -DHAVE_SYS_STAT_H=1 -DHAVE_STDLIB_H=1 -DHAVE_STRING_H=1 -DHAVE_MEMORY_H=1 -DHAVE_STRINGS_H=1 -DHAVE_INTTYPES_H=1 -DHAVE_STDINT_H=1 -DHAVE_UNISTD_H=1 -DHAVE_LOCALE_H=1 -DHAVE_LC_MESSAGES=1 -DHAVE_BIND_TEXTDOMAIN_CODESET=1 -DHAVE_GETTEXT=1 -DHAVE_DCGETTEXT=1 -DENABLE_NLS=1'
DEPDIR='.deps'
ECHO_C=''
ECHO_N='-n'
ECHO_T=''
EGREP='/bin/grep -E'
EXEEXT=''
GETTEXT_PACKAGE='gsettings-desktop-schemas'
GLIB_COMPILE_SCHEMAS='glib-compile-schemas'
GMOFILES=''
GMSGFMT='/usr/bin/msgfmt'
GREP='/bin/grep'
GSETTINGS_DISABLE_SCHEMAS_COMPILE=''
GSETTINGS_RULES='
HAVE_INTROSPECTION_FALSE='#'
HAVE_INTROSPECTION_TRUE=''
INSTALL_DATA='${INSTALL} -m 644'
INSTALL_PROGRAM='${INSTALL}'
INSTALL_SCRIPT='${INSTALL}'
INSTALL_STRIP_PROGRAM='$(install_sh) -c -s'
INSTOBJEXT='.mo'
INTLLIBS=''
INTLTOOL_CAVES_RULE='%.caves:     %.caves.in     $(INTLTOOL_MERGE) $(wildcard $(top_srcdir)/po/*.po) ; $(INTLTOOL_V_MERGE)LC_ALL=C $(INTLTOOL_MERGE) $(INTLTOOL_V_MERGE_OPTIONS) -d -u -c $(top_builddir)/po/.intltool-merge-cache $(top_srcdir)/po $< $@'
INTLTOOL_DESKTOP_RULE='%.desktop:   %.desktop.in   $(INTLTOOL_MERGE) $(wildcard $(top_srcdir)/po/*.po) ; $(INTLTOOL_V_MERGE)LC_ALL=C $(INTLTOOL_MERGE) $(INTLTOOL_V_MERGE_OPTIONS) -d -u -c $(top_builddir)/po/.intltool-merge-cache $(top_srcdir)/po $< $@'
INTLTOOL_DIRECTORY_RULE='%.directory: %.directory.in $(INTLTOOL_MERGE) $(wildcard $(top_srcdir)/po/*.po) ; $(INTLTOOL_V_MERGE)LC_ALL=C $(INTLTOOL_MERGE) $(INTLTOOL_V_MERGE_OPTIONS) -d -u -c $(top_builddir)/po/.intltool-merge-cache $(top_srcdir)/po $< $@'
INTLTOOL_EXTRACT='/usr/bin/intltool-extract'
INTLTOOL_KBD_RULE='%.kbd:       %.kbd.in       $(INTLTOOL_MERGE) $(wildcard $(top_srcdir)/po/*.po) ; $(INTLTOOL_V_MERGE)LC_ALL=C $(INTLTOOL_MERGE) $(INTLTOOL_V_MERGE_OPTIONS) -x -u -m -c $(top_builddir)/po/.intltool-merge-cache $(top_srcdir)/po $< $@'
INTLTOOL_KEYS_RULE='%.keys:      %.keys.in      $(INTLTOOL_MERGE) $(wildcard $(top_srcdir)/po/*.po) ; $(INTLTOOL_V_MERGE)LC_ALL=C $(INTLTOOL_MERGE) $(INTLTOOL_V_MERGE_OPTIONS) -k -u -c $(top_builddir)/po/.intltool-merge-cache $(top_srcdir)/po $< $@'
INTLTOOL_MERGE='/usr/bin/intltool-merge'
INTLTOOL_OAF_RULE='%.oaf:       %.oaf.in       $(INTLTOOL_MERGE) $(wildcard $(top_srcdir)/po/*.po) ; $(INTLTOOL_V_MERGE)LC_ALL=C $(INTLTOOL_MERGE) $(INTLTOOL_V_MERGE_OPTIONS) -o -p $(top_srcdir)/po $< $@'
INTLTOOL_PERL='/usr/bin/perl'
INTLTOOL_POLICY_RULE='%.policy:    %.policy.in    $(INTLTOOL_MERGE) $(wildcard $(top_srcdir)/po/*.po) ; $(INTLTOOL_V_MERGE)LC_ALL=C $(INTLTOOL_MERGE) $(INTLTOOL_V_MERGE_OPTIONS) -x -u -c $(top_builddir)/po/.intltool-merge-cache $(top_srcdir)/po $< $@'
INTLTOOL_PONG_RULE='%.pong:      %.pong.in      $(INTLTOOL_MERGE) $(wildcard $(top_srcdir)/po/*.po) ; $(INTLTOOL_V_MERGE)LC_ALL=C $(INTLTOOL_MERGE) $(INTLTOOL_V_MERGE_OPTIONS) -x -u -c $(top_builddir)/po/.intltool-merge-cache $(top_srcdir)/po $< $@'
INTLTOOL_PROP_RULE='%.prop:      %.prop.in      $(INTLTOOL_MERGE) $(wildcard $(top_srcdir)/po/*.po) ; $(INTLTOOL_V_MERGE)LC_ALL=C $(INTLTOOL_MERGE) $(INTLTOOL_V_MERGE_OPTIONS) -d -u -c $(top_builddir)/po/.intltool-merge-cache $(top_srcdir)/po $< $@'
INTLTOOL_SCHEMAS_RULE='%.schemas:   %.schemas.in   $(INTLTOOL_MERGE) $(wildcard $(top_srcdir)/po/*.po) ; $(INTLTOOL_V_MERGE)LC_ALL=C $(INTLTOOL_MERGE) $(INTLTOOL_V_MERGE_OPTIONS) -s -u -c $(top_builddir)/po/.intltool-merge-cache $(top_srcdir)/po $< $@'
INTLTOOL_SERVER_RULE='%.server:    %.server.in    $(INTLTOOL_MERGE) $(wildcard $(top_srcdir)/po/*.po) ; $(INTLTOOL_V_MERGE)LC_ALL=C $(INTLTOOL_MERGE) $(INTLTOOL_V_MERGE_OPTIONS) -o -u -c $(top_builddir)/po/.intltool-merge-cache $(top_srcdir)/po $< $@'
INTLTOOL_SERVICE_RULE='%.service: %.service.in   $(INTLTOOL_MERGE) $(wildcard $(top_srcdir)/po/*.po) ; $(INTLTOOL_V_MERGE)LC_ALL=C $(INTLTOOL_MERGE) $(INTLTOOL_V_MERGE_OPTIONS) -d -u -c $(top_builddir)/po/.intltool-merge-cache $(top_srcdir)/po $< $@'
INTLTOOL_SHEET_RULE='%.sheet:     %.sheet.in     $(INTLTOOL_MERGE) $(wildcard $(top_srcdir)/po/*.po) ; $(INTLTOOL_V_MERGE)LC_ALL=C $(INTLTOOL_MERGE) $(INTLTOOL_V_MERGE_OPTIONS) -x -u -c $(top_builddir)/po/.intltool-merge-cache $(top_srcdir)/po $< $@'
INTLTOOL_SOUNDLIST_RULE='%.soundlist: %.soundlist.in $(INTLTOOL_MERGE) $(wildcard $(top_srcdir)/po/*.po) ; $(INTLTOOL_V_MERGE)LC_ALL=C $(INTLTOOL_MERGE) $(INTLTOOL_V_MERGE_OPTIONS) -d -u -c $(top_builddir)/po/.intltool-merge-cache $(top_srcdir)/po $< $@'
INTLTOOL_THEME_RULE='%.theme:     %.theme.in     $(INTLTOOL_MERGE) $(wildcard $(top_srcdir)/po/*.po) ; $(INTLTOOL_V_MERGE)LC_ALL=C $(INTLTOOL_MERGE) $(INTLTOOL_V_MERGE_OPTIONS) -d -u -c $(top_builddir)/po/.intltool-merge-cache $(top_srcdir)/po $< $@'
INTLTOOL_UI_RULE='%.ui:        %.ui.in        $(INTLTOOL_MERGE) $(wildcard $(top_srcdir)/po/*.po) ; $(INTLTOOL_V_MERGE)LC_ALL=C $(INTLTOOL_MERGE) $(INTLTOOL_V_MERGE_OPTIONS) -x -u -c $(top_builddir)/po/.intltool-merge-cache $(top_srcdir)/po $< $@'
INTLTOOL_UPDATE='/usr/bin/intltool-update'
INTLTOOL_V_MERGE='$(INTLTOOL__v_MERGE_$(V))'
INTLTOOL_V_MERGE_OPTIONS='$(intltool__v_merge_options_$(V))'
INTLTOOL_XAM_RULE='%.xam:       %.xml.in       $(INTLTOOL_MERGE) $(wildcard $(top_srcdir)/po/*.po) ; $(INTLTOOL_V_MERGE)LC_ALL=C $(INTLTOOL_MERGE) $(INTLTOOL_V_MERGE_OPTIONS) -x -u -c $(top_builddir)/po/.intltool-merge-cache $(top_srcdir)/po $< $@'
INTLTOOL_XML_NOMERGE_RULE='%.xml:       %.xml.in       $(INTLTOOL_MERGE) ; $(INTLTOOL_V_MERGE)LC_ALL=C $(INTLTOOL_MERGE) $(INTLTOOL_V_MERGE_OPTIONS) -x -u --no-translations $< $@'
INTLTOOL_XML_RULE='%.xml:       %.xml.in       $(INTLTOOL_MERGE) $(wildcard $(top_srcdir)/po/*.po) ; $(INTLTOOL_V_MERGE)LC_ALL=C $(INTLTOOL_MERGE) $(INTLTOOL_V_MERGE_OPTIONS) -x -u -c $(top_builddir)/po/.intltool-merge-cache $(top_srcdir)/po $< $@'
INTLTOOL__v_MERGE_0='@echo "  ITMRG " $@;'
INTLTOOL__v_MERGE_='$(INTLTOOL__v_MERGE_$(AM_DEFAULT_VERBOSITY))'
INTROSPECTION_CFLAGS='-pthread -I/home/shena/work/player/build/..//install//release/include/gobject-introspection-1.0 -I/home/shena/work/player/build/..//install//release/include/glib-2.0 -I/home/shena/work/player/build/..//install//release/lib/glib-2.0/include -I/home/shena/work/player/build/..//install//release/include'
INTROSPECTION_COMPILER='/home/shena/work/player/build/..//install//release/bin/g-ir-compiler'
INTROSPECTION_GENERATE='/home/shena/work/player/build/..//install//release/bin/g-ir-generate'
INTROSPECTION_GIRDIR='/home/shena/work/player/build/..//install//release/share/gir-1.0'
INTROSPECTION_LIBS='-L/home/shena/work/player/build/..//install//release/lib -lgirepository-1.0 -lgobject-2.0 -lglib-2.0'
INTROSPECTION_MAKEFILE='/home/shena/work/player/build/..//install//release/share/gobject-introspection-1.0/Makefile.introspection'
INTROSPECTION_SCANNER='/home/shena/work/player/build/..//install//release/bin/g-ir-scanner'
INTROSPECTION_TYPELIBDIR='/home/shena/work/player/build/..//install//release/lib/girepository-1.0'
LDFLAGS=''
LIBOBJS=''
LIBS=''
LTLIBOBJS=''
MAINT=''
MAINTAINER_MODE_FALSE='#'
MAINTAINER_MODE_TRUE=''
MAKEINFO='${SHELL} /home/shena/work/player/core/gsettings-desktop-schemas-3.22.0/missing makeinfo'
MKDIR_P='/bin/mkdir -p'
MKINSTALLDIRS='./mkinstalldirs'
MSGFMT='/usr/bin/msgfmt'
MSGFMT_OPTS='-c'
MSGMERGE='/usr/bin/msgmerge'
OBJEXT='o'
PACKAGE='gsettings-desktop-schemas'
PACKAGE_BUGREPORT='http://bugzilla.gnome.org/enter_bug.cgi?product=gsettings-desktop-schemas'
PACKAGE_NAME='gsettings-desktop-schemas'
PACKAGE_STRING='gsettings-desktop-schemas 3.22.0'
PACKAGE_TARNAME='gsettings-desktop-schemas'
PACKAGE_URL=''
PACKAGE_VERSION='3.22.0'
PATH_SEPARATOR=':'
PKG_CONFIG='/usr/bin/pkg-config'
PKG_CONFIG_LIBDIR=''
PKG_CONFIG_PATH='/home/shena/work/player/build/..//install//release//lib//pkgconfig:/usr/lib/pkgconfig:/usr/lib/x86_64-linux-gnu/pkgconfig:/usr/share/pkgconfig'
POFILES=''
POSUB='po'
PO_IN_DATADIR_FALSE=''
PO_IN_DATADIR_TRUE=''
SED='/bin/sed'
SET_MAKE=''
SHELL='/bin/bash'
STRIP=''
USE_NLS='yes'
VERSION='3.22.0'
XGETTEXT='/usr/bin/xgettext'
ac_ct_CC='gcc'
all-am: $(gsettings_SCHEMAS:.xml=.valid)
am__EXEEXT_FALSE=''
am__EXEEXT_TRUE='#'
am__fastdepCC_FALSE=''
am__fastdepCC_TRUE='#'
am__include='include'
am__isrc=''
am__leading_dot='.'
am__nodep='_no'
am__quote=''
am__tar='$${TAR-tar} chof - "$$tardir"'
am__untar='$${TAR-tar} xf -'
bindir='${exec_prefix}/bin'
build_alias=''
clean-gsettings-schemas:
datadir='${datarootdir}'
datarootdir='${prefix}/share'
docdir='${datarootdir}/doc/${PACKAGE_TARNAME}'
dvidir='${docdir}'
endif'
exec_prefix='${prefix}'
gsettings__enum_file = $(addsuffix .enums.xml,$(gsettings_ENUM_NAMESPACE))
gsettingsschemadir='${datarootdir}/glib-2.0/schemas'
host_alias=''
htmldir='${docdir}'
ifdef gsettings_ENUM_NAMESPACE
includedir='${prefix}/include'
infodir='${datarootdir}/info'
install-data-am: install-gsettings-schemas
install-gsettings-schemas: $(gsettings_SCHEMAS) $(gsettings__enum_file)
install_sh='${SHELL} /home/shena/work/player/core/gsettings-desktop-schemas-3.22.0/install-sh'
intltool__v_merge_options_0='-q'
intltool__v_merge_options_='$(intltool__v_merge_options_$(AM_DEFAULT_VERBOSITY))'
libdir='${exec_prefix}/lib'
libexecdir='${exec_prefix}/libexec'
localedir='${datarootdir}/locale'
localstatedir='${prefix}/var'
mandir='${datarootdir}/man'
mkdir_p='$(MKDIR_P)'
mostlyclean-am: clean-gsettings-schemas
oldincludedir='/usr/include'
pdfdir='${docdir}'
prefix='/home/shena/work/player/build/..//install//release'
program_transform_name='s,x,x,'
psdir='${docdir}'
sbindir='${exec_prefix}/sbin'
sharedstatedir='${prefix}/com'
sysconfdir='${prefix}/etc'
target_alias=''
uninstall-am: uninstall-gsettings-schemas
uninstall-gsettings-schemas:

## ----------- ##
## confdefs.h. ##
## ----------- ##

/* confdefs.h */
#define PACKAGE_NAME "gsettings-desktop-schemas"
#define PACKAGE_TARNAME "gsettings-desktop-schemas"
#define PACKAGE_VERSION "3.22.0"
#define PACKAGE_STRING "gsettings-desktop-schemas 3.22.0"
#define PACKAGE_BUGREPORT "http://bugzilla.gnome.org/enter_bug.cgi?product=gsettings-desktop-schemas"
#define PACKAGE_URL ""
#define PACKAGE "gsettings-desktop-schemas"
#define VERSION "3.22.0"
#define STDC_HEADERS 1
#define HAVE_SYS_TYPES_H 1
#define HAVE_SYS_STAT_H 1
#define HAVE_STDLIB_H 1
#define HAVE_STRING_H 1
#define HAVE_MEMORY_H 1
#define HAVE_STRINGS_H 1
#define HAVE_INTTYPES_H 1
#define HAVE_STDINT_H 1
#define HAVE_UNISTD_H 1
#define HAVE_LOCALE_H 1
#define HAVE_LC_MESSAGES 1
#define HAVE_BIND_TEXTDOMAIN_CODESET 1
#define HAVE_GETTEXT 1
#define HAVE_DCGETTEXT 1
#define ENABLE_NLS 1

configure: exit 0
