This file contains any messages produced by compilers while
running configure, to aid debugging if configure makes a mistake.

It was created by libsoup configure 2.56.0, which was
generated by GNU Autoconf 2.69.  Invocation command line was

  $ ./configure --prefix=/home/shena/work/player/build/..//install//release/ --disable-static --disable-vala

## --------- ##
## Platform. ##
## --------- ##

hostname = player1604
uname -m = x86_64
uname -r = 4.4.0-53-generic
uname -s = Linux
uname -v = #74-Ubuntu SMP Fri Dec 2 15:59:10 UTC 2016

/usr/bin/uname -p = unknown
/bin/uname -X     = unknown

/bin/arch              = unknown
/usr/bin/arch -k       = unknown
/usr/convex/getsysinfo = unknown
/usr/bin/hostinfo      = unknown
/bin/machine           = unknown
/usr/bin/oslevel       = unknown
/bin/universe          = unknown

PATH: /home/shena/work/player/build/..//install//release//bin/
PATH: /home/shena/work/player/build/..//install//release//bin/
PATH: /home/shena/work/player/build/..//install//release//bin/
PATH: /home/shena/work/player/build/..//install//release//bin/
PATH: /home/shena/work/player/build/..//install//release//bin/
PATH: /home/shena/work/player/build/..//install//release//bin/
PATH: /home/shena/work/player/build/..//install//release//bin/
PATH: /home/shena/work/player/build/..//install//release//bin/
PATH: /home/shena/work/player/build/..//install//release//bin/
PATH: /home/shena/work/player/build/..//install//release//bin/
PATH: /home/shena/work/player/build/..//install//release//bin/
PATH: /home/shena/work/player/build/..//install//release//bin/
PATH: /home/shena/work/player/build/..//install//release//bin/
PATH: /home/shena/work/player/build/..//install//release//bin/
PATH: /home/shena/work/player/build/..//install//release//bin/
PATH: /home/shena/work/player/build/..//install//release//bin/
PATH: /home/shena/work/player/build/..//install//release//bin/
PATH: /home/shena/work/player/build/..//install//release//bin/
PATH: /home/shena/work/player/build/..//install//release//bin/
PATH: /home/shena/work/player/build/..//install//release//bin/
PATH: /home/shena/work/player/build/..//install//release//bin/
PATH: /home/shena/work/player/build/..//install//release//bin/
PATH: /home/shena/work/player/build/..//install//release//bin/
PATH: /home/shena/work/player/build/..//install//release//bin/
PATH: /home/shena/work/player/build/..//install//release//bin/
PATH: /home/shena/work/player/build/..//install//release//bin/
PATH: /home/shena/work/player/build/..//install//release//bin/
PATH: /home/shena/work/player/build/..//install//release//bin/
PATH: /home/shena/work/player/build/..//install//release//bin/
PATH: /usr/local/sbin
PATH: /usr/local/bin
PATH: /usr/sbin
PATH: /usr/bin
PATH: /sbin
PATH: /bin
PATH: /usr/games
PATH: /usr/local/games
PATH: /snap/bin


## ----------- ##
## Core tests. ##
## ----------- ##

configure:2443: checking for a BSD-compatible install
configure:2511: result: /usr/bin/install -c
configure:2522: checking whether build environment is sane
configure:2577: result: yes
configure:2728: checking for a thread-safe mkdir -p
configure:2767: result: /bin/mkdir -p
configure:2774: checking for gawk
configure:2804: result: no
configure:2774: checking for mawk
configure:2790: found /usr/bin/mawk
configure:2801: result: mawk
configure:2812: checking whether make sets $(MAKE)
configure:2834: result: yes
configure:2863: checking whether make supports nested variables
configure:2880: result: yes
configure:3017: checking whether make supports nested variables
configure:3034: result: yes
configure:3046: checking whether make sets $(MAKE)
configure:3068: result: yes
configure:3174: checking for gcc
configure:3190: found /usr/bin/gcc
configure:3201: result: gcc
configure:3430: checking for C compiler version
configure:3439: gcc --version >&5
gcc (Ubuntu 5.4.0-6ubuntu1~16.04.4) 5.4.0 20160609
Copyright (C) 2015 Free Software Foundation, Inc.
This is free software; see the source for copying conditions.  There is NO
warranty; not even for MERCHANTABILITY or FITNESS FOR A PARTICULAR PURPOSE.

configure:3450: $? = 0
configure:3439: gcc -v >&5
Using built-in specs.
COLLECT_GCC=gcc
COLLECT_LTO_WRAPPER=/usr/lib/gcc/x86_64-linux-gnu/5/lto-wrapper
Target: x86_64-linux-gnu
Configured with: ../src/configure -v --with-pkgversion='Ubuntu 5.4.0-6ubuntu1~16.04.4' --with-bugurl=file:///usr/share/doc/gcc-5/README.Bugs --enable-languages=c,ada,c++,java,go,d,fortran,objc,obj-c++ --prefix=/usr --program-suffix=-5 --enable-shared --enable-linker-build-id --libexecdir=/usr/lib --without-included-gettext --enable-threads=posix --libdir=/usr/lib --enable-nls --with-sysroot=/ --enable-clocale=gnu --enable-libstdcxx-debug --enable-libstdcxx-time=yes --with-default-libstdcxx-abi=new --enable-gnu-unique-object --disable-vtable-verify --enable-libmpx --enable-plugin --with-system-zlib --disable-browser-plugin --enable-java-awt=gtk --enable-gtk-cairo --with-java-home=/usr/lib/jvm/java-1.5.0-gcj-5-amd64/jre --enable-java-home --with-jvm-root-dir=/usr/lib/jvm/java-1.5.0-gcj-5-amd64 --with-jvm-jar-dir=/usr/lib/jvm-exports/java-1.5.0-gcj-5-amd64 --with-arch-directory=amd64 --with-ecj-jar=/usr/share/java/eclipse-ecj.jar --enable-objc-gc --enable-multiarch --disable-werror --with-arch-32=i686 --with-abi=m64 --with-multilib-list=m32,m64,mx32 --enable-multilib --with-tune=generic --enable-checking=release --build=x86_64-linux-gnu --host=x86_64-linux-gnu --target=x86_64-linux-gnu
Thread model: posix
gcc version 5.4.0 20160609 (Ubuntu 5.4.0-6ubuntu1~16.04.4) 
configure:3450: $? = 0
configure:3439: gcc -V >&5
gcc: error: unrecognized command line option '-V'
gcc: fatal error: no input files
compilation terminated.
configure:3450: $? = 1
configure:3439: gcc -qversion >&5
gcc: error: unrecognized command line option '-qversion'
gcc: fatal error: no input files
compilation terminated.
configure:3450: $? = 1
configure:3470: checking whether the C compiler works
configure:3492: gcc    conftest.c  >&5
configure:3496: $? = 0
configure:3544: result: yes
configure:3547: checking for C compiler default output file name
configure:3549: result: a.out
configure:3555: checking for suffix of executables
configure:3562: gcc -o conftest    conftest.c  >&5
configure:3566: $? = 0
configure:3588: result: 
configure:3610: checking whether we are cross compiling
configure:3618: gcc -o conftest    conftest.c  >&5
configure:3622: $? = 0
configure:3629: ./conftest
configure:3633: $? = 0
configure:3648: result: no
configure:3653: checking for suffix of object files
configure:3675: gcc -c   conftest.c >&5
configure:3679: $? = 0
configure:3700: result: o
configure:3704: checking whether we are using the GNU C compiler
configure:3723: gcc -c   conftest.c >&5
configure:3723: $? = 0
configure:3732: result: yes
configure:3741: checking whether gcc accepts -g
configure:3761: gcc -c -g  conftest.c >&5
configure:3761: $? = 0
configure:3802: result: yes
configure:3819: checking for gcc option to accept ISO C89
configure:3882: gcc  -c -g -O2  conftest.c >&5
configure:3882: $? = 0
configure:3895: result: none needed
configure:3920: checking whether gcc understands -c and -o together
configure:3942: gcc -c conftest.c -o conftest2.o
configure:3945: $? = 0
configure:3942: gcc -c conftest.c -o conftest2.o
configure:3945: $? = 0
configure:3957: result: yes
configure:3985: checking for style of include used by make
configure:4013: result: GNU
configure:4039: checking dependency style of gcc
configure:4150: result: gcc3
configure:4197: checking build system type
configure:4211: result: x86_64-unknown-linux-gnu
configure:4231: checking host system type
configure:4244: result: x86_64-unknown-linux-gnu
configure:4285: checking how to print strings
configure:4312: result: printf
configure:4333: checking for a sed that does not truncate output
configure:4397: result: /bin/sed
configure:4415: checking for grep that handles long lines and -e
configure:4473: result: /bin/grep
configure:4478: checking for egrep
configure:4540: result: /bin/grep -E
configure:4545: checking for fgrep
configure:4607: result: /bin/grep -F
configure:4642: checking for ld used by gcc
configure:4709: result: /usr/bin/ld
configure:4716: checking if the linker (/usr/bin/ld) is GNU ld
configure:4731: result: yes
configure:4743: checking for BSD- or MS-compatible name lister (nm)
configure:4797: result: /usr/bin/nm -B
configure:4927: checking the name lister (/usr/bin/nm -B) interface
configure:4934: gcc -c -g -O2  conftest.c >&5
configure:4937: /usr/bin/nm -B "conftest.o"
configure:4940: output
0000000000000000 B some_variable
configure:4947: result: BSD nm
configure:4950: checking whether ln -s works
configure:4954: result: yes
configure:4962: checking the maximum length of command line arguments
configure:5093: result: 1572864
configure:5141: checking how to convert x86_64-unknown-linux-gnu file names to x86_64-unknown-linux-gnu format
configure:5181: result: func_convert_file_noop
configure:5188: checking how to convert x86_64-unknown-linux-gnu file names to toolchain format
configure:5208: result: func_convert_file_noop
configure:5215: checking for /usr/bin/ld option to reload object files
configure:5222: result: -r
configure:5296: checking for objdump
configure:5312: found /usr/bin/objdump
configure:5323: result: objdump
configure:5352: checking how to recognize dependent libraries
configure:5552: result: pass_all
configure:5637: checking for dlltool
configure:5667: result: no
configure:5694: checking how to associate runtime and link libraries
configure:5721: result: printf %s\n
configure:5782: checking for ar
configure:5798: found /usr/bin/ar
configure:5809: result: ar
configure:5846: checking for archiver @FILE support
configure:5863: gcc -c -g -O2  conftest.c >&5
configure:5863: $? = 0
configure:5866: ar cru libconftest.a @conftest.lst >&5
ar: `u' modifier ignored since `D' is the default (see `U')
configure:5869: $? = 0
configure:5874: ar cru libconftest.a @conftest.lst >&5
ar: `u' modifier ignored since `D' is the default (see `U')
ar: conftest.o: No such file or directory
configure:5877: $? = 1
configure:5889: result: @
configure:5947: checking for strip
configure:5963: found /usr/bin/strip
configure:5974: result: strip
configure:6046: checking for ranlib
configure:6062: found /usr/bin/ranlib
configure:6073: result: ranlib
configure:6175: checking command to parse /usr/bin/nm -B output from gcc object
configure:6328: gcc -c -g -O2  conftest.c >&5
configure:6331: $? = 0
configure:6335: /usr/bin/nm -B conftest.o \| sed -n -e 's/^.*[ ]\([ABCDGIRSTW][ABCDGIRSTW]*\)[ ][ ]*\([_A-Za-z][_A-Za-z0-9]*\)$/\1 \2 \2/p' | sed '/ __gnu_lto/d' \> conftest.nm
configure:6338: $? = 0
configure:6404: gcc -o conftest -g -O2   conftest.c conftstm.o >&5
configure:6407: $? = 0
configure:6445: result: ok
configure:6492: checking for sysroot
configure:6522: result: no
configure:6529: checking for a working dd
configure:6567: result: /bin/dd
configure:6571: checking how to truncate binary pipes
configure:6586: result: /bin/dd bs=4096 count=1
configure:6722: gcc -c -g -O2  conftest.c >&5
configure:6725: $? = 0
configure:6915: checking for mt
configure:6931: found /bin/mt
configure:6942: result: mt
configure:6965: checking if mt is a manifest tool
configure:6971: mt '-?'
configure:6979: result: no
configure:7656: checking how to run the C preprocessor
configure:7687: gcc -E  conftest.c
configure:7687: $? = 0
configure:7701: gcc -E  conftest.c
conftest.c:11:28: fatal error: ac_nonexistent.h: No such file or directory
compilation terminated.
configure:7701: $? = 1
configure: failed program was:
| /* confdefs.h */
| #define PACKAGE_NAME "libsoup"
| #define PACKAGE_TARNAME "libsoup"
| #define PACKAGE_VERSION "2.56.0"
| #define PACKAGE_STRING "libsoup 2.56.0"
| #define PACKAGE_BUGREPORT "http://bugzilla.gnome.org/enter_bug.cgi?product=libsoup"
| #define PACKAGE_URL ""
| #define PACKAGE "libsoup"
| #define VERSION "2.56.0"
| /* end confdefs.h.  */
| #include <ac_nonexistent.h>
configure:7726: result: gcc -E
configure:7746: gcc -E  conftest.c
configure:7746: $? = 0
configure:7760: gcc -E  conftest.c
conftest.c:11:28: fatal error: ac_nonexistent.h: No such file or directory
compilation terminated.
configure:7760: $? = 1
configure: failed program was:
| /* confdefs.h */
| #define PACKAGE_NAME "libsoup"
| #define PACKAGE_TARNAME "libsoup"
| #define PACKAGE_VERSION "2.56.0"
| #define PACKAGE_STRING "libsoup 2.56.0"
| #define PACKAGE_BUGREPORT "http://bugzilla.gnome.org/enter_bug.cgi?product=libsoup"
| #define PACKAGE_URL ""
| #define PACKAGE "libsoup"
| #define VERSION "2.56.0"
| /* end confdefs.h.  */
| #include <ac_nonexistent.h>
configure:7789: checking for ANSI C header files
configure:7809: gcc -c -g -O2  conftest.c >&5
configure:7809: $? = 0
configure:7882: gcc -o conftest -g -O2   conftest.c  >&5
configure:7882: $? = 0
configure:7882: ./conftest
configure:7882: $? = 0
configure:7893: result: yes
configure:7906: checking for sys/types.h
configure:7906: gcc -c -g -O2  conftest.c >&5
configure:7906: $? = 0
configure:7906: result: yes
configure:7906: checking for sys/stat.h
configure:7906: gcc -c -g -O2  conftest.c >&5
configure:7906: $? = 0
configure:7906: result: yes
configure:7906: checking for stdlib.h
configure:7906: gcc -c -g -O2  conftest.c >&5
configure:7906: $? = 0
configure:7906: result: yes
configure:7906: checking for string.h
configure:7906: gcc -c -g -O2  conftest.c >&5
configure:7906: $? = 0
configure:7906: result: yes
configure:7906: checking for memory.h
configure:7906: gcc -c -g -O2  conftest.c >&5
configure:7906: $? = 0
configure:7906: result: yes
configure:7906: checking for strings.h
configure:7906: gcc -c -g -O2  conftest.c >&5
configure:7906: $? = 0
configure:7906: result: yes
configure:7906: checking for inttypes.h
configure:7906: gcc -c -g -O2  conftest.c >&5
configure:7906: $? = 0
configure:7906: result: yes
configure:7906: checking for stdint.h
configure:7906: gcc -c -g -O2  conftest.c >&5
configure:7906: $? = 0
configure:7906: result: yes
configure:7906: checking for unistd.h
configure:7906: gcc -c -g -O2  conftest.c >&5
configure:7906: $? = 0
configure:7906: result: yes
configure:7920: checking for dlfcn.h
configure:7920: gcc -c -g -O2  conftest.c >&5
configure:7920: $? = 0
configure:7920: result: yes
configure:8474: checking for objdir
configure:8489: result: .libs
configure:8753: checking if gcc supports -fno-rtti -fno-exceptions
configure:8771: gcc -c -g -O2  -fno-rtti -fno-exceptions conftest.c >&5
cc1: warning: command line option '-fno-rtti' is valid for C++/ObjC++ but not for C
configure:8775: $? = 0
configure:8788: result: no
configure:9146: checking for gcc option to produce PIC
configure:9153: result: -fPIC -DPIC
configure:9161: checking if gcc PIC flag -fPIC -DPIC works
configure:9179: gcc -c -g -O2  -fPIC -DPIC -DPIC conftest.c >&5
configure:9183: $? = 0
configure:9196: result: yes
configure:9225: checking if gcc static flag -static works
configure:9253: result: yes
configure:9268: checking if gcc supports -c -o file.o
configure:9289: gcc -c -g -O2  -o out/conftest2.o conftest.c >&5
configure:9293: $? = 0
configure:9315: result: yes
configure:9323: checking if gcc supports -c -o file.o
configure:9370: result: yes
configure:9403: checking whether the gcc linker (/usr/bin/ld -m elf_x86_64) supports shared libraries
configure:10662: result: yes
configure:10699: checking whether -lc should be explicitly linked in
configure:10707: gcc -c -g -O2  conftest.c >&5
configure:10710: $? = 0
configure:10725: gcc -shared  -fPIC -DPIC conftest.o  -v -Wl,-soname -Wl,conftest -o conftest 2\>\&1 \| /bin/grep  -lc  \>/dev/null 2\>\&1
configure:10728: $? = 0
configure:10742: result: no
configure:10902: checking dynamic linker characteristics
configure:11483: gcc -o conftest -g -O2   -Wl,-rpath -Wl,/foo conftest.c  >&5
configure:11483: $? = 0
configure:11723: result: GNU/Linux ld.so
configure:11845: checking how to hardcode library paths into programs
configure:11870: result: immediate
configure:12418: checking whether stripping libraries is possible
configure:12423: result: yes
configure:12458: checking if libtool supports shared libraries
configure:12460: result: yes
configure:12463: checking whether to build shared libraries
configure:12488: result: yes
configure:12491: checking whether to build static libraries
configure:12495: result: no
configure:12619: checking for pkg-config
configure:12637: found /usr/bin/pkg-config
configure:12649: result: /usr/bin/pkg-config
configure:12674: checking pkg-config is at least version 0.16
configure:12677: result: yes
configure:12694: checking for GLIB - version >= 2.38.0
configure:12806: gcc -o conftest -g -O2 -pthread -I/home/shena/work/player/build/..//install//release/include/glib-2.0 -I/home/shena/work/player/build/..//install//release/lib/glib-2.0/include -I/home/shena/work/player/build/..//install//release/include   conftest.c -L/home/shena/work/player/build/..//install//release/lib -lgio-2.0 -lgobject-2.0 -lglib-2.0  >&5
configure:12806: $? = 0
configure:12806: ./conftest
configure:12806: $? = 0
configure:12820: result: yes (version 2.50.2)
configure:12941: checking for XML
configure:12948: $PKG_CONFIG --exists --print-errors "libxml-2.0"
configure:12951: $? = 0
configure:12965: $PKG_CONFIG --exists --print-errors "libxml-2.0"
configure:12968: $? = 0
configure:13026: result: yes
configure:13035: checking for SQLITE
configure:13042: $PKG_CONFIG --exists --print-errors "sqlite3"
configure:13045: $? = 0
configure:13059: $PKG_CONFIG --exists --print-errors "sqlite3"
configure:13062: $? = 0
configure:13120: result: yes
configure:13128: checking for Win32
configure:13145: result: no
configure:13165: checking whether NLS is requested
configure:13174: result: yes
configure:13192: checking for intltool >= 0.35.0
configure:13194: result: 0.51.0 found
configure:13202: checking for intltool-update
configure:13220: found /usr/bin/intltool-update
configure:13232: result: /usr/bin/intltool-update
configure:13242: checking for intltool-merge
configure:13260: found /usr/bin/intltool-merge
configure:13272: result: /usr/bin/intltool-merge
configure:13282: checking for intltool-extract
configure:13300: found /usr/bin/intltool-extract
configure:13312: result: /usr/bin/intltool-extract
configure:13466: checking for xgettext
configure:13484: found /usr/bin/xgettext
configure:13496: result: /usr/bin/xgettext
configure:13506: checking for msgmerge
configure:13524: found /usr/bin/msgmerge
configure:13536: result: /usr/bin/msgmerge
configure:13546: checking for msgfmt
configure:13564: found /usr/bin/msgfmt
configure:13576: result: /usr/bin/msgfmt
configure:13586: checking for gmsgfmt
configure:13617: result: /usr/bin/msgfmt
configure:13637: checking for perl
configure:13655: found /usr/bin/perl
configure:13667: result: /usr/bin/perl
configure:13678: checking for perl >= 5.8.1
configure:13685: result: 5.22.1
configure:13689: checking for XML::Parser
configure:13692: result: ok
configure:13715: checking for gmtime_r
configure:13715: gcc -o conftest -g -O2   conftest.c  >&5
configure:13715: $? = 0
configure:13715: result: yes
configure:13725: checking whether to build libsoup-gnome
configure:13735: result: yes
configure:13762: checking for gtk-doc
configure:13765: $PKG_CONFIG --exists --print-errors "$gtk_doc_requires"
Package gtk-doc was not found in the pkg-config search path.
Perhaps you should add the directory containing `gtk-doc.pc'
to the PKG_CONFIG_PATH environment variable
No package 'gtk-doc' found
configure:13768: $? = 1
configure:13774: result: no
configure:13780: WARNING:
  You will not be able to create source packages with 'make dist'
  because gtk-doc >= 1.20 is not found.
configure:13788: checking for gtkdoc-check
configure:13818: result: no
configure:13825: checking for gtkdoc-check
configure:13858: result: no
configure:13867: checking for gtkdoc-rebase
configure:13900: result: no
configure:13911: checking for gtkdoc-mkpdf
configure:13944: result: no
configure:13969: checking whether to build gtk-doc documentation
configure:13971: result: no
configure:13984: checking for GTKDOC_DEPS
configure:13991: $PKG_CONFIG --exists --print-errors "glib-2.0 >= 2.10.0 gobject-2.0  >= 2.10.0"
configure:13994: $? = 0
configure:14008: $PKG_CONFIG --exists --print-errors "glib-2.0 >= 2.10.0 gobject-2.0  >= 2.10.0"
configure:14011: $? = 0
configure:14049: result: yes
configure:14141: checking for gobject-introspection
configure:14172: $PKG_CONFIG --exists --print-errors "gobject-introspection-1.0 >= 0.9.5"
configure:14175: $? = 0
configure:14186: result: yes
configure:14229: checking for valac
configure:14247: found /home/shena/work/player/build/..//install//release//bin//valac
configure:14260: result: /home/shena/work/player/build/..//install//release//bin//valac
configure:14542: checking for glib-networking (glib TLS implementation)
configure:14562: gcc -o conftest -g -O2 -pthread -I/home/shena/work/player/build/..//install//release/include/glib-2.0 -I/home/shena/work/player/build/..//install//release/lib/glib-2.0/include -I/home/shena/work/player/build/..//install//release/include -DGLIB_VERSION_MIN_REQUIRED=GLIB_VERSION_2_38   conftest.c  -L/home/shena/work/player/build/..//install//release/lib -lgio-2.0 -lgobject-2.0 -lglib-2.0 >&5
configure:14562: $? = 0
configure:14562: ./conftest
configure:14562: $? = 0
configure:14573: result: yes
configure:14590: checking for programs needed for regression tests
configure:14602: checking for httpd2
configure:14636: result: no
configure:14602: checking for httpd
configure:14636: result: no
configure:14602: checking for apache2
configure:14636: result: no
configure:14602: checking for apache
configure:14636: result: no
configure:14832: checking for curl
configure:14850: found /usr/bin/curl
configure:14863: result: /usr/bin/curl
configure:14913: checking whether to build with code coverage support
configure:14933: result: no
configure:15312: checking for krb5-config
configure:15346: result: no
configure:15407: checking for -fvisibility=hidden compiler flag
configure:15420: gcc -c -fvisibility=hidden  conftest.c >&5
configure:15420: $? = 0
configure:15421: result: yes
configure:15558: checking that generated files are newer than configure
configure:15564: result: done
configure:15659: creating ./config.status

## ---------------------- ##
## Running config.status. ##
## ---------------------- ##

This file was extended by libsoup config.status 2.56.0, which was
generated by GNU Autoconf 2.69.  Invocation command line was

  CONFIG_FILES    = 
  CONFIG_HEADERS  = 
  CONFIG_LINKS    = 
  CONFIG_COMMANDS = 
  $ ./config.status 

on player1604

config.status:1397: creating libsoup-2.4.pc
config.status:1397: creating libsoup-gnome-2.4.pc
config.status:1397: creating Makefile
config.status:1397: creating libsoup-zip
config.status:1397: creating libsoup/Makefile
config.status:1397: creating po/Makefile.in
config.status:1397: creating po/Makefile
config.status:1397: creating tests/Makefile
config.status:1397: creating examples/Makefile
config.status:1397: creating docs/Makefile
config.status:1397: creating docs/reference/Makefile
config.status:1397: creating libsoup/soup-version.h
config.status:1397: creating config.h.win32
config.status:1397: creating build/win32/Makefile
config.status:1397: creating build/win32/vs9/Makefile
config.status:1397: creating build/win32/vs9/soup-gen-srcs.vsprops
config.status:1397: creating build/win32/vs10/Makefile
config.status:1397: creating build/win32/vs10/soup-gen-srcs.props
config.status:1397: creating build/win32/vs11/Makefile
config.status:1397: creating build/win32/vs12/Makefile
config.status:1397: creating build/win32/vs14/Makefile
config.status:1397: creating config.h
config.status:1578: config.h is unchanged
config.status:1626: executing depfiles commands
config.status:1626: executing libtool commands
config.status:1626: executing po/stamp-it commands

## ---------------- ##
## Cache variables. ##
## ---------------- ##

ac_cv_build=x86_64-unknown-linux-gnu
ac_cv_c_compiler_gnu=yes
ac_cv_env_CC_set=
ac_cv_env_CC_value=
ac_cv_env_CFLAGS_set=
ac_cv_env_CFLAGS_value=
ac_cv_env_CPPFLAGS_set=
ac_cv_env_CPPFLAGS_value=
ac_cv_env_CPP_set=
ac_cv_env_CPP_value=
ac_cv_env_GTKDOC_DEPS_CFLAGS_set=
ac_cv_env_GTKDOC_DEPS_CFLAGS_value=
ac_cv_env_GTKDOC_DEPS_LIBS_set=
ac_cv_env_GTKDOC_DEPS_LIBS_value=
ac_cv_env_LDFLAGS_set=
ac_cv_env_LDFLAGS_value=
ac_cv_env_LIBS_set=
ac_cv_env_LIBS_value=
ac_cv_env_LT_SYS_LIBRARY_PATH_set=
ac_cv_env_LT_SYS_LIBRARY_PATH_value=
ac_cv_env_PKG_CONFIG_LIBDIR_set=
ac_cv_env_PKG_CONFIG_LIBDIR_value=
ac_cv_env_PKG_CONFIG_PATH_set=set
ac_cv_env_PKG_CONFIG_PATH_value=/home/shena/work/player/build/..//install//release//lib//pkgconfig:/usr/lib/pkgconfig:/usr/lib/x86_64-linux-gnu/pkgconfig:/usr/share/pkgconfig
ac_cv_env_PKG_CONFIG_set=
ac_cv_env_PKG_CONFIG_value=
ac_cv_env_SQLITE_CFLAGS_set=
ac_cv_env_SQLITE_CFLAGS_value=
ac_cv_env_SQLITE_LIBS_set=
ac_cv_env_SQLITE_LIBS_value=
ac_cv_env_XML_CFLAGS_set=
ac_cv_env_XML_CFLAGS_value=
ac_cv_env_XML_LIBS_set=
ac_cv_env_XML_LIBS_value=
ac_cv_env_build_alias_set=
ac_cv_env_build_alias_value=
ac_cv_env_host_alias_set=
ac_cv_env_host_alias_value=
ac_cv_env_target_alias_set=
ac_cv_env_target_alias_value=
ac_cv_func_gmtime_r=yes
ac_cv_header_dlfcn_h=yes
ac_cv_header_inttypes_h=yes
ac_cv_header_memory_h=yes
ac_cv_header_stdc=yes
ac_cv_header_stdint_h=yes
ac_cv_header_stdlib_h=yes
ac_cv_header_string_h=yes
ac_cv_header_strings_h=yes
ac_cv_header_sys_stat_h=yes
ac_cv_header_sys_types_h=yes
ac_cv_header_unistd_h=yes
ac_cv_host=x86_64-unknown-linux-gnu
ac_cv_objext=o
ac_cv_path_CURL=/usr/bin/curl
ac_cv_path_EGREP='/bin/grep -E'
ac_cv_path_FGREP='/bin/grep -F'
ac_cv_path_GMSGFMT=/usr/bin/msgfmt
ac_cv_path_GREP=/bin/grep
ac_cv_path_INTLTOOL_EXTRACT=/usr/bin/intltool-extract
ac_cv_path_INTLTOOL_MERGE=/usr/bin/intltool-merge
ac_cv_path_INTLTOOL_PERL=/usr/bin/perl
ac_cv_path_INTLTOOL_UPDATE=/usr/bin/intltool-update
ac_cv_path_MSGFMT=/usr/bin/msgfmt
ac_cv_path_MSGMERGE=/usr/bin/msgmerge
ac_cv_path_SED=/bin/sed
ac_cv_path_VALAC=/home/shena/work/player/build/..//install//release//bin//valac
ac_cv_path_XGETTEXT=/usr/bin/xgettext
ac_cv_path_ac_pt_PKG_CONFIG=/usr/bin/pkg-config
ac_cv_path_install='/usr/bin/install -c'
ac_cv_path_lt_DD=/bin/dd
ac_cv_path_mkdir=/bin/mkdir
ac_cv_prog_AWK=mawk
ac_cv_prog_CPP='gcc -E'
ac_cv_prog_ac_ct_AR=ar
ac_cv_prog_ac_ct_CC=gcc
ac_cv_prog_ac_ct_MANIFEST_TOOL=mt
ac_cv_prog_ac_ct_OBJDUMP=objdump
ac_cv_prog_ac_ct_RANLIB=ranlib
ac_cv_prog_ac_ct_STRIP=strip
ac_cv_prog_cc_c89=
ac_cv_prog_cc_g=yes
ac_cv_prog_make_make_set=yes
am_cv_CC_dependencies_compiler_type=gcc3
am_cv_make_support_nested_variables=yes
am_cv_prog_cc_c_o=yes
lt_cv_ar_at_file=@
lt_cv_archive_cmds_need_lc=no
lt_cv_deplibs_check_method=pass_all
lt_cv_file_magic_cmd='$MAGIC_CMD'
lt_cv_file_magic_test_file=
lt_cv_ld_reload_flag=-r
lt_cv_nm_interface='BSD nm'
lt_cv_objdir=.libs
lt_cv_path_LD=/usr/bin/ld
lt_cv_path_NM='/usr/bin/nm -B'
lt_cv_path_mainfest_tool=no
lt_cv_prog_compiler_c_o=yes
lt_cv_prog_compiler_pic='-fPIC -DPIC'
lt_cv_prog_compiler_pic_works=yes
lt_cv_prog_compiler_rtti_exceptions=no
lt_cv_prog_compiler_static_works=yes
lt_cv_prog_gnu_ld=yes
lt_cv_sharedlib_from_linklib_cmd='printf %s\n'
lt_cv_shlibpath_overrides_runpath=no
lt_cv_sys_global_symbol_pipe='sed -n -e '\''s/^.*[	 ]\([ABCDGIRSTW][ABCDGIRSTW]*\)[	 ][	 ]*\([_A-Za-z][_A-Za-z0-9]*\)$/\1 \2 \2/p'\'' | sed '\''/ __gnu_lto/d'\'''
lt_cv_sys_global_symbol_to_c_name_address='sed -n -e '\''s/^: \(.*\) .*$/  {"\1", (void *) 0},/p'\'' -e '\''s/^[ABCDGIRSTW][ABCDGIRSTW]* .* \(.*\)$/  {"\1", (void *) \&\1},/p'\'''
lt_cv_sys_global_symbol_to_c_name_address_lib_prefix='sed -n -e '\''s/^: \(.*\) .*$/  {"\1", (void *) 0},/p'\'' -e '\''s/^[ABCDGIRSTW][ABCDGIRSTW]* .* \(lib.*\)$/  {"\1", (void *) \&\1},/p'\'' -e '\''s/^[ABCDGIRSTW][ABCDGIRSTW]* .* \(.*\)$/  {"lib\1", (void *) \&\1},/p'\'''
lt_cv_sys_global_symbol_to_cdecl='sed -n -e '\''s/^T .* \(.*\)$/extern int \1();/p'\'' -e '\''s/^[ABCDGIRSTW][ABCDGIRSTW]* .* \(.*\)$/extern char \1;/p'\'''
lt_cv_sys_global_symbol_to_import=
lt_cv_sys_max_cmd_len=1572864
lt_cv_to_host_file_cmd=func_convert_file_noop
lt_cv_to_tool_file_cmd=func_convert_file_noop
lt_cv_truncate_bin='/bin/dd bs=4096 count=1'
pkg_cv_GTKDOC_DEPS_CFLAGS='-I/home/shena/work/player/build/..//install//release/include/glib-2.0 -I/home/shena/work/player/build/..//install//release/lib/glib-2.0/include -I/home/shena/work/player/build/..//install//release/include'
pkg_cv_GTKDOC_DEPS_LIBS='-L/home/shena/work/player/build/..//install//release/lib -lgobject-2.0 -lglib-2.0'
pkg_cv_SQLITE_CFLAGS=-I/home/shena/work/player/build/..//install//release/include
pkg_cv_SQLITE_LIBS='-L/home/shena/work/player/build/..//install//release/lib -lsqlite3'
pkg_cv_XML_CFLAGS=-I/home/shena/work/player/build/..//install//release/include/libxml2
pkg_cv_XML_LIBS='-L/home/shena/work/player/build/..//install//release/lib -lxml2'

## ----------------- ##
## Output variables. ##
## ----------------- ##











	$(AM_V_at)$(MAKE) $(AM_MAKEFLAGS) code-coverage-capture
	$(code_coverage_v_genhtml)LANG=C $(GENHTML) $(code_coverage_quiet) $(addprefix --prefix ,$(CODE_COVERAGE_DIRECTORY)) --output-directory "$(CODE_COVERAGE_OUTPUT_DIRECTORY)" --title "$(PACKAGE_NAME)-$(PACKAGE_VERSION) Code Coverage" --legend --show-details "$(CODE_COVERAGE_OUTPUT_FILE)" $(CODE_COVERAGE_GENHTML_OPTIONS)
	$(code_coverage_v_lcov_cap)$(LCOV) $(code_coverage_quiet) $(addprefix --directory ,$(CODE_COVERAGE_DIRECTORY)) --capture --output-file "$(CODE_COVERAGE_OUTPUT_FILE).tmp" --test-name "$(call code_coverage_sanitize,$(PACKAGE_NAME)-$(PACKAGE_VERSION))" --no-checksum --compat-libtool $(CODE_COVERAGE_LCOV_SHOPTS) $(CODE_COVERAGE_LCOV_OPTIONS)
	$(code_coverage_v_lcov_ign)$(LCOV) $(code_coverage_quiet) $(addprefix --directory ,$(CODE_COVERAGE_DIRECTORY)) --remove "$(CODE_COVERAGE_OUTPUT_FILE).tmp" "/tmp/*" $(CODE_COVERAGE_IGNORE_PATTERN) --output-file "$(CODE_COVERAGE_OUTPUT_FILE)" $(CODE_COVERAGE_LCOV_SHOPTS) $(CODE_COVERAGE_LCOV_RMOPTS)
	-$(AM_V_at)$(MAKE) $(AM_MAKEFLAGS) -k check
	-$(LCOV) --directory $(top_builddir) -z
	-@rm -f $(CODE_COVERAGE_OUTPUT_FILE).tmp
	-find . \( -name "*.gcda" -o -name "*.gcno" -o -name "*.gcov" \) -delete
	-rm -rf $(CODE_COVERAGE_OUTPUT_FILE) $(CODE_COVERAGE_OUTPUT_FILE).tmp $(CODE_COVERAGE_OUTPUT_DIRECTORY)
	@echo "Need to reconfigure with --enable-code-coverage"
	@echo "Need to reconfigure with --enable-code-coverage"
	@echo "file://$(abs_builddir)/$(CODE_COVERAGE_OUTPUT_DIRECTORY)/index.html"
 $(CODE_COVERAGE_IGNORE_PATTERN);
 $(CODE_COVERAGE_OUTPUT_FILE);
#
#
#    $(PACKAGE_NAME)-$(PACKAGE_VERSION)-coverage)
#    $(PACKAGE_NAME)-$(PACKAGE_VERSION)-coverage.info)
#    (Default: $(top_builddir))
#    (Default: empty)
#    Multiple directories may be specified, separated by whitespace.
#    by lcov for code coverage. (Default:
#    collecting lcov instance. (Default: $CODE_COVERAGE_LCOV_OPTIONS_GCOVPATH)
#    genhtml instance. (Default: based on $CODE_COVERAGE_BRANCH_COVERAGE)
#    instance. (Default: $CODE_COVERAGE_GENHTML_OPTIONS_DEFAULT)
#    instance. (Default: $CODE_COVERAGE_LCOV_OPTIONS_DEFAULT)
#    instance. (Default: $CODE_COVERAGE_LCOV_RMOPTS_DEFAULT)
#    instances. (Default: $CODE_COVERAGE_LCOV_SHOPTS_DEFAULT)
#    instances. (Default: based on $CODE_COVERAGE_BRANCH_COVERAGE)
#    lcov instance. (Default: empty)
#    reports to be created. (Default:
#    set to 0 to disable it and leave empty to stay with the default.
#  - CODE_COVERAGE_BRANCH_COVERAGE: Set to 1 to enforce branch coverage,
#  - CODE_COVERAGE_DIRECTORY: Top-level directory for code coverage reporting.
#  - CODE_COVERAGE_GENHTML_OPTIONS: Extra options to pass to the genhtml
#  - CODE_COVERAGE_GENHTML_OPTIONS_DEFAULT: Extra options to pass to the
#  - CODE_COVERAGE_IGNORE_PATTERN: Extra glob pattern of files to ignore
#  - CODE_COVERAGE_LCOV_OPTIONS: Extra options to pass to the collecting lcov
#  - CODE_COVERAGE_LCOV_OPTIONS_DEFAULT: Extra options to pass to the
#  - CODE_COVERAGE_LCOV_OPTIONS_GCOVPATH: --gcov-tool pathtogcov
#  - CODE_COVERAGE_LCOV_RMOPTS: Extra options to pass to the filtering lcov
#  - CODE_COVERAGE_LCOV_RMOPTS_DEFAULT: Extra options to pass to the filtering
#  - CODE_COVERAGE_LCOV_SHOPTS: Extra options to shared between both lcov
#  - CODE_COVERAGE_LCOV_SHOPTS_DEFAULT: Extra options shared between both lcov
#  - CODE_COVERAGE_OUTPUT_DIRECTORY: Directory for generated code coverage
#  - CODE_COVERAGE_OUTPUT_FILE: Filename and path for the .info file generated
# $(PACKAGE_VERSION). In order to add the current git hash to the title,
# Capture code coverage data
# Code coverage
# Hook rule executed before code-coverage-capture, overridable by the user
# Optional variables
# Optional:
# The generated report will be titled using the $(PACKAGE_NAME) and
# Use recursive makes in order to ignore errors during check
# sanitizes the test-name: replaces with underscores: dashes and dots
# use the git-version-gen script, available online.
$(if $(CODE_COVERAGE_BRANCH_COVERAGE),\
'
--rc genhtml_branch_coverage=$(CODE_COVERAGE_BRANCH_COVERAGE))
--rc lcov_branch_coverage=$(CODE_COVERAGE_BRANCH_COVERAGE))
.PHONY: check-code-coverage code-coverage-capture code-coverage-capture-hook code-coverage-clean
ACLOCAL='${SHELL} /home/shena/work/player/core/libsoup-2.56.0/build-aux/missing aclocal-1.15'
ALL_LINGUAS=''
AMDEPBACKSLASH='\'
AMDEP_FALSE='#'
AMDEP_TRUE=''
AMTAR='$${TAR-tar}'
AM_BACKSLASH='\'
AM_DEFAULT_V='$(AM_DEFAULT_VERBOSITY)'
AM_DEFAULT_VERBOSITY='0'
AM_DISTCHECK_CONFIGURE_FLAGS += --disable-code-coverage
AM_DISTCHECK_CONFIGURE_FLAGS ?=
AM_V='$(V)'
APACHE_HTTPD='no'
APACHE_MODULE_DIR=''
APACHE_PHP_MODULE=''
APACHE_PHP_MODULE_DIR=''
APACHE_SSL_MODULE_DIR=''
AR='ar'
AS='as'
AUTOCONF='${SHELL} /home/shena/work/player/core/libsoup-2.56.0/build-aux/missing autoconf'
AUTOHEADER='${SHELL} /home/shena/work/player/core/libsoup-2.56.0/build-aux/missing autoheader'
AUTOMAKE='${SHELL} /home/shena/work/player/core/libsoup-2.56.0/build-aux/missing automake-1.15'
AWK='mawk'
BUILD_LIBSOUP_GNOME_FALSE='#'
BUILD_LIBSOUP_GNOME_TRUE=''
CC='gcc'
CCDEPMODE='depmode=gcc3'
CFLAGS='-g -O2 		-Wall -Wstrict-prototypes -Werror=missing-prototypes 		-Werror=implicit-function-declaration 		-Werror=pointer-arith -Werror=init-self -Werror=format=2 		-Wno-format-zero-length 		-Werror=missing-include-dirs -Werror=aggregate-return 		-Werror=declaration-after-statement'
CODE_COVERAGE_BRANCH_COVERAGE ?=
CODE_COVERAGE_CFLAGS=''
CODE_COVERAGE_CPPFLAGS=''
CODE_COVERAGE_CXXFLAGS=''
CODE_COVERAGE_DIRECTORY ?= $(top_builddir)
CODE_COVERAGE_ENABLED='no'
CODE_COVERAGE_ENABLED_FALSE=''
CODE_COVERAGE_ENABLED_TRUE='#'
CODE_COVERAGE_GENHTML_OPTIONS ?= $(CODE_COVERAGE_GENHTML_OPTIONS_DEFAULTS)
CODE_COVERAGE_GENHTML_OPTIONS_DEFAULT ?=\
CODE_COVERAGE_IGNORE_PATTERN ?=
CODE_COVERAGE_LCOV_OPTIONS ?= $(CODE_COVERAGE_LCOV_OPTIONS_DEFAULT)
CODE_COVERAGE_LCOV_OPTIONS_DEFAULT ?= $(CODE_COVERAGE_LCOV_OPTIONS_GCOVPATH)
CODE_COVERAGE_LCOV_OPTIONS_GCOVPATH ?= --gcov-tool "$(GCOV)"
CODE_COVERAGE_LCOV_RMOPTS ?= $(CODE_COVERAGE_LCOV_RMOPTS_DEFAULT)
CODE_COVERAGE_LCOV_RMOPTS_DEFAULT ?=
CODE_COVERAGE_LCOV_SHOPTS ?= $(CODE_COVERAGE_LCOV_SHOPTS_DEFAULT)
CODE_COVERAGE_LCOV_SHOPTS_DEFAULT ?= $(if $(CODE_COVERAGE_BRANCH_COVERAGE),\
CODE_COVERAGE_LDFLAGS=''
CODE_COVERAGE_OUTPUT_DIRECTORY ?= $(PACKAGE_NAME)-$(PACKAGE_VERSION)-coverage
CODE_COVERAGE_OUTPUT_FILE ?= $(PACKAGE_NAME)-$(PACKAGE_VERSION)-coverage.info
CODE_COVERAGE_RULES='
CPP='gcc -E'
CPPFLAGS=''
CURL='/usr/bin/curl'
CYGPATH_W='echo'
DEFS='-DHAVE_CONFIG_H'
DEPDIR='.deps'
DLLTOOL='false'
DSYMUTIL=''
DUMPBIN=''
ECHO_C=''
ECHO_N='-n'
ECHO_T=''
EGREP='/bin/grep -E'
ENABLE_ALWAYS_BUILD_TESTS_FALSE=''
ENABLE_ALWAYS_BUILD_TESTS_TRUE='#'
ENABLE_GTK_DOC_FALSE=''
ENABLE_GTK_DOC_TRUE='#'
ENABLE_INSTALLED_TESTS_FALSE=''
ENABLE_INSTALLED_TESTS_TRUE='#'
ENABLE_VAPIGEN_FALSE=''
ENABLE_VAPIGEN_TRUE='#'
EXEEXT=''
FGREP='/bin/grep -F'
GCOV=''
GENHTML=''
GETTEXT_PACKAGE='libsoup'
GITIGNOREFILES += $(CODE_COVERAGE_OUTPUT_FILE) $(CODE_COVERAGE_OUTPUT_DIRECTORY)
GITIGNOREFILES ?=
GLIB_CFLAGS='-pthread -I/home/shena/work/player/build/..//install//release/include/glib-2.0 -I/home/shena/work/player/build/..//install//release/lib/glib-2.0/include -I/home/shena/work/player/build/..//install//release/include -DGLIB_VERSION_MIN_REQUIRED=GLIB_VERSION_2_38'
GLIB_COMPILE_RESOURCES='glib-compile-resources'
GLIB_GENMARSHAL='glib-genmarshal'
GLIB_LIBS='-L/home/shena/work/player/build/..//install//release/lib -lgio-2.0 -lgobject-2.0 -lglib-2.0'
GLIB_MAKEFILE='$(top_srcdir)/Makefile.glib'
GLIB_MKENUMS='glib-mkenums'
GMSGFMT='/usr/bin/msgfmt'
GOBJECT_QUERY='gobject-query'
GREP='/bin/grep'
GTKDOC_CHECK=''
GTKDOC_CHECK_PATH=''
GTKDOC_DEPS_CFLAGS='-I/home/shena/work/player/build/..//install//release/include/glib-2.0 -I/home/shena/work/player/build/..//install//release/lib/glib-2.0/include -I/home/shena/work/player/build/..//install//release/include'
GTKDOC_DEPS_LIBS='-L/home/shena/work/player/build/..//install//release/lib -lgobject-2.0 -lglib-2.0'
GTKDOC_MKPDF=''
GTKDOC_REBASE='true'
GTK_DOC_BUILD_HTML_FALSE='#'
GTK_DOC_BUILD_HTML_TRUE=''
GTK_DOC_BUILD_PDF_FALSE=''
GTK_DOC_BUILD_PDF_TRUE='#'
GTK_DOC_USE_LIBTOOL_FALSE='#'
GTK_DOC_USE_LIBTOOL_TRUE=''
GTK_DOC_USE_REBASE_FALSE='#'
GTK_DOC_USE_REBASE_TRUE=''
HAVE_APACHE_2_2_FALSE=''
HAVE_APACHE_2_2_TRUE='#'
HAVE_APACHE_2_4_FALSE=''
HAVE_APACHE_2_4_TRUE='#'
HAVE_APACHE_FALSE=''
HAVE_APACHE_TRUE='#'
HAVE_GNOME=''
HAVE_GTK_DOC_FALSE=''
HAVE_GTK_DOC_TRUE='#'
HAVE_INTROSPECTION_FALSE='#'
HAVE_INTROSPECTION_TRUE=''
HTML_DIR='${datadir}/gtk-doc/html'
IF_HAVE_PHP=''
INSTALL_DATA='${INSTALL} -m 644'
INSTALL_PROGRAM='${INSTALL}'
INSTALL_SCRIPT='${INSTALL}'
INSTALL_STRIP_PROGRAM='$(install_sh) -c -s'
INTLTOOL_CAVES_RULE='%.caves:     %.caves.in     $(INTLTOOL_MERGE) $(wildcard $(top_srcdir)/po/*.po) ; $(INTLTOOL_V_MERGE)LC_ALL=C $(INTLTOOL_MERGE) $(INTLTOOL_V_MERGE_OPTIONS) -d -u -c $(top_builddir)/po/.intltool-merge-cache $(top_srcdir)/po $< $@'
INTLTOOL_DESKTOP_RULE='%.desktop:   %.desktop.in   $(INTLTOOL_MERGE) $(wildcard $(top_srcdir)/po/*.po) ; $(INTLTOOL_V_MERGE)LC_ALL=C $(INTLTOOL_MERGE) $(INTLTOOL_V_MERGE_OPTIONS) -d -u -c $(top_builddir)/po/.intltool-merge-cache $(top_srcdir)/po $< $@'
INTLTOOL_DIRECTORY_RULE='%.directory: %.directory.in $(INTLTOOL_MERGE) $(wildcard $(top_srcdir)/po/*.po) ; $(INTLTOOL_V_MERGE)LC_ALL=C $(INTLTOOL_MERGE) $(INTLTOOL_V_MERGE_OPTIONS) -d -u -c $(top_builddir)/po/.intltool-merge-cache $(top_srcdir)/po $< $@'
INTLTOOL_EXTRACT='/usr/bin/intltool-extract'
INTLTOOL_KBD_RULE='%.kbd:       %.kbd.in       $(INTLTOOL_MERGE) $(wildcard $(top_srcdir)/po/*.po) ; $(INTLTOOL_V_MERGE)LC_ALL=C $(INTLTOOL_MERGE) $(INTLTOOL_V_MERGE_OPTIONS) -x -u -m -c $(top_builddir)/po/.intltool-merge-cache $(top_srcdir)/po $< $@'
INTLTOOL_KEYS_RULE='%.keys:      %.keys.in      $(INTLTOOL_MERGE) $(wildcard $(top_srcdir)/po/*.po) ; $(INTLTOOL_V_MERGE)LC_ALL=C $(INTLTOOL_MERGE) $(INTLTOOL_V_MERGE_OPTIONS) -k -u -c $(top_builddir)/po/.intltool-merge-cache $(top_srcdir)/po $< $@'
INTLTOOL_MERGE='/usr/bin/intltool-merge'
INTLTOOL_OAF_RULE='%.oaf:       %.oaf.in       $(INTLTOOL_MERGE) $(wildcard $(top_srcdir)/po/*.po) ; $(INTLTOOL_V_MERGE)LC_ALL=C $(INTLTOOL_MERGE) $(INTLTOOL_V_MERGE_OPTIONS) -o -p $(top_srcdir)/po $< $@'
INTLTOOL_PERL='/usr/bin/perl'
INTLTOOL_POLICY_RULE='%.policy:    %.policy.in    $(INTLTOOL_MERGE) $(wildcard $(top_srcdir)/po/*.po) ; $(INTLTOOL_V_MERGE)LC_ALL=C $(INTLTOOL_MERGE) $(INTLTOOL_V_MERGE_OPTIONS) -x -u -c $(top_builddir)/po/.intltool-merge-cache $(top_srcdir)/po $< $@'
INTLTOOL_PONG_RULE='%.pong:      %.pong.in      $(INTLTOOL_MERGE) $(wildcard $(top_srcdir)/po/*.po) ; $(INTLTOOL_V_MERGE)LC_ALL=C $(INTLTOOL_MERGE) $(INTLTOOL_V_MERGE_OPTIONS) -x -u -c $(top_builddir)/po/.intltool-merge-cache $(top_srcdir)/po $< $@'
INTLTOOL_PROP_RULE='%.prop:      %.prop.in      $(INTLTOOL_MERGE) $(wildcard $(top_srcdir)/po/*.po) ; $(INTLTOOL_V_MERGE)LC_ALL=C $(INTLTOOL_MERGE) $(INTLTOOL_V_MERGE_OPTIONS) -d -u -c $(top_builddir)/po/.intltool-merge-cache $(top_srcdir)/po $< $@'
INTLTOOL_SCHEMAS_RULE='%.schemas:   %.schemas.in   $(INTLTOOL_MERGE) $(wildcard $(top_srcdir)/po/*.po) ; $(INTLTOOL_V_MERGE)LC_ALL=C $(INTLTOOL_MERGE) $(INTLTOOL_V_MERGE_OPTIONS) -s -u -c $(top_builddir)/po/.intltool-merge-cache $(top_srcdir)/po $< $@'
INTLTOOL_SERVER_RULE='%.server:    %.server.in    $(INTLTOOL_MERGE) $(wildcard $(top_srcdir)/po/*.po) ; $(INTLTOOL_V_MERGE)LC_ALL=C $(INTLTOOL_MERGE) $(INTLTOOL_V_MERGE_OPTIONS) -o -u -c $(top_builddir)/po/.intltool-merge-cache $(top_srcdir)/po $< $@'
INTLTOOL_SERVICE_RULE='%.service: %.service.in   $(INTLTOOL_MERGE) $(wildcard $(top_srcdir)/po/*.po) ; $(INTLTOOL_V_MERGE)LC_ALL=C $(INTLTOOL_MERGE) $(INTLTOOL_V_MERGE_OPTIONS) -d -u -c $(top_builddir)/po/.intltool-merge-cache $(top_srcdir)/po $< $@'
INTLTOOL_SHEET_RULE='%.sheet:     %.sheet.in     $(INTLTOOL_MERGE) $(wildcard $(top_srcdir)/po/*.po) ; $(INTLTOOL_V_MERGE)LC_ALL=C $(INTLTOOL_MERGE) $(INTLTOOL_V_MERGE_OPTIONS) -x -u -c $(top_builddir)/po/.intltool-merge-cache $(top_srcdir)/po $< $@'
INTLTOOL_SOUNDLIST_RULE='%.soundlist: %.soundlist.in $(INTLTOOL_MERGE) $(wildcard $(top_srcdir)/po/*.po) ; $(INTLTOOL_V_MERGE)LC_ALL=C $(INTLTOOL_MERGE) $(INTLTOOL_V_MERGE_OPTIONS) -d -u -c $(top_builddir)/po/.intltool-merge-cache $(top_srcdir)/po $< $@'
INTLTOOL_THEME_RULE='%.theme:     %.theme.in     $(INTLTOOL_MERGE) $(wildcard $(top_srcdir)/po/*.po) ; $(INTLTOOL_V_MERGE)LC_ALL=C $(INTLTOOL_MERGE) $(INTLTOOL_V_MERGE_OPTIONS) -d -u -c $(top_builddir)/po/.intltool-merge-cache $(top_srcdir)/po $< $@'
INTLTOOL_UI_RULE='%.ui:        %.ui.in        $(INTLTOOL_MERGE) $(wildcard $(top_srcdir)/po/*.po) ; $(INTLTOOL_V_MERGE)LC_ALL=C $(INTLTOOL_MERGE) $(INTLTOOL_V_MERGE_OPTIONS) -x -u -c $(top_builddir)/po/.intltool-merge-cache $(top_srcdir)/po $< $@'
INTLTOOL_UPDATE='/usr/bin/intltool-update'
INTLTOOL_V_MERGE='$(INTLTOOL__v_MERGE_$(V))'
INTLTOOL_V_MERGE_OPTIONS='$(intltool__v_merge_options_$(V))'
INTLTOOL_XAM_RULE='%.xam:       %.xml.in       $(INTLTOOL_MERGE) $(wildcard $(top_srcdir)/po/*.po) ; $(INTLTOOL_V_MERGE)LC_ALL=C $(INTLTOOL_MERGE) $(INTLTOOL_V_MERGE_OPTIONS) -x -u -c $(top_builddir)/po/.intltool-merge-cache $(top_srcdir)/po $< $@'
INTLTOOL_XML_NOMERGE_RULE='%.xml:       %.xml.in       $(INTLTOOL_MERGE) ; $(INTLTOOL_V_MERGE)LC_ALL=C $(INTLTOOL_MERGE) $(INTLTOOL_V_MERGE_OPTIONS) -x -u --no-translations $< $@'
INTLTOOL_XML_RULE='%.xml:       %.xml.in       $(INTLTOOL_MERGE) $(wildcard $(top_srcdir)/po/*.po) ; $(INTLTOOL_V_MERGE)LC_ALL=C $(INTLTOOL_MERGE) $(INTLTOOL_V_MERGE_OPTIONS) -x -u -c $(top_builddir)/po/.intltool-merge-cache $(top_srcdir)/po $< $@'
INTLTOOL__v_MERGE_0='@echo "  ITMRG " $@;'
INTLTOOL__v_MERGE_='$(INTLTOOL__v_MERGE_$(AM_DEFAULT_VERBOSITY))'
INTROSPECTION_CFLAGS='-pthread -I/home/shena/work/player/build/..//install//release/include/gobject-introspection-1.0 -I/home/shena/work/player/build/..//install//release/include/glib-2.0 -I/home/shena/work/player/build/..//install//release/lib/glib-2.0/include -I/home/shena/work/player/build/..//install//release/include'
INTROSPECTION_COMPILER='/home/shena/work/player/build/..//install//release/bin/g-ir-compiler'
INTROSPECTION_GENERATE='/home/shena/work/player/build/..//install//release/bin/g-ir-generate'
INTROSPECTION_GIRDIR='/home/shena/work/player/build/..//install//release/share/gir-1.0'
INTROSPECTION_LIBS='-L/home/shena/work/player/build/..//install//release/lib -lgirepository-1.0 -lgobject-2.0 -lglib-2.0'
INTROSPECTION_MAKEFILE='/home/shena/work/player/build/..//install//release/share/gobject-introspection-1.0/Makefile.introspection'
INTROSPECTION_SCANNER='/home/shena/work/player/build/..//install//release/bin/g-ir-scanner'
INTROSPECTION_TYPELIBDIR='/home/shena/work/player/build/..//install//release/lib/girepository-1.0'
KRB5_CFLAGS=''
KRB5_CONFIG='no'
KRB5_LIBS=''
LCOV=''
LD='/usr/bin/ld -m elf_x86_64'
LDFLAGS=''
LIBOBJS=''
LIBS=''
LIBTOOL='$(SHELL) $(top_builddir)/libtool'
LIPO=''
LN_S='ln -s'
LTLIBOBJS=''
LT_SYS_LIBRARY_PATH=''
MAKEINFO='${SHELL} /home/shena/work/player/core/libsoup-2.56.0/build-aux/missing makeinfo'
MANIFEST_TOOL=':'
MKDIR_P='/bin/mkdir -p'
MSGFMT='/usr/bin/msgfmt'
MSGMERGE='/usr/bin/msgmerge'
NM='/usr/bin/nm -B'
NMEDIT=''
OBJDUMP='objdump'
OBJEXT='o'
OS_LINUX_FALSE='#'
OS_LINUX_TRUE=''
OS_WIN32_FALSE=''
OS_WIN32_TRUE='#'
OTOOL64=''
OTOOL=''
PACKAGE='libsoup'
PACKAGE_BUGREPORT='http://bugzilla.gnome.org/enter_bug.cgi?product=libsoup'
PACKAGE_NAME='libsoup'
PACKAGE_STRING='libsoup 2.56.0'
PACKAGE_TARNAME='libsoup'
PACKAGE_URL=''
PACKAGE_VERSION='2.56.0'
PATH_SEPARATOR=':'
PHP=''
PKG_CONFIG='/usr/bin/pkg-config'
PKG_CONFIG_LIBDIR=''
PKG_CONFIG_PATH='/home/shena/work/player/build/..//install//release//lib//pkgconfig:/usr/lib/pkgconfig:/usr/lib/x86_64-linux-gnu/pkgconfig:/usr/share/pkgconfig'
RANLIB='ranlib'
SED='/bin/sed'
SET_MAKE=''
SHELL='/bin/bash'
SOUP_AGE='8'
SOUP_API_VERSION='2.4'
SOUP_CURRENT='9'
SOUP_DEBUG_FLAGS=''
SOUP_HIDDEN_VISIBILITY_CFLAGS='-fvisibility=hidden'
SOUP_MAJOR_VERSION='2'
SOUP_MICRO_VERSION='0'
SOUP_MINOR_VERSION='56'
SOUP_REVISION='0'
SQLITE_CFLAGS='-I/home/shena/work/player/build/..//install//release/include'
SQLITE_LIBS='-L/home/shena/work/player/build/..//install//release/lib -lsqlite3'
STRIP='strip'
USE_NLS='yes'
VALAC='/home/shena/work/player/build/..//install//release//bin//valac'
VAPIDIR=''
VAPIGEN=''
VAPIGEN_MAKEFILE=''
VAPIGEN_VAPIDIR=''
VERSION='2.56.0'
XGETTEXT='/usr/bin/xgettext'
XML_CFLAGS='-I/home/shena/work/player/build/..//install//release/include/libxml2'
XML_LIBS='-L/home/shena/work/player/build/..//install//release/lib -lxml2'
ac_ct_AR='ar'
ac_ct_CC='gcc'
ac_ct_DUMPBIN=''
am__EXEEXT_FALSE=''
am__EXEEXT_TRUE='#'
am__fastdepCC_FALSE='#'
am__fastdepCC_TRUE=''
am__include='include'
am__isrc=''
am__leading_dot='.'
am__nodep='_no'
am__quote=''
am__tar='$${TAR-tar} chof - "$$tardir"'
am__untar='$${TAR-tar} xf -'
bindir='${exec_prefix}/bin'
build='x86_64-unknown-linux-gnu'
build_alias=''
build_cpu='x86_64'
build_os='linux-gnu'
build_vendor='unknown'
check-code-coverage:
clean: code-coverage-clean
code-coverage-capture-hook:
code-coverage-capture: code-coverage-capture-hook
code-coverage-clean:
code_coverage_quiet = $(code_coverage_quiet_$(V))
code_coverage_quiet_ = $(code_coverage_quiet_$(AM_DEFAULT_VERBOSITY))
code_coverage_quiet_0 = --quiet
code_coverage_sanitize = $(subst -,_,$(subst .,_,$(1)))
code_coverage_v_genhtml = $(code_coverage_v_genhtml_$(V))
code_coverage_v_genhtml_ = $(code_coverage_v_genhtml_$(AM_DEFAULT_VERBOSITY))
code_coverage_v_genhtml_0 = @echo "  GEN   " $(CODE_COVERAGE_OUTPUT_DIRECTORY);
code_coverage_v_lcov_cap = $(code_coverage_v_lcov_cap_$(V))
code_coverage_v_lcov_cap_ = $(code_coverage_v_lcov_cap_$(AM_DEFAULT_VERBOSITY))
code_coverage_v_lcov_cap_0 = @echo "  LCOV   --capture"\
code_coverage_v_lcov_ign = $(code_coverage_v_lcov_ign_$(V))
code_coverage_v_lcov_ign_ = $(code_coverage_v_lcov_ign_$(AM_DEFAULT_VERBOSITY))
code_coverage_v_lcov_ign_0 = @echo "  LCOV   --remove /tmp/*"\
datadir='${datarootdir}'
datarootdir='${prefix}/share'
distclean: code-coverage-clean
docdir='${datarootdir}/doc/${PACKAGE_TARNAME}'
dvidir='${docdir}'
else
else
endif
endif
endif
exec_prefix='${prefix}'
host='x86_64-unknown-linux-gnu'
host_alias=''
host_cpu='x86_64'
host_os='linux-gnu'
host_vendor='unknown'
htmldir='${docdir}'
ifeq ($(CODE_COVERAGE_ENABLED),yes)
ifeq ($(CODE_COVERAGE_ENABLED),yes)
ifeq ($(CODE_COVERAGE_ENABLED),yes)
includedir='${prefix}/include'
infodir='${datarootdir}/info'
install_sh='${SHELL} /home/shena/work/player/core/libsoup-2.56.0/build-aux/install-sh'
installed_test_metadir=''
installed_testdir=''
intltool__v_merge_options_0='-q'
intltool__v_merge_options_='$(intltool__v_merge_options_$(AM_DEFAULT_VERBOSITY))'
libdir='${exec_prefix}/lib'
libexecdir='${exec_prefix}/libexec'
localedir='${datarootdir}/locale'
localstatedir='${prefix}/var'
mandir='${datarootdir}/man'
mkdir_p='$(MKDIR_P)'
ntlm_auth='/usr/bin/ntlm_auth'
oldincludedir='/usr/include'
pdfdir='${docdir}'
prefix='/home/shena/work/player/build/..//install//release'
program_transform_name='s,x,x,'
psdir='${docdir}'
sbindir='${exec_prefix}/sbin'
sharedstatedir='${prefix}/com'
sysconfdir='${prefix}/etc'
target_alias=''

## ----------- ##
## confdefs.h. ##
## ----------- ##

/* confdefs.h */
#define PACKAGE_NAME "libsoup"
#define PACKAGE_TARNAME "libsoup"
#define PACKAGE_VERSION "2.56.0"
#define PACKAGE_STRING "libsoup 2.56.0"
#define PACKAGE_BUGREPORT "http://bugzilla.gnome.org/enter_bug.cgi?product=libsoup"
#define PACKAGE_URL ""
#define PACKAGE "libsoup"
#define VERSION "2.56.0"
#define STDC_HEADERS 1
#define HAVE_SYS_TYPES_H 1
#define HAVE_SYS_STAT_H 1
#define HAVE_STDLIB_H 1
#define HAVE_STRING_H 1
#define HAVE_MEMORY_H 1
#define HAVE_STRINGS_H 1
#define HAVE_INTTYPES_H 1
#define HAVE_STDINT_H 1
#define HAVE_UNISTD_H 1
#define HAVE_DLFCN_H 1
#define LT_OBJDIR ".libs/"
#define GETTEXT_PACKAGE "libsoup"
#define HAVE_GMTIME_R 1
#define HAVE_GNOME 1
#define APACHE_HTTPD "no"
#define HAVE_CURL 1
#define USE_NTLM_AUTH 1
#define NTLM_AUTH "/usr/bin/ntlm_auth"
#define _SOUP_EXTERN __attribute__((visibility("default"))) extern

configure: exit 0
