This file contains any messages produced by compilers while
running configure, to aid debugging if configure makes a mistake.

It was created by glib-networking configure 2.50.0, which was
generated by GNU Autoconf 2.69.  Invocation command line was

  $ ./configure --prefix=/home/shena/work/player/build/..//install//release/ --with-ca-certificates=/etc/ssl/ca-bundle.crt --disable-static

## --------- ##
## Platform. ##
## --------- ##

hostname = player1604
uname -m = x86_64
uname -r = 4.4.0-53-generic
uname -s = Linux
uname -v = #74-Ubuntu SMP Fri Dec 2 15:59:10 UTC 2016

/usr/bin/uname -p = unknown
/bin/uname -X     = unknown

/bin/arch              = unknown
/usr/bin/arch -k       = unknown
/usr/convex/getsysinfo = unknown
/usr/bin/hostinfo      = unknown
/bin/machine           = unknown
/usr/bin/oslevel       = unknown
/bin/universe          = unknown

PATH: /home/shena/work/player/build/..//install//release//bin/
PATH: /home/shena/work/player/build/..//install//release//bin/
PATH: /home/shena/work/player/build/..//install//release//bin/
PATH: /home/shena/work/player/build/..//install//release//bin/
PATH: /home/shena/work/player/build/..//install//release//bin/
PATH: /home/shena/work/player/build/..//install//release//bin/
PATH: /home/shena/work/player/build/..//install//release//bin/
PATH: /home/shena/work/player/build/..//install//release//bin/
PATH: /home/shena/work/player/build/..//install//release//bin/
PATH: /home/shena/work/player/build/..//install//release//bin/
PATH: /home/shena/work/player/build/..//install//release//bin/
PATH: /home/shena/work/player/build/..//install//release//bin/
PATH: /home/shena/work/player/build/..//install//release//bin/
PATH: /home/shena/work/player/build/..//install//release//bin/
PATH: /home/shena/work/player/build/..//install//release//bin/
PATH: /home/shena/work/player/build/..//install//release//bin/
PATH: /home/shena/work/player/build/..//install//release//bin/
PATH: /home/shena/work/player/build/..//install//release//bin/
PATH: /home/shena/work/player/build/..//install//release//bin/
PATH: /home/shena/work/player/build/..//install//release//bin/
PATH: /home/shena/work/player/build/..//install//release//bin/
PATH: /usr/local/sbin
PATH: /usr/local/bin
PATH: /usr/sbin
PATH: /usr/bin
PATH: /sbin
PATH: /bin
PATH: /usr/games
PATH: /usr/local/games
PATH: /snap/bin


## ----------- ##
## Core tests. ##
## ----------- ##

configure:2302: checking for a BSD-compatible install
configure:2370: result: /usr/bin/install -c
configure:2381: checking whether build environment is sane
configure:2436: result: yes
configure:2587: checking for a thread-safe mkdir -p
configure:2626: result: /bin/mkdir -p
configure:2633: checking for gawk
configure:2663: result: no
configure:2633: checking for mawk
configure:2649: found /usr/bin/mawk
configure:2660: result: mawk
configure:2671: checking whether make sets $(MAKE)
configure:2693: result: yes
configure:2722: checking whether make supports nested variables
configure:2739: result: yes
configure:2866: checking whether to enable maintainer-specific portions of Makefiles
configure:2875: result: yes
configure:2899: checking whether make supports nested variables
configure:2916: result: yes
configure:2956: checking build system type
configure:2970: result: x86_64-unknown-linux-gnu
configure:2990: checking host system type
configure:3003: result: x86_64-unknown-linux-gnu
configure:3044: checking how to print strings
configure:3071: result: printf
configure:3104: checking for style of include used by make
configure:3132: result: GNU
configure:3203: checking for gcc
configure:3219: found /usr/bin/gcc
configure:3230: result: gcc
configure:3459: checking for C compiler version
configure:3468: gcc --version >&5
gcc (Ubuntu 5.4.0-6ubuntu1~16.04.4) 5.4.0 20160609
Copyright (C) 2015 Free Software Foundation, Inc.
This is free software; see the source for copying conditions.  There is NO
warranty; not even for MERCHANTABILITY or FITNESS FOR A PARTICULAR PURPOSE.

configure:3479: $? = 0
configure:3468: gcc -v >&5
Using built-in specs.
COLLECT_GCC=gcc
COLLECT_LTO_WRAPPER=/usr/lib/gcc/x86_64-linux-gnu/5/lto-wrapper
Target: x86_64-linux-gnu
Configured with: ../src/configure -v --with-pkgversion='Ubuntu 5.4.0-6ubuntu1~16.04.4' --with-bugurl=file:///usr/share/doc/gcc-5/README.Bugs --enable-languages=c,ada,c++,java,go,d,fortran,objc,obj-c++ --prefix=/usr --program-suffix=-5 --enable-shared --enable-linker-build-id --libexecdir=/usr/lib --without-included-gettext --enable-threads=posix --libdir=/usr/lib --enable-nls --with-sysroot=/ --enable-clocale=gnu --enable-libstdcxx-debug --enable-libstdcxx-time=yes --with-default-libstdcxx-abi=new --enable-gnu-unique-object --disable-vtable-verify --enable-libmpx --enable-plugin --with-system-zlib --disable-browser-plugin --enable-java-awt=gtk --enable-gtk-cairo --with-java-home=/usr/lib/jvm/java-1.5.0-gcj-5-amd64/jre --enable-java-home --with-jvm-root-dir=/usr/lib/jvm/java-1.5.0-gcj-5-amd64 --with-jvm-jar-dir=/usr/lib/jvm-exports/java-1.5.0-gcj-5-amd64 --with-arch-directory=amd64 --with-ecj-jar=/usr/share/java/eclipse-ecj.jar --enable-objc-gc --enable-multiarch --disable-werror --with-arch-32=i686 --with-abi=m64 --with-multilib-list=m32,m64,mx32 --enable-multilib --with-tune=generic --enable-checking=release --build=x86_64-linux-gnu --host=x86_64-linux-gnu --target=x86_64-linux-gnu
Thread model: posix
gcc version 5.4.0 20160609 (Ubuntu 5.4.0-6ubuntu1~16.04.4) 
configure:3479: $? = 0
configure:3468: gcc -V >&5
gcc: error: unrecognized command line option '-V'
gcc: fatal error: no input files
compilation terminated.
configure:3479: $? = 1
configure:3468: gcc -qversion >&5
gcc: error: unrecognized command line option '-qversion'
gcc: fatal error: no input files
compilation terminated.
configure:3479: $? = 1
configure:3499: checking whether the C compiler works
configure:3521: gcc    conftest.c  >&5
configure:3525: $? = 0
configure:3573: result: yes
configure:3576: checking for C compiler default output file name
configure:3578: result: a.out
configure:3584: checking for suffix of executables
configure:3591: gcc -o conftest    conftest.c  >&5
configure:3595: $? = 0
configure:3617: result: 
configure:3639: checking whether we are cross compiling
configure:3647: gcc -o conftest    conftest.c  >&5
configure:3651: $? = 0
configure:3658: ./conftest
configure:3662: $? = 0
configure:3677: result: no
configure:3682: checking for suffix of object files
configure:3704: gcc -c   conftest.c >&5
configure:3708: $? = 0
configure:3729: result: o
configure:3733: checking whether we are using the GNU C compiler
configure:3752: gcc -c   conftest.c >&5
configure:3752: $? = 0
configure:3761: result: yes
configure:3770: checking whether gcc accepts -g
configure:3790: gcc -c -g  conftest.c >&5
configure:3790: $? = 0
configure:3831: result: yes
configure:3848: checking for gcc option to accept ISO C89
configure:3911: gcc  -c -g -O2  conftest.c >&5
configure:3911: $? = 0
configure:3924: result: none needed
configure:3949: checking whether gcc understands -c and -o together
configure:3971: gcc -c conftest.c -o conftest2.o
configure:3974: $? = 0
configure:3971: gcc -c conftest.c -o conftest2.o
configure:3974: $? = 0
configure:3986: result: yes
configure:4005: checking dependency style of gcc
configure:4116: result: gcc3
configure:4131: checking for a sed that does not truncate output
configure:4195: result: /bin/sed
configure:4213: checking for grep that handles long lines and -e
configure:4271: result: /bin/grep
configure:4276: checking for egrep
configure:4338: result: /bin/grep -E
configure:4343: checking for fgrep
configure:4405: result: /bin/grep -F
configure:4440: checking for ld used by gcc
configure:4507: result: /usr/bin/ld
configure:4514: checking if the linker (/usr/bin/ld) is GNU ld
configure:4529: result: yes
configure:4541: checking for BSD- or MS-compatible name lister (nm)
configure:4595: result: /usr/bin/nm -B
configure:4725: checking the name lister (/usr/bin/nm -B) interface
configure:4732: gcc -c -g -O2  conftest.c >&5
configure:4735: /usr/bin/nm -B "conftest.o"
configure:4738: output
0000000000000000 B some_variable
configure:4745: result: BSD nm
configure:4748: checking whether ln -s works
configure:4752: result: yes
configure:4760: checking the maximum length of command line arguments
configure:4891: result: 1572864
configure:4939: checking how to convert x86_64-unknown-linux-gnu file names to x86_64-unknown-linux-gnu format
configure:4979: result: func_convert_file_noop
configure:4986: checking how to convert x86_64-unknown-linux-gnu file names to toolchain format
configure:5006: result: func_convert_file_noop
configure:5013: checking for /usr/bin/ld option to reload object files
configure:5020: result: -r
configure:5094: checking for objdump
configure:5110: found /usr/bin/objdump
configure:5121: result: objdump
configure:5153: checking how to recognize dependent libraries
configure:5353: result: pass_all
configure:5438: checking for dlltool
configure:5468: result: no
configure:5498: checking how to associate runtime and link libraries
configure:5525: result: printf %s\n
configure:5586: checking for ar
configure:5602: found /usr/bin/ar
configure:5613: result: ar
configure:5650: checking for archiver @FILE support
configure:5667: gcc -c -g -O2  conftest.c >&5
configure:5667: $? = 0
configure:5670: ar cru libconftest.a @conftest.lst >&5
ar: `u' modifier ignored since `D' is the default (see `U')
configure:5673: $? = 0
configure:5678: ar cru libconftest.a @conftest.lst >&5
ar: `u' modifier ignored since `D' is the default (see `U')
ar: conftest.o: No such file or directory
configure:5681: $? = 1
configure:5693: result: @
configure:5751: checking for strip
configure:5767: found /usr/bin/strip
configure:5778: result: strip
configure:5850: checking for ranlib
configure:5866: found /usr/bin/ranlib
configure:5877: result: ranlib
configure:5979: checking command to parse /usr/bin/nm -B output from gcc object
configure:6132: gcc -c -g -O2  conftest.c >&5
configure:6135: $? = 0
configure:6139: /usr/bin/nm -B conftest.o \| sed -n -e 's/^.*[ ]\([ABCDGIRSTW][ABCDGIRSTW]*\)[ ][ ]*\([_A-Za-z][_A-Za-z0-9]*\)$/\1 \2 \2/p' | sed '/ __gnu_lto/d' \> conftest.nm
configure:6142: $? = 0
configure:6208: gcc -o conftest -g -O2   conftest.c conftstm.o >&5
configure:6211: $? = 0
configure:6249: result: ok
configure:6296: checking for sysroot
configure:6326: result: no
configure:6333: checking for a working dd
configure:6371: result: /bin/dd
configure:6375: checking how to truncate binary pipes
configure:6390: result: /bin/dd bs=4096 count=1
configure:6526: gcc -c -g -O2  conftest.c >&5
configure:6529: $? = 0
configure:6719: checking for mt
configure:6735: found /bin/mt
configure:6746: result: mt
configure:6769: checking if mt is a manifest tool
configure:6775: mt '-?'
configure:6783: result: no
configure:7460: checking how to run the C preprocessor
configure:7491: gcc -E  conftest.c
configure:7491: $? = 0
configure:7505: gcc -E  conftest.c
conftest.c:11:28: fatal error: ac_nonexistent.h: No such file or directory
compilation terminated.
configure:7505: $? = 1
configure: failed program was:
| /* confdefs.h */
| #define PACKAGE_NAME "glib-networking"
| #define PACKAGE_TARNAME "glib-networking"
| #define PACKAGE_VERSION "2.50.0"
| #define PACKAGE_STRING "glib-networking 2.50.0"
| #define PACKAGE_BUGREPORT "http://bugzilla.gnome.org/enter_bug.cgi?product=glib&component=network"
| #define PACKAGE_URL ""
| #define PACKAGE "glib-networking"
| #define VERSION "2.50.0"
| /* end confdefs.h.  */
| #include <ac_nonexistent.h>
configure:7530: result: gcc -E
configure:7550: gcc -E  conftest.c
configure:7550: $? = 0
configure:7564: gcc -E  conftest.c
conftest.c:11:28: fatal error: ac_nonexistent.h: No such file or directory
compilation terminated.
configure:7564: $? = 1
configure: failed program was:
| /* confdefs.h */
| #define PACKAGE_NAME "glib-networking"
| #define PACKAGE_TARNAME "glib-networking"
| #define PACKAGE_VERSION "2.50.0"
| #define PACKAGE_STRING "glib-networking 2.50.0"
| #define PACKAGE_BUGREPORT "http://bugzilla.gnome.org/enter_bug.cgi?product=glib&component=network"
| #define PACKAGE_URL ""
| #define PACKAGE "glib-networking"
| #define VERSION "2.50.0"
| /* end confdefs.h.  */
| #include <ac_nonexistent.h>
configure:7593: checking for ANSI C header files
configure:7613: gcc -c -g -O2  conftest.c >&5
configure:7613: $? = 0
configure:7686: gcc -o conftest -g -O2   conftest.c  >&5
configure:7686: $? = 0
configure:7686: ./conftest
configure:7686: $? = 0
configure:7697: result: yes
configure:7710: checking for sys/types.h
configure:7710: gcc -c -g -O2  conftest.c >&5
configure:7710: $? = 0
configure:7710: result: yes
configure:7710: checking for sys/stat.h
configure:7710: gcc -c -g -O2  conftest.c >&5
configure:7710: $? = 0
configure:7710: result: yes
configure:7710: checking for stdlib.h
configure:7710: gcc -c -g -O2  conftest.c >&5
configure:7710: $? = 0
configure:7710: result: yes
configure:7710: checking for string.h
configure:7710: gcc -c -g -O2  conftest.c >&5
configure:7710: $? = 0
configure:7710: result: yes
configure:7710: checking for memory.h
configure:7710: gcc -c -g -O2  conftest.c >&5
configure:7710: $? = 0
configure:7710: result: yes
configure:7710: checking for strings.h
configure:7710: gcc -c -g -O2  conftest.c >&5
configure:7710: $? = 0
configure:7710: result: yes
configure:7710: checking for inttypes.h
configure:7710: gcc -c -g -O2  conftest.c >&5
configure:7710: $? = 0
configure:7710: result: yes
configure:7710: checking for stdint.h
configure:7710: gcc -c -g -O2  conftest.c >&5
configure:7710: $? = 0
configure:7710: result: yes
configure:7710: checking for unistd.h
configure:7710: gcc -c -g -O2  conftest.c >&5
configure:7710: $? = 0
configure:7710: result: yes
configure:7724: checking for dlfcn.h
configure:7724: gcc -c -g -O2  conftest.c >&5
configure:7724: $? = 0
configure:7724: result: yes
configure:7980: checking for objdir
configure:7995: result: .libs
configure:8259: checking if gcc supports -fno-rtti -fno-exceptions
configure:8277: gcc -c -g -O2  -fno-rtti -fno-exceptions conftest.c >&5
cc1: warning: command line option '-fno-rtti' is valid for C++/ObjC++ but not for C
configure:8281: $? = 0
configure:8294: result: no
configure:8652: checking for gcc option to produce PIC
configure:8659: result: -fPIC -DPIC
configure:8667: checking if gcc PIC flag -fPIC -DPIC works
configure:8685: gcc -c -g -O2  -fPIC -DPIC -DPIC conftest.c >&5
configure:8689: $? = 0
configure:8702: result: yes
configure:8731: checking if gcc static flag -static works
configure:8759: result: yes
configure:8774: checking if gcc supports -c -o file.o
configure:8795: gcc -c -g -O2  -o out/conftest2.o conftest.c >&5
configure:8799: $? = 0
configure:8821: result: yes
configure:8829: checking if gcc supports -c -o file.o
configure:8876: result: yes
configure:8909: checking whether the gcc linker (/usr/bin/ld -m elf_x86_64) supports shared libraries
configure:10168: result: yes
configure:10205: checking whether -lc should be explicitly linked in
configure:10213: gcc -c -g -O2  conftest.c >&5
configure:10216: $? = 0
configure:10231: gcc -shared  -fPIC -DPIC conftest.o  -v -Wl,-soname -Wl,conftest -o conftest 2\>\&1 \| /bin/grep  -lc  \>/dev/null 2\>\&1
configure:10234: $? = 0
configure:10248: result: no
configure:10408: checking dynamic linker characteristics
configure:10989: gcc -o conftest -g -O2   -Wl,-rpath -Wl,/foo conftest.c  >&5
configure:10989: $? = 0
configure:11229: result: GNU/Linux ld.so
configure:11351: checking how to hardcode library paths into programs
configure:11376: result: immediate
configure:11924: checking whether stripping libraries is possible
configure:11929: result: yes
configure:11964: checking if libtool supports shared libraries
configure:11966: result: yes
configure:11969: checking whether to build shared libraries
configure:11994: result: yes
configure:11997: checking whether to build static libraries
configure:12001: result: no
configure:12087: checking for gcc
configure:12114: result: gcc
configure:12343: checking for C compiler version
configure:12352: gcc --version >&5
gcc (Ubuntu 5.4.0-6ubuntu1~16.04.4) 5.4.0 20160609
Copyright (C) 2015 Free Software Foundation, Inc.
This is free software; see the source for copying conditions.  There is NO
warranty; not even for MERCHANTABILITY or FITNESS FOR A PARTICULAR PURPOSE.

configure:12363: $? = 0
configure:12352: gcc -v >&5
Using built-in specs.
COLLECT_GCC=gcc
COLLECT_LTO_WRAPPER=/usr/lib/gcc/x86_64-linux-gnu/5/lto-wrapper
Target: x86_64-linux-gnu
Configured with: ../src/configure -v --with-pkgversion='Ubuntu 5.4.0-6ubuntu1~16.04.4' --with-bugurl=file:///usr/share/doc/gcc-5/README.Bugs --enable-languages=c,ada,c++,java,go,d,fortran,objc,obj-c++ --prefix=/usr --program-suffix=-5 --enable-shared --enable-linker-build-id --libexecdir=/usr/lib --without-included-gettext --enable-threads=posix --libdir=/usr/lib --enable-nls --with-sysroot=/ --enable-clocale=gnu --enable-libstdcxx-debug --enable-libstdcxx-time=yes --with-default-libstdcxx-abi=new --enable-gnu-unique-object --disable-vtable-verify --enable-libmpx --enable-plugin --with-system-zlib --disable-browser-plugin --enable-java-awt=gtk --enable-gtk-cairo --with-java-home=/usr/lib/jvm/java-1.5.0-gcj-5-amd64/jre --enable-java-home --with-jvm-root-dir=/usr/lib/jvm/java-1.5.0-gcj-5-amd64 --with-jvm-jar-dir=/usr/lib/jvm-exports/java-1.5.0-gcj-5-amd64 --with-arch-directory=amd64 --with-ecj-jar=/usr/share/java/eclipse-ecj.jar --enable-objc-gc --enable-multiarch --disable-werror --with-arch-32=i686 --with-abi=m64 --with-multilib-list=m32,m64,mx32 --enable-multilib --with-tune=generic --enable-checking=release --build=x86_64-linux-gnu --host=x86_64-linux-gnu --target=x86_64-linux-gnu
Thread model: posix
gcc version 5.4.0 20160609 (Ubuntu 5.4.0-6ubuntu1~16.04.4) 
configure:12363: $? = 0
configure:12352: gcc -V >&5
gcc: error: unrecognized command line option '-V'
gcc: fatal error: no input files
compilation terminated.
configure:12363: $? = 1
configure:12352: gcc -qversion >&5
gcc: error: unrecognized command line option '-qversion'
gcc: fatal error: no input files
compilation terminated.
configure:12363: $? = 1
configure:12367: checking whether we are using the GNU C compiler
configure:12395: result: yes
configure:12404: checking whether gcc accepts -g
configure:12465: result: yes
configure:12482: checking for gcc option to accept ISO C89
configure:12558: result: none needed
configure:12583: checking whether gcc understands -c and -o together
configure:12620: result: yes
configure:12639: checking dependency style of gcc
configure:12750: result: gcc3
configure:12771: checking how to run the C preprocessor
configure:12841: result: gcc -E
configure:12861: gcc -E  conftest.c
configure:12861: $? = 0
configure:12875: gcc -E  conftest.c
conftest.c:23:28: fatal error: ac_nonexistent.h: No such file or directory
compilation terminated.
configure:12875: $? = 1
configure: failed program was:
| /* confdefs.h */
| #define PACKAGE_NAME "glib-networking"
| #define PACKAGE_TARNAME "glib-networking"
| #define PACKAGE_VERSION "2.50.0"
| #define PACKAGE_STRING "glib-networking 2.50.0"
| #define PACKAGE_BUGREPORT "http://bugzilla.gnome.org/enter_bug.cgi?product=glib&component=network"
| #define PACKAGE_URL ""
| #define PACKAGE "glib-networking"
| #define VERSION "2.50.0"
| #define STDC_HEADERS 1
| #define HAVE_SYS_TYPES_H 1
| #define HAVE_SYS_STAT_H 1
| #define HAVE_STDLIB_H 1
| #define HAVE_STRING_H 1
| #define HAVE_MEMORY_H 1
| #define HAVE_STRINGS_H 1
| #define HAVE_INTTYPES_H 1
| #define HAVE_STDINT_H 1
| #define HAVE_UNISTD_H 1
| #define HAVE_DLFCN_H 1
| #define LT_OBJDIR ".libs/"
| /* end confdefs.h.  */
| #include <ac_nonexistent.h>
configure:12907: checking whether NLS is requested
configure:12916: result: yes
configure:12956: checking for msgfmt
configure: trying /usr/bin/msgfmt...
0 translated messages.
configure:12988: result: /usr/bin/msgfmt
configure:12997: checking for gmsgfmt
configure:13028: result: /usr/bin/msgfmt
configure:13078: checking for xgettext
configure: trying /usr/bin/xgettext...
/usr/bin/xgettext: warning: file '/dev/null' extension '' is unknown; will try C
configure:13110: result: /usr/bin/xgettext
configure:13155: checking for msgmerge
configure: trying /usr/bin/msgmerge...
configure:13186: result: /usr/bin/msgmerge
configure:13244: checking for ld used by gcc
configure:13311: result: /usr/bin/ld -m elf_x86_64
configure:13318: checking if the linker (/usr/bin/ld -m elf_x86_64) is GNU ld
configure:13333: result: yes
configure:13340: checking for shared library run path origin
configure:13353: result: done
configure:13925: checking for CFPreferencesCopyAppValue
configure:13943: gcc -o conftest -g -O2   conftest.c  -Wl,-framework -Wl,CoreFoundation >&5
conftest.c:23:42: fatal error: CoreFoundation/CFPreferences.h: No such file or directory
compilation terminated.
configure:13943: $? = 1
configure: failed program was:
| /* confdefs.h */
| #define PACKAGE_NAME "glib-networking"
| #define PACKAGE_TARNAME "glib-networking"
| #define PACKAGE_VERSION "2.50.0"
| #define PACKAGE_STRING "glib-networking 2.50.0"
| #define PACKAGE_BUGREPORT "http://bugzilla.gnome.org/enter_bug.cgi?product=glib&component=network"
| #define PACKAGE_URL ""
| #define PACKAGE "glib-networking"
| #define VERSION "2.50.0"
| #define STDC_HEADERS 1
| #define HAVE_SYS_TYPES_H 1
| #define HAVE_SYS_STAT_H 1
| #define HAVE_STDLIB_H 1
| #define HAVE_STRING_H 1
| #define HAVE_MEMORY_H 1
| #define HAVE_STRINGS_H 1
| #define HAVE_INTTYPES_H 1
| #define HAVE_STDINT_H 1
| #define HAVE_UNISTD_H 1
| #define HAVE_DLFCN_H 1
| #define LT_OBJDIR ".libs/"
| /* end confdefs.h.  */
| #include <CoreFoundation/CFPreferences.h>
| int
| main ()
| {
| CFPreferencesCopyAppValue(NULL, NULL)
|   ;
|   return 0;
| }
configure:13952: result: no
configure:13959: checking for CFLocaleCopyCurrent
configure:13977: gcc -o conftest -g -O2   conftest.c  -Wl,-framework -Wl,CoreFoundation >&5
conftest.c:23:37: fatal error: CoreFoundation/CFLocale.h: No such file or directory
compilation terminated.
configure:13977: $? = 1
configure: failed program was:
| /* confdefs.h */
| #define PACKAGE_NAME "glib-networking"
| #define PACKAGE_TARNAME "glib-networking"
| #define PACKAGE_VERSION "2.50.0"
| #define PACKAGE_STRING "glib-networking 2.50.0"
| #define PACKAGE_BUGREPORT "http://bugzilla.gnome.org/enter_bug.cgi?product=glib&component=network"
| #define PACKAGE_URL ""
| #define PACKAGE "glib-networking"
| #define VERSION "2.50.0"
| #define STDC_HEADERS 1
| #define HAVE_SYS_TYPES_H 1
| #define HAVE_SYS_STAT_H 1
| #define HAVE_STDLIB_H 1
| #define HAVE_STRING_H 1
| #define HAVE_MEMORY_H 1
| #define HAVE_STRINGS_H 1
| #define HAVE_INTTYPES_H 1
| #define HAVE_STDINT_H 1
| #define HAVE_UNISTD_H 1
| #define HAVE_DLFCN_H 1
| #define LT_OBJDIR ".libs/"
| /* end confdefs.h.  */
| #include <CoreFoundation/CFLocale.h>
| int
| main ()
| {
| CFLocaleCopyCurrent();
|   ;
|   return 0;
| }
configure:13986: result: no
configure:14035: checking for GNU gettext in libc
configure:14059: gcc -o conftest -g -O2   conftest.c  >&5
configure:14059: $? = 0
configure:14068: result: yes
configure:14905: checking whether to use NLS
configure:14907: result: yes
configure:14910: checking where the gettext function comes from
configure:14921: result: libc
configure:15071: checking for pkg-config
configure:15089: found /usr/bin/pkg-config
configure:15101: result: /usr/bin/pkg-config
configure:15126: checking pkg-config is at least version 0.16
configure:15129: result: yes
configure:15146: checking for GLIB - version >= 2.46.0
configure:15258: gcc -o conftest -g -O2 -pthread -I/home/shena/work/player/build/..//install//release/include/glib-2.0 -I/home/shena/work/player/build/..//install//release/lib/glib-2.0/include -I/home/shena/work/player/build/..//install//release/include   conftest.c -L/home/shena/work/player/build/..//install//release/lib -lgio-2.0 -lgobject-2.0 -lglib-2.0  >&5
configure:15258: $? = 0
configure:15258: ./conftest
configure:15258: $? = 0
configure:15272: result: yes (version 2.50.2)
configure:15353: checking for gio-querymodules
configure:15371: found /home/shena/work/player/build/..//install//release//bin//gio-querymodules
configure:15383: result: /home/shena/work/player/build/..//install//release//bin//gio-querymodules
configure:15448: checking for LIBPROXY
configure:15455: $PKG_CONFIG --exists --print-errors "libproxy-1.0 >= 0.3.1"
Package libproxy-1.0 was not found in the pkg-config search path.
Perhaps you should add the directory containing `libproxy-1.0.pc'
to the PKG_CONFIG_PATH environment variable
No package 'libproxy-1.0' found
configure:15458: $? = 1
configure:15472: $PKG_CONFIG --exists --print-errors "libproxy-1.0 >= 0.3.1"
Package libproxy-1.0 was not found in the pkg-config search path.
Perhaps you should add the directory containing `libproxy-1.0.pc'
to the PKG_CONFIG_PATH environment variable
No package 'libproxy-1.0' found
configure:15475: $? = 1
configure:15489: result: no
No package 'libproxy-1.0' found
configure:15550: checking for GSETTINGS_DESKTOP_SCHEMAS
configure:15557: $PKG_CONFIG --exists --print-errors "gsettings-desktop-schemas"
Package gsettings-desktop-schemas was not found in the pkg-config search path.
Perhaps you should add the directory containing `gsettings-desktop-schemas.pc'
to the PKG_CONFIG_PATH environment variable
No package 'gsettings-desktop-schemas' found
configure:15560: $? = 1
configure:15574: $PKG_CONFIG --exists --print-errors "gsettings-desktop-schemas"
Package gsettings-desktop-schemas was not found in the pkg-config search path.
Perhaps you should add the directory containing `gsettings-desktop-schemas.pc'
to the PKG_CONFIG_PATH environment variable
No package 'gsettings-desktop-schemas' found
configure:15577: $? = 1
configure:15591: result: no
No package 'gsettings-desktop-schemas' found
configure:15654: checking for GNUTLS
configure:15661: $PKG_CONFIG --exists --print-errors "gnutls >= $GNUTLS_MIN_REQUIRED"
configure:15664: $? = 0
configure:15678: $PKG_CONFIG --exists --print-errors "gnutls >= $GNUTLS_MIN_REQUIRED"
configure:15681: $? = 0
configure:15729: result: yes
configure:15747: checking location of system Certificate Authority list
configure:15772: result: /etc/ssl/ca-bundle.crt
configure:15796: checking for PKCS11
configure:15803: $PKG_CONFIG --exists --print-errors "p11-kit-1 >= $P11_KIT_REQUIRED"
configure:15806: $? = 0
configure:15820: $PKG_CONFIG --exists --print-errors "p11-kit-1 >= $P11_KIT_REQUIRED"
configure:15823: $? = 0
configure:15873: result: yes
configure:16162: checking that generated files are newer than configure
configure:16168: result: done
configure:16223: creating ./config.status

## ---------------------- ##
## Running config.status. ##
## ---------------------- ##

This file was extended by glib-networking config.status 2.50.0, which was
generated by GNU Autoconf 2.69.  Invocation command line was

  CONFIG_FILES    = 
  CONFIG_HEADERS  = 
  CONFIG_LINKS    = 
  CONFIG_COMMANDS = 
  $ ./config.status 

on player1604

config.status:1163: creating Makefile
config.status:1163: creating po/Makefile.in
config.status:1163: creating po/Makefile
config.status:1163: creating proxy/libproxy/Makefile
config.status:1163: creating proxy/gnome/Makefile
config.status:1163: creating proxy/tests/Makefile
config.status:1163: creating tls/gnutls/Makefile
config.status:1163: creating tls/pkcs11/Makefile
config.status:1163: creating tls/tests/Makefile
config.status:1163: creating config.h
config.status:1392: executing depfiles commands
config.status:1392: executing libtool commands
config.status:1392: executing po-directories commands
configure:18505: WARNING: Specified certificate authority file '/etc/ssl/ca-bundle.crt' does not exist

## ---------------- ##
## Cache variables. ##
## ---------------- ##

ac_cv_build=x86_64-unknown-linux-gnu
ac_cv_c_compiler_gnu=yes
ac_cv_env_CC_set=
ac_cv_env_CC_value=
ac_cv_env_CFLAGS_set=
ac_cv_env_CFLAGS_value=
ac_cv_env_CPPFLAGS_set=
ac_cv_env_CPPFLAGS_value=
ac_cv_env_CPP_set=
ac_cv_env_CPP_value=
ac_cv_env_GNUTLS_CFLAGS_set=
ac_cv_env_GNUTLS_CFLAGS_value=
ac_cv_env_GNUTLS_LIBS_set=
ac_cv_env_GNUTLS_LIBS_value=
ac_cv_env_GSETTINGS_DESKTOP_SCHEMAS_CFLAGS_set=
ac_cv_env_GSETTINGS_DESKTOP_SCHEMAS_CFLAGS_value=
ac_cv_env_GSETTINGS_DESKTOP_SCHEMAS_LIBS_set=
ac_cv_env_GSETTINGS_DESKTOP_SCHEMAS_LIBS_value=
ac_cv_env_LDFLAGS_set=
ac_cv_env_LDFLAGS_value=
ac_cv_env_LIBPROXY_CFLAGS_set=
ac_cv_env_LIBPROXY_CFLAGS_value=
ac_cv_env_LIBPROXY_LIBS_set=
ac_cv_env_LIBPROXY_LIBS_value=
ac_cv_env_LIBS_set=
ac_cv_env_LIBS_value=
ac_cv_env_LT_SYS_LIBRARY_PATH_set=
ac_cv_env_LT_SYS_LIBRARY_PATH_value=
ac_cv_env_PKCS11_CFLAGS_set=
ac_cv_env_PKCS11_CFLAGS_value=
ac_cv_env_PKCS11_LIBS_set=
ac_cv_env_PKCS11_LIBS_value=
ac_cv_env_PKG_CONFIG_LIBDIR_set=
ac_cv_env_PKG_CONFIG_LIBDIR_value=
ac_cv_env_PKG_CONFIG_PATH_set=set
ac_cv_env_PKG_CONFIG_PATH_value=/home/shena/work/player/build/..//install//release//lib//pkgconfig:/usr/lib/pkgconfig:/usr/lib/x86_64-linux-gnu/pkgconfig:/usr/share/pkgconfig
ac_cv_env_PKG_CONFIG_set=
ac_cv_env_PKG_CONFIG_value=
ac_cv_env_build_alias_set=
ac_cv_env_build_alias_value=
ac_cv_env_host_alias_set=
ac_cv_env_host_alias_value=
ac_cv_env_target_alias_set=
ac_cv_env_target_alias_value=
ac_cv_header_dlfcn_h=yes
ac_cv_header_inttypes_h=yes
ac_cv_header_memory_h=yes
ac_cv_header_stdc=yes
ac_cv_header_stdint_h=yes
ac_cv_header_stdlib_h=yes
ac_cv_header_string_h=yes
ac_cv_header_strings_h=yes
ac_cv_header_sys_stat_h=yes
ac_cv_header_sys_types_h=yes
ac_cv_header_unistd_h=yes
ac_cv_host=x86_64-unknown-linux-gnu
ac_cv_objext=o
ac_cv_path_EGREP='/bin/grep -E'
ac_cv_path_FGREP='/bin/grep -F'
ac_cv_path_GIO_QUERYMODULES=/home/shena/work/player/build/..//install//release//bin//gio-querymodules
ac_cv_path_GMSGFMT=/usr/bin/msgfmt
ac_cv_path_GREP=/bin/grep
ac_cv_path_MSGFMT=/usr/bin/msgfmt
ac_cv_path_MSGMERGE=/usr/bin/msgmerge
ac_cv_path_SED=/bin/sed
ac_cv_path_XGETTEXT=/usr/bin/xgettext
ac_cv_path_ac_pt_PKG_CONFIG=/usr/bin/pkg-config
ac_cv_path_install='/usr/bin/install -c'
ac_cv_path_lt_DD=/bin/dd
ac_cv_path_mkdir=/bin/mkdir
ac_cv_prog_AWK=mawk
ac_cv_prog_CPP='gcc -E'
ac_cv_prog_ac_ct_AR=ar
ac_cv_prog_ac_ct_CC=gcc
ac_cv_prog_ac_ct_MANIFEST_TOOL=mt
ac_cv_prog_ac_ct_OBJDUMP=objdump
ac_cv_prog_ac_ct_RANLIB=ranlib
ac_cv_prog_ac_ct_STRIP=strip
ac_cv_prog_cc_c89=
ac_cv_prog_cc_g=yes
ac_cv_prog_make_make_set=yes
acl_cv_hardcode_direct=no
acl_cv_hardcode_libdir_flag_spec='${wl}-rpath ${wl}$libdir'
acl_cv_hardcode_libdir_separator=
acl_cv_hardcode_minus_L=no
acl_cv_libext=a
acl_cv_libname_spec='lib$name'
acl_cv_library_names_spec='$libname$shrext'
acl_cv_path_LD='/usr/bin/ld -m elf_x86_64'
acl_cv_prog_gnu_ld=yes
acl_cv_rpath=done
acl_cv_shlibext=so
acl_cv_wl=-Wl,
am_cv_CC_dependencies_compiler_type=gcc3
am_cv_make_support_nested_variables=yes
am_cv_prog_cc_c_o=yes
gt_cv_func_CFLocaleCopyCurrent=no
gt_cv_func_CFPreferencesCopyAppValue=no
gt_cv_func_gnugettext1_libc=yes
lt_cv_ar_at_file=@
lt_cv_archive_cmds_need_lc=no
lt_cv_deplibs_check_method=pass_all
lt_cv_file_magic_cmd='$MAGIC_CMD'
lt_cv_file_magic_test_file=
lt_cv_ld_reload_flag=-r
lt_cv_nm_interface='BSD nm'
lt_cv_objdir=.libs
lt_cv_path_LD=/usr/bin/ld
lt_cv_path_NM='/usr/bin/nm -B'
lt_cv_path_mainfest_tool=no
lt_cv_prog_compiler_c_o=yes
lt_cv_prog_compiler_pic='-fPIC -DPIC'
lt_cv_prog_compiler_pic_works=yes
lt_cv_prog_compiler_rtti_exceptions=no
lt_cv_prog_compiler_static_works=yes
lt_cv_prog_gnu_ld=yes
lt_cv_sharedlib_from_linklib_cmd='printf %s\n'
lt_cv_shlibpath_overrides_runpath=no
lt_cv_sys_global_symbol_pipe='sed -n -e '\''s/^.*[	 ]\([ABCDGIRSTW][ABCDGIRSTW]*\)[	 ][	 ]*\([_A-Za-z][_A-Za-z0-9]*\)$/\1 \2 \2/p'\'' | sed '\''/ __gnu_lto/d'\'''
lt_cv_sys_global_symbol_to_c_name_address='sed -n -e '\''s/^: \(.*\) .*$/  {"\1", (void *) 0},/p'\'' -e '\''s/^[ABCDGIRSTW][ABCDGIRSTW]* .* \(.*\)$/  {"\1", (void *) \&\1},/p'\'''
lt_cv_sys_global_symbol_to_c_name_address_lib_prefix='sed -n -e '\''s/^: \(.*\) .*$/  {"\1", (void *) 0},/p'\'' -e '\''s/^[ABCDGIRSTW][ABCDGIRSTW]* .* \(lib.*\)$/  {"\1", (void *) \&\1},/p'\'' -e '\''s/^[ABCDGIRSTW][ABCDGIRSTW]* .* \(.*\)$/  {"lib\1", (void *) \&\1},/p'\'''
lt_cv_sys_global_symbol_to_cdecl='sed -n -e '\''s/^T .* \(.*\)$/extern int \1();/p'\'' -e '\''s/^[ABCDGIRSTW][ABCDGIRSTW]* .* \(.*\)$/extern char \1;/p'\'''
lt_cv_sys_global_symbol_to_import=
lt_cv_sys_max_cmd_len=1572864
lt_cv_to_host_file_cmd=func_convert_file_noop
lt_cv_to_tool_file_cmd=func_convert_file_noop
lt_cv_truncate_bin='/bin/dd bs=4096 count=1'
pkg_cv_GNUTLS_CFLAGS='-I/home/shena/work/player/build/..//install//release/include -I/usr/include/p11-kit-1'
pkg_cv_GNUTLS_LIBS='-L/home/shena/work/player/build/..//install//release/lib -lgnutls'
pkg_cv_PKCS11_CFLAGS=-I/usr/include/p11-kit-1
pkg_cv_PKCS11_LIBS=-lp11-kit

## ----------------- ##
## Output variables. ##
## ----------------- ##

ACLOCAL='${SHELL} /home/shena/work/player/core/glib-networking-2.50.0/missing aclocal-1.15'
AMDEPBACKSLASH='\'
AMDEP_FALSE='#'
AMDEP_TRUE=''
AMTAR='$${TAR-tar}'
AM_BACKSLASH='\'
AM_DEFAULT_V='$(AM_DEFAULT_VERBOSITY)'
AM_DEFAULT_VERBOSITY='0'
AM_V='$(V)'
AR='ar'
AUTOCONF='${SHELL} /home/shena/work/player/core/glib-networking-2.50.0/missing autoconf'
AUTOHEADER='${SHELL} /home/shena/work/player/core/glib-networking-2.50.0/missing autoheader'
AUTOMAKE='${SHELL} /home/shena/work/player/core/glib-networking-2.50.0/missing automake-1.15'
AWK='mawk'
CC='gcc'
CCDEPMODE='depmode=gcc3'
CFLAGS='-g -O2 		-Wall -Wstrict-prototypes -Werror=missing-prototypes 		-Werror=implicit-function-declaration 		-Werror=pointer-arith -Werror=init-self -Werror=format=2 		-Werror=missing-include-dirs 		-Werror=declaration-after-statement'
CPP='gcc -E'
CPPFLAGS=''
CYGPATH_W='echo'
DEFS='-DHAVE_CONFIG_H'
DEPDIR='.deps'
DLLTOOL='false'
DSYMUTIL=''
DUMPBIN=''
ECHO_C=''
ECHO_N='-n'
ECHO_T=''
EGREP='/bin/grep -E'
ENABLE_ALWAYS_BUILD_TESTS_FALSE=''
ENABLE_ALWAYS_BUILD_TESTS_TRUE='#'
ENABLE_INSTALLED_TESTS_FALSE=''
ENABLE_INSTALLED_TESTS_TRUE='#'
EXEEXT=''
FGREP='/bin/grep -F'
GETTEXT_MACRO_VERSION='0.19'
GETTEXT_PACKAGE='glib-networking'
GIO_MODULE_DIR='/home/shena/work/player/build/..//install//release/lib/gio/modules'
GIO_QUERYMODULES='/home/shena/work/player/build/..//install//release//bin//gio-querymodules'
GLIB_CFLAGS='-pthread -I/home/shena/work/player/build/..//install//release/include/glib-2.0 -I/home/shena/work/player/build/..//install//release/lib/glib-2.0/include -I/home/shena/work/player/build/..//install//release/include -DGLIB_VERSION_MIN_REQUIRED=GLIB_VERSION_2_46'
GLIB_COMPILE_RESOURCES='glib-compile-resources'
GLIB_GENMARSHAL='glib-genmarshal'
GLIB_LIBS='-L/home/shena/work/player/build/..//install//release/lib -lgio-2.0 -lgobject-2.0 -lglib-2.0'
GLIB_MKENUMS='glib-mkenums'
GMSGFMT='/usr/bin/msgfmt'
GMSGFMT_015='/usr/bin/msgfmt'
GNUTLS_CFLAGS='-I/home/shena/work/player/build/..//install//release/include -I/usr/include/p11-kit-1'
GNUTLS_LIBS='-L/home/shena/work/player/build/..//install//release/lib -lgnutls'
GOBJECT_QUERY='gobject-query'
GREP='/bin/grep'
GSETTINGS_DESKTOP_SCHEMAS_CFLAGS=''
GSETTINGS_DESKTOP_SCHEMAS_LIBS=''
HAVE_GNOME_PROXY_FALSE=''
HAVE_GNOME_PROXY_TRUE='#'
HAVE_GNUTLS_FALSE='#'
HAVE_GNUTLS_TRUE=''
HAVE_LIBPROXY_FALSE=''
HAVE_LIBPROXY_TRUE='#'
HAVE_PKCS11_FALSE='#'
HAVE_PKCS11_TRUE=''
INSTALL_DATA='${INSTALL} -m 644'
INSTALL_PROGRAM='${INSTALL}'
INSTALL_SCRIPT='${INSTALL}'
INSTALL_STRIP_PROGRAM='$(install_sh) -c -s'
INTLLIBS=''
INTL_MACOSX_LIBS=''
LD='/usr/bin/ld -m elf_x86_64'
LDFLAGS=''
LIBICONV='-liconv'
LIBINTL=''
LIBOBJS=''
LIBPROXY_CFLAGS=''
LIBPROXY_LIBS=''
LIBS=''
LIBTOOL='$(SHELL) $(top_builddir)/libtool'
LIPO=''
LN_S='ln -s'
LTLIBICONV='-liconv'
LTLIBINTL=''
LTLIBOBJS=''
LTP=''
LTP_GENHTML=''
LT_SYS_LIBRARY_PATH=''
MAINT=''
MAINTAINER_MODE_FALSE='#'
MAINTAINER_MODE_TRUE=''
MAKEINFO='${SHELL} /home/shena/work/player/core/glib-networking-2.50.0/missing makeinfo'
MANIFEST_TOOL=':'
MKDIR_P='/bin/mkdir -p'
MSGFMT='/usr/bin/msgfmt'
MSGFMT_015='/usr/bin/msgfmt'
MSGMERGE='/usr/bin/msgmerge'
NM='/usr/bin/nm -B'
NMEDIT=''
OBJDUMP='objdump'
OBJEXT='o'
OTOOL64=''
OTOOL=''
PACKAGE='glib-networking'
PACKAGE_BUGREPORT='http://bugzilla.gnome.org/enter_bug.cgi?product=glib&component=network'
PACKAGE_NAME='glib-networking'
PACKAGE_STRING='glib-networking 2.50.0'
PACKAGE_TARNAME='glib-networking'
PACKAGE_URL=''
PACKAGE_VERSION='2.50.0'
PATH_SEPARATOR=':'
PKCS11_CFLAGS='-I/usr/include/p11-kit-1'
PKCS11_LIBS='-lp11-kit'
PKG_CONFIG='/usr/bin/pkg-config'
PKG_CONFIG_LIBDIR=''
PKG_CONFIG_PATH='/home/shena/work/player/build/..//install//release//lib//pkgconfig:/usr/lib/pkgconfig:/usr/lib/x86_64-linux-gnu/pkgconfig:/usr/share/pkgconfig'
POSUB='po'
RANLIB='ranlib'
SED='/bin/sed'
SET_MAKE=''
SHELL='/bin/bash'
STRIP='strip'
USE_NLS='yes'
VERSION='2.50.0'
XGETTEXT='/usr/bin/xgettext'
XGETTEXT_015='/usr/bin/xgettext'
XGETTEXT_EXTRA_OPTIONS=''
ac_ct_AR='ar'
ac_ct_CC='gcc'
ac_ct_DUMPBIN=''
am__EXEEXT_FALSE=''
am__EXEEXT_TRUE='#'
am__fastdepCC_FALSE='#'
am__fastdepCC_TRUE=''
am__include='include'
am__isrc=''
am__leading_dot='.'
am__nodep='_no'
am__quote=''
am__tar='$${TAR-tar} chof - "$$tardir"'
am__untar='$${TAR-tar} xf -'
bindir='${exec_prefix}/bin'
build='x86_64-unknown-linux-gnu'
build_alias=''
build_cpu='x86_64'
build_os='linux-gnu'
build_vendor='unknown'
datadir='${datarootdir}'
datarootdir='${prefix}/share'
docdir='${datarootdir}/doc/${PACKAGE_TARNAME}'
dvidir='${docdir}'
exec_prefix='${prefix}'
host='x86_64-unknown-linux-gnu'
host_alias=''
host_cpu='x86_64'
host_os='linux-gnu'
host_vendor='unknown'
htmldir='${docdir}'
includedir='${prefix}/include'
infodir='${datarootdir}/info'
install_sh='${SHELL} /home/shena/work/player/core/glib-networking-2.50.0/install-sh'
installed_test_metadir=''
installed_testdir=''
libdir='${exec_prefix}/lib'
libexecdir='${exec_prefix}/libexec'
localedir='${datarootdir}/locale'
localstatedir='${prefix}/var'
mandir='${datarootdir}/man'
mkdir_p='$(MKDIR_P)'
oldincludedir='/usr/include'
pdfdir='${docdir}'
prefix='/home/shena/work/player/build/..//install//release'
program_transform_name='s,x,x,'
psdir='${docdir}'
sbindir='${exec_prefix}/sbin'
sharedstatedir='${prefix}/com'
sysconfdir='${prefix}/etc'
target_alias=''

## ----------- ##
## confdefs.h. ##
## ----------- ##

/* confdefs.h */
#define PACKAGE_NAME "glib-networking"
#define PACKAGE_TARNAME "glib-networking"
#define PACKAGE_VERSION "2.50.0"
#define PACKAGE_STRING "glib-networking 2.50.0"
#define PACKAGE_BUGREPORT "http://bugzilla.gnome.org/enter_bug.cgi?product=glib&component=network"
#define PACKAGE_URL ""
#define PACKAGE "glib-networking"
#define VERSION "2.50.0"
#define STDC_HEADERS 1
#define HAVE_SYS_TYPES_H 1
#define HAVE_SYS_STAT_H 1
#define HAVE_STDLIB_H 1
#define HAVE_STRING_H 1
#define HAVE_MEMORY_H 1
#define HAVE_STRINGS_H 1
#define HAVE_INTTYPES_H 1
#define HAVE_STDINT_H 1
#define HAVE_UNISTD_H 1
#define HAVE_DLFCN_H 1
#define LT_OBJDIR ".libs/"
#define ENABLE_NLS 1
#define HAVE_GETTEXT 1
#define HAVE_DCGETTEXT 1
#define GETTEXT_PACKAGE "glib-networking"
#define GTLS_SYSTEM_CA_FILE "/etc/ssl/ca-bundle.crt"
#define HAVE_PKCS11 1

configure: exit 0
