This file contains any messages produced by compilers while
running configure, to aid debugging if configure makes a mistake.

It was created by GStreamer libav configure 1.10.2, which was
generated by GNU Autoconf 2.69.  Invocation command line was

  $ ./configure --prefix=/home/shena/work/player/build/..//install//release/ --with-package-name=GStreamer Libav Plugins 1.10.2 BLFS --with-package-origin=http://www.linuxfromscratch.org/blfs/view/svn/ --with-libav-extra-configure=--disable-yasm

## --------- ##
## Platform. ##
## --------- ##

hostname = player1604
uname -m = x86_64
uname -r = 4.4.0-53-generic
uname -s = Linux
uname -v = #74-Ubuntu SMP Fri Dec 2 15:59:10 UTC 2016

/usr/bin/uname -p = unknown
/bin/uname -X     = unknown

/bin/arch              = unknown
/usr/bin/arch -k       = unknown
/usr/convex/getsysinfo = unknown
/usr/bin/hostinfo      = unknown
/bin/machine           = unknown
/usr/bin/oslevel       = unknown
/bin/universe          = unknown

PATH: /home/shena/work/player/build/..//install//release//bin/
PATH: /home/shena/work/player/build/..//install//release//bin/
PATH: /home/shena/work/player/build/..//install//release//bin/
PATH: /home/shena/work/player/build/..//install//release//bin/
PATH: /home/shena/work/player/build/..//install//release//bin/
PATH: /home/shena/work/player/build/..//install//release//bin/
PATH: /usr/local/sbin
PATH: /usr/local/bin
PATH: /usr/sbin
PATH: /usr/bin
PATH: /sbin
PATH: /bin
PATH: /usr/games
PATH: /usr/local/games
PATH: /snap/bin


## ----------- ##
## Core tests. ##
## ----------- ##

configure:2589: checking build system type
configure:2603: result: x86_64-pc-linux-gnu
configure:2623: checking host system type
configure:2636: result: x86_64-pc-linux-gnu
configure:2656: checking target system type
configure:2669: result: x86_64-pc-linux-gnu
configure:2715: checking for a BSD-compatible install
configure:2783: result: /usr/bin/install -c
configure:2794: checking whether build environment is sane
configure:2849: result: yes
configure:3000: checking for a thread-safe mkdir -p
configure:3039: result: /bin/mkdir -p
configure:3046: checking for gawk
configure:3076: result: no
configure:3046: checking for mawk
configure:3062: found /usr/bin/mawk
configure:3073: result: mawk
configure:3084: checking whether make sets $(MAKE)
configure:3106: result: yes
configure:3135: checking whether make supports nested variables
configure:3152: result: yes
configure:3241: checking whether UID '1000' is supported by ustar format
configure:3244: result: yes
configure:3251: checking whether GID '1000' is supported by ustar format
configure:3254: result: yes
configure:3262: checking how to create a ustar tar archive
configure:3273: tar --version
tar (GNU tar) 1.28
Copyright (C) 2014 Free Software Foundation, Inc.
License GPLv3+: GNU GPL version 3 or later <http://gnu.org/licenses/gpl.html>.
This is free software: you are free to change and redistribute it.
There is NO WARRANTY, to the extent permitted by law.

Written by John Gilmore and Jay Fenlason.
configure:3276: $? = 0
configure:3316: tardir=conftest.dir && eval tar --format=ustar -chf - "$tardir" >conftest.tar
configure:3319: $? = 0
configure:3323: tar -xf - <conftest.tar
configure:3326: $? = 0
configure:3328: cat conftest.dir/file
GrepMe
configure:3331: $? = 0
configure:3344: result: gnutar
configure:3406: checking nano version
configure:3412: result: 0 (release)
configure:3438: checking whether to enable maintainer-specific portions of Makefiles
configure:3447: result: yes
configure:3474: checking whether make supports nested variables
configure:3491: result: yes
configure:3560: checking how to print strings
configure:3587: result: printf
configure:3620: checking for style of include used by make
configure:3648: result: GNU
configure:3719: checking for gcc
configure:3735: found /usr/bin/gcc
configure:3746: result: gcc
configure:3975: checking for C compiler version
configure:3984: gcc --version >&5
gcc (Ubuntu 5.4.0-6ubuntu1~16.04.4) 5.4.0 20160609
Copyright (C) 2015 Free Software Foundation, Inc.
This is free software; see the source for copying conditions.  There is NO
warranty; not even for MERCHANTABILITY or FITNESS FOR A PARTICULAR PURPOSE.

configure:3995: $? = 0
configure:3984: gcc -v >&5
Using built-in specs.
COLLECT_GCC=gcc
COLLECT_LTO_WRAPPER=/usr/lib/gcc/x86_64-linux-gnu/5/lto-wrapper
Target: x86_64-linux-gnu
Configured with: ../src/configure -v --with-pkgversion='Ubuntu 5.4.0-6ubuntu1~16.04.4' --with-bugurl=file:///usr/share/doc/gcc-5/README.Bugs --enable-languages=c,ada,c++,java,go,d,fortran,objc,obj-c++ --prefix=/usr --program-suffix=-5 --enable-shared --enable-linker-build-id --libexecdir=/usr/lib --without-included-gettext --enable-threads=posix --libdir=/usr/lib --enable-nls --with-sysroot=/ --enable-clocale=gnu --enable-libstdcxx-debug --enable-libstdcxx-time=yes --with-default-libstdcxx-abi=new --enable-gnu-unique-object --disable-vtable-verify --enable-libmpx --enable-plugin --with-system-zlib --disable-browser-plugin --enable-java-awt=gtk --enable-gtk-cairo --with-java-home=/usr/lib/jvm/java-1.5.0-gcj-5-amd64/jre --enable-java-home --with-jvm-root-dir=/usr/lib/jvm/java-1.5.0-gcj-5-amd64 --with-jvm-jar-dir=/usr/lib/jvm-exports/java-1.5.0-gcj-5-amd64 --with-arch-directory=amd64 --with-ecj-jar=/usr/share/java/eclipse-ecj.jar --enable-objc-gc --enable-multiarch --disable-werror --with-arch-32=i686 --with-abi=m64 --with-multilib-list=m32,m64,mx32 --enable-multilib --with-tune=generic --enable-checking=release --build=x86_64-linux-gnu --host=x86_64-linux-gnu --target=x86_64-linux-gnu
Thread model: posix
gcc version 5.4.0 20160609 (Ubuntu 5.4.0-6ubuntu1~16.04.4) 
configure:3995: $? = 0
configure:3984: gcc -V >&5
gcc: error: unrecognized command line option '-V'
gcc: fatal error: no input files
compilation terminated.
configure:3995: $? = 1
configure:3984: gcc -qversion >&5
gcc: error: unrecognized command line option '-qversion'
gcc: fatal error: no input files
compilation terminated.
configure:3995: $? = 1
configure:4015: checking whether the C compiler works
configure:4037: gcc    conftest.c  >&5
configure:4041: $? = 0
configure:4089: result: yes
configure:4092: checking for C compiler default output file name
configure:4094: result: a.out
configure:4100: checking for suffix of executables
configure:4107: gcc -o conftest    conftest.c  >&5
configure:4111: $? = 0
configure:4133: result: 
configure:4155: checking whether we are cross compiling
configure:4163: gcc -o conftest    conftest.c  >&5
configure:4167: $? = 0
configure:4174: ./conftest
configure:4178: $? = 0
configure:4193: result: no
configure:4198: checking for suffix of object files
configure:4220: gcc -c   conftest.c >&5
configure:4224: $? = 0
configure:4245: result: o
configure:4249: checking whether we are using the GNU C compiler
configure:4268: gcc -c   conftest.c >&5
configure:4268: $? = 0
configure:4277: result: yes
configure:4286: checking whether gcc accepts -g
configure:4306: gcc -c -g  conftest.c >&5
configure:4306: $? = 0
configure:4347: result: yes
configure:4364: checking for gcc option to accept ISO C89
configure:4427: gcc  -c -g -O2  conftest.c >&5
configure:4427: $? = 0
configure:4440: result: none needed
configure:4465: checking whether gcc understands -c and -o together
configure:4487: gcc -c conftest.c -o conftest2.o
configure:4490: $? = 0
configure:4487: gcc -c conftest.c -o conftest2.o
configure:4490: $? = 0
configure:4502: result: yes
configure:4521: checking dependency style of gcc
configure:4632: result: gcc3
configure:4647: checking for a sed that does not truncate output
configure:4711: result: /bin/sed
configure:4729: checking for grep that handles long lines and -e
configure:4787: result: /bin/grep
configure:4792: checking for egrep
configure:4854: result: /bin/grep -E
configure:4859: checking for fgrep
configure:4921: result: /bin/grep -F
configure:4956: checking for ld used by gcc
configure:5023: result: /usr/bin/ld
configure:5030: checking if the linker (/usr/bin/ld) is GNU ld
configure:5045: result: yes
configure:5057: checking for BSD- or MS-compatible name lister (nm)
configure:5111: result: /usr/bin/nm -B
configure:5241: checking the name lister (/usr/bin/nm -B) interface
configure:5248: gcc -c -g -O2  conftest.c >&5
configure:5251: /usr/bin/nm -B "conftest.o"
configure:5254: output
0000000000000000 B some_variable
configure:5261: result: BSD nm
configure:5264: checking whether ln -s works
configure:5268: result: yes
configure:5276: checking the maximum length of command line arguments
configure:5407: result: 1572864
configure:5455: checking how to convert x86_64-pc-linux-gnu file names to x86_64-pc-linux-gnu format
configure:5495: result: func_convert_file_noop
configure:5502: checking how to convert x86_64-pc-linux-gnu file names to toolchain format
configure:5522: result: func_convert_file_noop
configure:5529: checking for /usr/bin/ld option to reload object files
configure:5536: result: -r
configure:5610: checking for objdump
configure:5626: found /usr/bin/objdump
configure:5637: result: objdump
configure:5666: checking how to recognize dependent libraries
configure:5866: result: pass_all
configure:5951: checking for dlltool
configure:5981: result: no
configure:6008: checking how to associate runtime and link libraries
configure:6035: result: printf %s\n
configure:6096: checking for ar
configure:6112: found /usr/bin/ar
configure:6123: result: ar
configure:6160: checking for archiver @FILE support
configure:6177: gcc -c -g -O2  conftest.c >&5
configure:6177: $? = 0
configure:6180: ar cru libconftest.a @conftest.lst >&5
ar: `u' modifier ignored since `D' is the default (see `U')
configure:6183: $? = 0
configure:6188: ar cru libconftest.a @conftest.lst >&5
ar: `u' modifier ignored since `D' is the default (see `U')
ar: conftest.o: No such file or directory
configure:6191: $? = 1
configure:6203: result: @
configure:6261: checking for strip
configure:6277: found /usr/bin/strip
configure:6288: result: strip
configure:6360: checking for ranlib
configure:6376: found /usr/bin/ranlib
configure:6387: result: ranlib
configure:6489: checking command to parse /usr/bin/nm -B output from gcc object
configure:6642: gcc -c -g -O2  conftest.c >&5
configure:6645: $? = 0
configure:6649: /usr/bin/nm -B conftest.o \| sed -n -e 's/^.*[ ]\([ABCDGIRSTW][ABCDGIRSTW]*\)[ ][ ]*\([_A-Za-z][_A-Za-z0-9]*\)$/\1 \2 \2/p' | sed '/ __gnu_lto/d' \> conftest.nm
configure:6652: $? = 0
configure:6718: gcc -o conftest -g -O2   conftest.c conftstm.o >&5
configure:6721: $? = 0
configure:6759: result: ok
configure:6806: checking for sysroot
configure:6836: result: no
configure:6843: checking for a working dd
configure:6881: result: /bin/dd
configure:6885: checking how to truncate binary pipes
configure:6900: result: /bin/dd bs=4096 count=1
configure:7036: gcc -c -g -O2  conftest.c >&5
configure:7039: $? = 0
configure:7229: checking for mt
configure:7245: found /bin/mt
configure:7256: result: mt
configure:7279: checking if mt is a manifest tool
configure:7285: mt '-?'
configure:7293: result: no
configure:7970: checking how to run the C preprocessor
configure:8001: gcc -E  conftest.c
configure:8001: $? = 0
configure:8015: gcc -E  conftest.c
conftest.c:11:28: fatal error: ac_nonexistent.h: No such file or directory
compilation terminated.
configure:8015: $? = 1
configure: failed program was:
| /* confdefs.h */
| #define PACKAGE_NAME "GStreamer libav"
| #define PACKAGE_TARNAME "gst-libav"
| #define PACKAGE_VERSION "1.10.2"
| #define PACKAGE_STRING "GStreamer libav 1.10.2"
| #define PACKAGE_BUGREPORT "http://bugzilla.gnome.org/enter_bug.cgi?product=GStreamer"
| #define PACKAGE_URL ""
| #define PACKAGE "gst-libav"
| #define VERSION "1.10.2"
| /* end confdefs.h.  */
| #include <ac_nonexistent.h>
configure:8040: result: gcc -E
configure:8060: gcc -E  conftest.c
configure:8060: $? = 0
configure:8074: gcc -E  conftest.c
conftest.c:11:28: fatal error: ac_nonexistent.h: No such file or directory
compilation terminated.
configure:8074: $? = 1
configure: failed program was:
| /* confdefs.h */
| #define PACKAGE_NAME "GStreamer libav"
| #define PACKAGE_TARNAME "gst-libav"
| #define PACKAGE_VERSION "1.10.2"
| #define PACKAGE_STRING "GStreamer libav 1.10.2"
| #define PACKAGE_BUGREPORT "http://bugzilla.gnome.org/enter_bug.cgi?product=GStreamer"
| #define PACKAGE_URL ""
| #define PACKAGE "gst-libav"
| #define VERSION "1.10.2"
| /* end confdefs.h.  */
| #include <ac_nonexistent.h>
configure:8103: checking for ANSI C header files
configure:8123: gcc -c -g -O2  conftest.c >&5
configure:8123: $? = 0
configure:8196: gcc -o conftest -g -O2   conftest.c  >&5
configure:8196: $? = 0
configure:8196: ./conftest
configure:8196: $? = 0
configure:8207: result: yes
configure:8220: checking for sys/types.h
configure:8220: gcc -c -g -O2  conftest.c >&5
configure:8220: $? = 0
configure:8220: result: yes
configure:8220: checking for sys/stat.h
configure:8220: gcc -c -g -O2  conftest.c >&5
configure:8220: $? = 0
configure:8220: result: yes
configure:8220: checking for stdlib.h
configure:8220: gcc -c -g -O2  conftest.c >&5
configure:8220: $? = 0
configure:8220: result: yes
configure:8220: checking for string.h
configure:8220: gcc -c -g -O2  conftest.c >&5
configure:8220: $? = 0
configure:8220: result: yes
configure:8220: checking for memory.h
configure:8220: gcc -c -g -O2  conftest.c >&5
configure:8220: $? = 0
configure:8220: result: yes
configure:8220: checking for strings.h
configure:8220: gcc -c -g -O2  conftest.c >&5
configure:8220: $? = 0
configure:8220: result: yes
configure:8220: checking for inttypes.h
configure:8220: gcc -c -g -O2  conftest.c >&5
configure:8220: $? = 0
configure:8220: result: yes
configure:8220: checking for stdint.h
configure:8220: gcc -c -g -O2  conftest.c >&5
configure:8220: $? = 0
configure:8220: result: yes
configure:8220: checking for unistd.h
configure:8220: gcc -c -g -O2  conftest.c >&5
configure:8220: $? = 0
configure:8220: result: yes
configure:8234: checking for dlfcn.h
configure:8234: gcc -c -g -O2  conftest.c >&5
configure:8234: $? = 0
configure:8234: result: yes
configure:8804: checking for objdir
configure:8819: result: .libs
configure:9083: checking if gcc supports -fno-rtti -fno-exceptions
configure:9101: gcc -c -g -O2  -fno-rtti -fno-exceptions conftest.c >&5
cc1: warning: command line option '-fno-rtti' is valid for C++/ObjC++ but not for C
configure:9105: $? = 0
configure:9118: result: no
configure:9476: checking for gcc option to produce PIC
configure:9483: result: -fPIC -DPIC
configure:9491: checking if gcc PIC flag -fPIC -DPIC works
configure:9509: gcc -c -g -O2  -fPIC -DPIC -DPIC conftest.c >&5
configure:9513: $? = 0
configure:9526: result: yes
configure:9555: checking if gcc static flag -static works
configure:9583: result: yes
configure:9598: checking if gcc supports -c -o file.o
configure:9619: gcc -c -g -O2  -o out/conftest2.o conftest.c >&5
configure:9623: $? = 0
configure:9645: result: yes
configure:9653: checking if gcc supports -c -o file.o
configure:9700: result: yes
configure:9733: checking whether the gcc linker (/usr/bin/ld -m elf_x86_64) supports shared libraries
configure:10996: result: yes
configure:11033: checking whether -lc should be explicitly linked in
configure:11041: gcc -c -g -O2  conftest.c >&5
configure:11044: $? = 0
configure:11059: gcc -shared  -fPIC -DPIC conftest.o  -v -Wl,-soname -Wl,conftest -o conftest 2\>\&1 \| /bin/grep  -lc  \>/dev/null 2\>\&1
configure:11062: $? = 0
configure:11076: result: no
configure:11236: checking dynamic linker characteristics
configure:11817: gcc -o conftest -g -O2   -Wl,-rpath -Wl,/foo conftest.c  >&5
configure:11817: $? = 0
configure:12066: result: GNU/Linux ld.so
configure:12188: checking how to hardcode library paths into programs
configure:12213: result: immediate
configure:12315: checking for shl_load
configure:12315: gcc -o conftest -g -O2   conftest.c  >&5
/tmp/cca5FOnQ.o: In function `main':
/home/shena/work/player/core/gst-libav-1.10.2/conftest.c:57: undefined reference to `shl_load'
collect2: error: ld returned 1 exit status
configure:12315: $? = 1
configure: failed program was:
| /* confdefs.h */
| #define PACKAGE_NAME "GStreamer libav"
| #define PACKAGE_TARNAME "gst-libav"
| #define PACKAGE_VERSION "1.10.2"
| #define PACKAGE_STRING "GStreamer libav 1.10.2"
| #define PACKAGE_BUGREPORT "http://bugzilla.gnome.org/enter_bug.cgi?product=GStreamer"
| #define PACKAGE_URL ""
| #define PACKAGE "gst-libav"
| #define VERSION "1.10.2"
| #define STDC_HEADERS 1
| #define HAVE_SYS_TYPES_H 1
| #define HAVE_SYS_STAT_H 1
| #define HAVE_STDLIB_H 1
| #define HAVE_STRING_H 1
| #define HAVE_MEMORY_H 1
| #define HAVE_STRINGS_H 1
| #define HAVE_INTTYPES_H 1
| #define HAVE_STDINT_H 1
| #define HAVE_UNISTD_H 1
| #define HAVE_DLFCN_H 1
| #define LT_OBJDIR ".libs/"
| /* end confdefs.h.  */
| /* Define shl_load to an innocuous variant, in case <limits.h> declares shl_load.
|    For example, HP-UX 11i <limits.h> declares gettimeofday.  */
| #define shl_load innocuous_shl_load
| 
| /* System header to define __stub macros and hopefully few prototypes,
|     which can conflict with char shl_load (); below.
|     Prefer <limits.h> to <assert.h> if __STDC__ is defined, since
|     <limits.h> exists even on freestanding compilers.  */
| 
| #ifdef __STDC__
| # include <limits.h>
| #else
| # include <assert.h>
| #endif
| 
| #undef shl_load
| 
| /* Override any GCC internal prototype to avoid an error.
|    Use char because int might match the return type of a GCC
|    builtin and then its argument prototype would still apply.  */
| #ifdef __cplusplus
| extern "C"
| #endif
| char shl_load ();
| /* The GNU C library defines this for functions which it implements
|     to always fail with ENOSYS.  Some functions are actually named
|     something starting with __ and the normal name is an alias.  */
| #if defined __stub_shl_load || defined __stub___shl_load
| choke me
| #endif
| 
| int
| main ()
| {
| return shl_load ();
|   ;
|   return 0;
| }
configure:12315: result: no
configure:12319: checking for shl_load in -ldld
configure:12344: gcc -o conftest -g -O2   conftest.c -ldld   >&5
/usr/bin/ld: cannot find -ldld
collect2: error: ld returned 1 exit status
configure:12344: $? = 1
configure: failed program was:
| /* confdefs.h */
| #define PACKAGE_NAME "GStreamer libav"
| #define PACKAGE_TARNAME "gst-libav"
| #define PACKAGE_VERSION "1.10.2"
| #define PACKAGE_STRING "GStreamer libav 1.10.2"
| #define PACKAGE_BUGREPORT "http://bugzilla.gnome.org/enter_bug.cgi?product=GStreamer"
| #define PACKAGE_URL ""
| #define PACKAGE "gst-libav"
| #define VERSION "1.10.2"
| #define STDC_HEADERS 1
| #define HAVE_SYS_TYPES_H 1
| #define HAVE_SYS_STAT_H 1
| #define HAVE_STDLIB_H 1
| #define HAVE_STRING_H 1
| #define HAVE_MEMORY_H 1
| #define HAVE_STRINGS_H 1
| #define HAVE_INTTYPES_H 1
| #define HAVE_STDINT_H 1
| #define HAVE_UNISTD_H 1
| #define HAVE_DLFCN_H 1
| #define LT_OBJDIR ".libs/"
| /* end confdefs.h.  */
| 
| /* Override any GCC internal prototype to avoid an error.
|    Use char because int might match the return type of a GCC
|    builtin and then its argument prototype would still apply.  */
| #ifdef __cplusplus
| extern "C"
| #endif
| char shl_load ();
| int
| main ()
| {
| return shl_load ();
|   ;
|   return 0;
| }
configure:12353: result: no
configure:12358: checking for dlopen
configure:12358: gcc -o conftest -g -O2   conftest.c  >&5
/tmp/ccAw1T4Z.o: In function `main':
/home/shena/work/player/core/gst-libav-1.10.2/conftest.c:57: undefined reference to `dlopen'
collect2: error: ld returned 1 exit status
configure:12358: $? = 1
configure: failed program was:
| /* confdefs.h */
| #define PACKAGE_NAME "GStreamer libav"
| #define PACKAGE_TARNAME "gst-libav"
| #define PACKAGE_VERSION "1.10.2"
| #define PACKAGE_STRING "GStreamer libav 1.10.2"
| #define PACKAGE_BUGREPORT "http://bugzilla.gnome.org/enter_bug.cgi?product=GStreamer"
| #define PACKAGE_URL ""
| #define PACKAGE "gst-libav"
| #define VERSION "1.10.2"
| #define STDC_HEADERS 1
| #define HAVE_SYS_TYPES_H 1
| #define HAVE_SYS_STAT_H 1
| #define HAVE_STDLIB_H 1
| #define HAVE_STRING_H 1
| #define HAVE_MEMORY_H 1
| #define HAVE_STRINGS_H 1
| #define HAVE_INTTYPES_H 1
| #define HAVE_STDINT_H 1
| #define HAVE_UNISTD_H 1
| #define HAVE_DLFCN_H 1
| #define LT_OBJDIR ".libs/"
| /* end confdefs.h.  */
| /* Define dlopen to an innocuous variant, in case <limits.h> declares dlopen.
|    For example, HP-UX 11i <limits.h> declares gettimeofday.  */
| #define dlopen innocuous_dlopen
| 
| /* System header to define __stub macros and hopefully few prototypes,
|     which can conflict with char dlopen (); below.
|     Prefer <limits.h> to <assert.h> if __STDC__ is defined, since
|     <limits.h> exists even on freestanding compilers.  */
| 
| #ifdef __STDC__
| # include <limits.h>
| #else
| # include <assert.h>
| #endif
| 
| #undef dlopen
| 
| /* Override any GCC internal prototype to avoid an error.
|    Use char because int might match the return type of a GCC
|    builtin and then its argument prototype would still apply.  */
| #ifdef __cplusplus
| extern "C"
| #endif
| char dlopen ();
| /* The GNU C library defines this for functions which it implements
|     to always fail with ENOSYS.  Some functions are actually named
|     something starting with __ and the normal name is an alias.  */
| #if defined __stub_dlopen || defined __stub___dlopen
| choke me
| #endif
| 
| int
| main ()
| {
| return dlopen ();
|   ;
|   return 0;
| }
configure:12358: result: no
configure:12362: checking for dlopen in -ldl
configure:12387: gcc -o conftest -g -O2   conftest.c -ldl   >&5
configure:12387: $? = 0
configure:12396: result: yes
configure:12515: checking whether a program can dlopen itself
configure:12595: gcc -o conftest -g -O2  -DHAVE_DLFCN_H  -Wl,--export-dynamic conftest.c -ldl  >&5
configure:12598: $? = 0
configure:12616: result: yes
configure:12621: checking whether a statically linked program can dlopen itself
configure:12701: gcc -o conftest -g -O2  -DHAVE_DLFCN_H  -Wl,--export-dynamic -static conftest.c -ldl  >&5
/tmp/ccMjZDkf.o: In function `main':
/home/shena/work/player/core/gst-libav-1.10.2/configure:12680: warning: Using 'dlopen' in statically linked applications requires at runtime the shared libraries from the glibc version used for linking
/usr/bin/ld: dynamic STT_GNU_IFUNC symbol `strcmp' with pointer equality in `/usr/lib/gcc/x86_64-linux-gnu/5/../../../x86_64-linux-gnu/libc.a(strcmp.o)' can not be used when making an executable; recompile with -fPIE and relink with -pie
collect2: error: ld returned 1 exit status
configure:12704: $? = 1
configure:12722: result: no
configure:12761: checking whether stripping libraries is possible
configure:12766: result: yes
configure:12801: checking if libtool supports shared libraries
configure:12803: result: yes
configure:12806: checking whether to build shared libraries
configure:12831: result: yes
configure:12834: checking whether to build static libraries
configure:12838: result: no
configure:12930: checking for pkg-config
configure:12948: found /usr/bin/pkg-config
configure:12960: result: /usr/bin/pkg-config
configure:12985: checking pkg-config is at least version 0.9.0
configure:12988: result: yes
configure:13016: checking for ORC
configure:13024: $PKG_CONFIG --exists --print-errors "orc-0.4 >= $ORC_REQ"
configure:13027: $? = 0
configure:13042: $PKG_CONFIG --exists --print-errors "orc-0.4 >= $ORC_REQ"
configure:13045: $? = 0
configure:13099: result: yes
configure:13107: checking for usable orcc
configure:13115: result: /usr/bin/orcc
configure:13312: Using GStreamer Libav Plugins 1.10.2 BLFS as package name
configure:13336: Using http://www.linuxfromscratch.org/blfs/view/svn/ as package origin
configure:13691: checking whether byte ordering is bigendian
configure:13706: gcc -c -g -O2  conftest.c >&5
conftest.c:28:9: error: unknown type name 'not'
         not a universal capable compiler
         ^
conftest.c:28:15: error: expected '=', ',', ';', 'asm' or '__attribute__' before 'universal'
         not a universal capable compiler
               ^
conftest.c:28:15: error: unknown type name 'universal'
configure:13706: $? = 1
configure: failed program was:
| /* confdefs.h */
| #define PACKAGE_NAME "GStreamer libav"
| #define PACKAGE_TARNAME "gst-libav"
| #define PACKAGE_VERSION "1.10.2"
| #define PACKAGE_STRING "GStreamer libav 1.10.2"
| #define PACKAGE_BUGREPORT "http://bugzilla.gnome.org/enter_bug.cgi?product=GStreamer"
| #define PACKAGE_URL ""
| #define PACKAGE "gst-libav"
| #define VERSION "1.10.2"
| #define STDC_HEADERS 1
| #define HAVE_SYS_TYPES_H 1
| #define HAVE_SYS_STAT_H 1
| #define HAVE_STDLIB_H 1
| #define HAVE_STRING_H 1
| #define HAVE_MEMORY_H 1
| #define HAVE_STRINGS_H 1
| #define HAVE_INTTYPES_H 1
| #define HAVE_STDINT_H 1
| #define HAVE_UNISTD_H 1
| #define HAVE_DLFCN_H 1
| #define LT_OBJDIR ".libs/"
| #define HAVE_ORC 1
| #define GST_PACKAGE_NAME "GStreamer Libav Plugins 1.10.2 BLFS"
| #define GST_PACKAGE_ORIGIN "http://www.linuxfromscratch.org/blfs/view/svn/"
| #define HAVE_CPU_X86_64 1
| /* end confdefs.h.  */
| #ifndef __APPLE_CC__
| 	       not a universal capable compiler
| 	     #endif
| 	     typedef int dummy;
| 
configure:13751: gcc -c -g -O2  conftest.c >&5
configure:13751: $? = 0
configure:13769: gcc -c -g -O2  conftest.c >&5
conftest.c: In function 'main':
conftest.c:34:4: error: unknown type name 'not'
    not big endian
    ^
conftest.c:34:12: error: expected '=', ',', ';', 'asm' or '__attribute__' before 'endian'
    not big endian
            ^
configure:13769: $? = 1
configure: failed program was:
| /* confdefs.h */
| #define PACKAGE_NAME "GStreamer libav"
| #define PACKAGE_TARNAME "gst-libav"
| #define PACKAGE_VERSION "1.10.2"
| #define PACKAGE_STRING "GStreamer libav 1.10.2"
| #define PACKAGE_BUGREPORT "http://bugzilla.gnome.org/enter_bug.cgi?product=GStreamer"
| #define PACKAGE_URL ""
| #define PACKAGE "gst-libav"
| #define VERSION "1.10.2"
| #define STDC_HEADERS 1
| #define HAVE_SYS_TYPES_H 1
| #define HAVE_SYS_STAT_H 1
| #define HAVE_STDLIB_H 1
| #define HAVE_STRING_H 1
| #define HAVE_MEMORY_H 1
| #define HAVE_STRINGS_H 1
| #define HAVE_INTTYPES_H 1
| #define HAVE_STDINT_H 1
| #define HAVE_UNISTD_H 1
| #define HAVE_DLFCN_H 1
| #define LT_OBJDIR ".libs/"
| #define HAVE_ORC 1
| #define GST_PACKAGE_NAME "GStreamer Libav Plugins 1.10.2 BLFS"
| #define GST_PACKAGE_ORIGIN "http://www.linuxfromscratch.org/blfs/view/svn/"
| #define HAVE_CPU_X86_64 1
| /* end confdefs.h.  */
| #include <sys/types.h>
| 		#include <sys/param.h>
| 
| int
| main ()
| {
| #if BYTE_ORDER != BIG_ENDIAN
| 		 not big endian
| 		#endif
| 
|   ;
|   return 0;
| }
configure:13897: result: no
configure:14098: checking for gcc
configure:14125: result: gcc
configure:14354: checking for C compiler version
configure:14363: gcc --version >&5
gcc (Ubuntu 5.4.0-6ubuntu1~16.04.4) 5.4.0 20160609
Copyright (C) 2015 Free Software Foundation, Inc.
This is free software; see the source for copying conditions.  There is NO
warranty; not even for MERCHANTABILITY or FITNESS FOR A PARTICULAR PURPOSE.

configure:14374: $? = 0
configure:14363: gcc -v >&5
Using built-in specs.
COLLECT_GCC=gcc
COLLECT_LTO_WRAPPER=/usr/lib/gcc/x86_64-linux-gnu/5/lto-wrapper
Target: x86_64-linux-gnu
Configured with: ../src/configure -v --with-pkgversion='Ubuntu 5.4.0-6ubuntu1~16.04.4' --with-bugurl=file:///usr/share/doc/gcc-5/README.Bugs --enable-languages=c,ada,c++,java,go,d,fortran,objc,obj-c++ --prefix=/usr --program-suffix=-5 --enable-shared --enable-linker-build-id --libexecdir=/usr/lib --without-included-gettext --enable-threads=posix --libdir=/usr/lib --enable-nls --with-sysroot=/ --enable-clocale=gnu --enable-libstdcxx-debug --enable-libstdcxx-time=yes --with-default-libstdcxx-abi=new --enable-gnu-unique-object --disable-vtable-verify --enable-libmpx --enable-plugin --with-system-zlib --disable-browser-plugin --enable-java-awt=gtk --enable-gtk-cairo --with-java-home=/usr/lib/jvm/java-1.5.0-gcj-5-amd64/jre --enable-java-home --with-jvm-root-dir=/usr/lib/jvm/java-1.5.0-gcj-5-amd64 --with-jvm-jar-dir=/usr/lib/jvm-exports/java-1.5.0-gcj-5-amd64 --with-arch-directory=amd64 --with-ecj-jar=/usr/share/java/eclipse-ecj.jar --enable-objc-gc --enable-multiarch --disable-werror --with-arch-32=i686 --with-abi=m64 --with-multilib-list=m32,m64,mx32 --enable-multilib --with-tune=generic --enable-checking=release --build=x86_64-linux-gnu --host=x86_64-linux-gnu --target=x86_64-linux-gnu
Thread model: posix
gcc version 5.4.0 20160609 (Ubuntu 5.4.0-6ubuntu1~16.04.4) 
configure:14374: $? = 0
configure:14363: gcc -V >&5
gcc: error: unrecognized command line option '-V'
gcc: fatal error: no input files
compilation terminated.
configure:14374: $? = 1
configure:14363: gcc -qversion >&5
gcc: error: unrecognized command line option '-qversion'
gcc: fatal error: no input files
compilation terminated.
configure:14374: $? = 1
configure:14378: checking whether we are using the GNU C compiler
configure:14406: result: yes
configure:14415: checking whether gcc accepts -g
configure:14476: result: yes
configure:14493: checking for gcc option to accept ISO C89
configure:14569: result: none needed
configure:14594: checking whether gcc understands -c and -o together
configure:14631: result: yes
configure:14650: checking dependency style of gcc
configure:14761: result: gcc3
configure:14780: checking for gcc option to accept ISO C99
configure:14929: gcc  -c -g -O2  conftest.c >&5
configure:14929: $? = 0
configure:14942: result: none needed
configure:15050: checking for gcc option to accept ISO Standard C
configure:15061: result: none needed
configure:15073: checking for valgrind
configure:15104: result: no
configure:15126: checking for gtkdoc-check
configure:15159: result: no
configure:15168: checking for gtkdoc-rebase
configure:15201: result: no
configure:15212: checking for gtkdoc-mkpdf
configure:15245: result: no
configure:15446: checking whether to build gtk-doc documentation
configure:15448: result: no
configure:15516: checking for python
configure:15534: found /home/shena/work/player/build/..//install//release//bin//python
configure:15546: result: /home/shena/work/player/build/..//install//release//bin//python
configure:15567: checking for python version
configure:15574: result: 2.7
configure:15586: checking for python platform
configure:15593: result: linux2
configure:15619: checking for python script directory
configure:15654: result: ${prefix}/lib/python2.7/site-packages
configure:15663: checking for python extension module directory
configure:15698: result: ${exec_prefix}/lib/python2.7/site-packages
configure:15714: checking whether to build plugin documentation
configure:15726: result: no (gtk-doc disabled or not available)
configure:15829: checking for cos in -lm
configure:15854: gcc -o conftest -g -O2   conftest.c -lm   >&5
conftest.c:36:6: warning: conflicting types for built-in function 'cos'
 char cos ();
      ^
configure:15854: $? = 0
configure:15863: result: yes
configure:16058: checking whether gcc is Clang
configure:16083: result: no
configure:16206: checking whether pthreads work with -pthread
configure:16300: gcc -o conftest -g -O2 -pthread   conftest.c   >&5
configure:16300: $? = 0
configure:16309: result: yes
configure:16328: checking for joinable pthread attribute
configure:16346: gcc -o conftest -g -O2 -pthread   conftest.c   >&5
configure:16346: $? = 0
configure:16354: result: PTHREAD_CREATE_JOINABLE
configure:16368: checking whether more special flags are required for pthreads
configure:16381: result: no
configure:16389: checking for PTHREAD_PRIO_INHERIT
configure:16405: gcc -o conftest -g -O2 -pthread   conftest.c   >&5
configure:16405: $? = 0
configure:16414: result: yes
configure:16518: checking for ANSI C header files
configure:16622: result: yes
configure:16654: checking for GLIB
configure:16662: $PKG_CONFIG --exists --print-errors "$which"
configure:16665: $? = 0
configure:16680: $PKG_CONFIG --exists --print-errors "$which"
configure:16683: $? = 0
configure:16735: result: yes
configure:16786: checking for glib-genmarshal
configure:16794: result: glib-genmarshal (from pkg-config path)
configure:16848: checking for glib-mkenums
configure:16855: result: glib-mkenums
configure:16868: checking for GIO
configure:16876: $PKG_CONFIG --exists --print-errors "gio-2.0 >= $GLIB_REQ"
configure:16879: $? = 0
configure:16894: $PKG_CONFIG --exists --print-errors "gio-2.0 >= $GLIB_REQ"
configure:16897: $? = 0
configure:16952: result: yes
configure:16992: checking for GST
configure:17000: $PKG_CONFIG --exists --print-errors "$module >= $minver"
configure:17003: $? = 0
configure:17018: $PKG_CONFIG --exists --print-errors "$module >= $minver"
configure:17021: $? = 0
configure:17077: result: yes
configure:17091: using GStreamer tools in /home/shena/work/player/build/..//install//release/bin
configure:17101: using GStreamer plug-ins in /home/shena/work/player/build/..//install//release/lib/gstreamer-1.0
configure:17113: checking for GST_BASE
configure:17121: $PKG_CONFIG --exists --print-errors "$module >= $minver"
configure:17124: $? = 0
configure:17139: $PKG_CONFIG --exists --print-errors "$module >= $minver"
configure:17142: $? = 0
configure:17198: result: yes
configure:17215: checking for GST_PLUGINS_BASE
configure:17223: $PKG_CONFIG --exists --print-errors "$module >= $minver"
configure:17226: $? = 0
configure:17241: $PKG_CONFIG --exists --print-errors "$module >= $minver"
configure:17244: $? = 0
configure:17300: result: yes
configure:17316: using GStreamer Base Plugins in /home/shena/work/player/build/..//install//release/lib/gstreamer-1.0
configure:17331: checking for GST_CHECK
configure:17339: $PKG_CONFIG --exists --print-errors "$module >= $minver"
configure:17342: $? = 0
configure:17357: $PKG_CONFIG --exists --print-errors "$module >= $minver"
configure:17360: $? = 0
configure:17416: result: yes
configure:17434: Using GStreamer Core Plugins in /home/shena/work/player/build/..//install//release/lib/gstreamer-1.0
configure:17436: Using GStreamer Base Plugins in /home/shena/work/player/build/..//install//release/lib/gstreamer-1.0
configure:17444: checking for -Bsymbolic-functions linker flag
configure:17459: gcc -o conftest -g -O2  -Wl,-Bsymbolic-functions conftest.c  >&5
configure:17459: $? = 0
configure:17460: result: yes
configure:17509: Using /home/shena/work/player/build/..//install//release/lib/gstreamer-1.0 as the plugin install location
configure:17516: checking whether to build static plugins or not
configure:17532: result: no
configure:17560: checking to see if compiler understands -Wall
configure:17577: gcc -c -g -O2 -Wall  conftest.c >&5
configure:17577: $? = 0
configure:17592: result: yes
configure:17597: checking to see if compiler understands -Wdeclaration-after-statement
configure:17614: gcc -c -g -O2 -Wdeclaration-after-statement  conftest.c >&5
configure:17614: $? = 0
configure:17629: result: yes
configure:17634: checking to see if compiler understands -Wvla
configure:17651: gcc -c -g -O2 -Wvla  conftest.c >&5
configure:17651: $? = 0
configure:17666: result: yes
configure:17671: checking to see if compiler understands -Wpointer-arith
configure:17688: gcc -c -g -O2 -Wpointer-arith  conftest.c >&5
configure:17688: $? = 0
configure:17703: result: yes
configure:17762: checking to see if compiler understands -Wmissing-declarations
configure:17779: gcc -c -g -O2 -Wmissing-declarations  conftest.c >&5
configure:17779: $? = 0
configure:17794: result: yes
configure:17762: checking to see if compiler understands -Wmissing-prototypes
configure:17779: gcc -c -g -O2 -Wmissing-prototypes  conftest.c >&5
configure:17779: $? = 0
configure:17794: result: yes
configure:17762: checking to see if compiler understands -Wredundant-decls
configure:17779: gcc -c -g -O2 -Wredundant-decls  conftest.c >&5
configure:17779: $? = 0
configure:17794: result: yes
configure:17762: checking to see if compiler understands -Wundef
configure:17779: gcc -c -g -O2 -Wundef  conftest.c >&5
configure:17779: $? = 0
configure:17794: result: yes
configure:17762: checking to see if compiler understands -Wwrite-strings
configure:17779: gcc -c -g -O2 -Wwrite-strings  conftest.c >&5
configure:17779: $? = 0
configure:17794: result: yes
configure:17762: checking to see if compiler understands -Wformat-nonliteral
configure:17779: gcc -c -g -O2 -Wformat-nonliteral  conftest.c >&5
configure:17779: $? = 0
configure:17794: result: yes
configure:17762: checking to see if compiler understands -Wformat-security
configure:17779: gcc -c -g -O2 -Wformat-security  conftest.c >&5
configure:17779: $? = 0
configure:17794: result: yes
configure:17762: checking to see if compiler understands -Wold-style-definition
configure:17779: gcc -c -g -O2 -Wold-style-definition  conftest.c >&5
conftest.c: In function 'main':
conftest.c:38:1: warning: old-style function definition [-Wold-style-definition]
 main ()
 ^
configure:17779: $? = 0
configure:17794: result: yes
configure:17762: checking to see if compiler understands -Winit-self
configure:17779: gcc -c -g -O2 -Winit-self  conftest.c >&5
configure:17779: $? = 0
configure:17794: result: yes
configure:17762: checking to see if compiler understands -Wmissing-include-dirs
configure:17779: gcc -c -g -O2 -Wmissing-include-dirs  conftest.c >&5
configure:17779: $? = 0
configure:17794: result: yes
configure:17762: checking to see if compiler understands -Waddress
configure:17779: gcc -c -g -O2 -Waddress  conftest.c >&5
configure:17779: $? = 0
configure:17794: result: yes
configure:17762: checking to see if compiler understands -Waggregate-return
configure:17779: gcc -c -g -O2 -Waggregate-return  conftest.c >&5
configure:17779: $? = 0
configure:17794: result: yes
configure:17762: checking to see if compiler understands -Wno-multichar
configure:17779: gcc -c -g -O2 -Wno-multichar  conftest.c >&5
configure:17779: $? = 0
configure:17794: result: yes
configure:17762: checking to see if compiler understands -Wnested-externs
configure:17779: gcc -c -g -O2 -Wnested-externs  conftest.c >&5
configure:17779: $? = 0
configure:17794: result: yes
configure:17806: set WARNING_CFLAGS to  -Wall -Wdeclaration-after-statement -Wvla -Wpointer-arith -Wmissing-declarations -Wmissing-prototypes -Wredundant-decls -Wundef -Wwrite-strings -Wformat-nonliteral -Wformat-security -Wold-style-definition -Winit-self -Wmissing-include-dirs -Waddress -Waggregate-return -Wno-multichar -Wnested-externs
configure:17808: set ERROR_CFLAGS to 
configure:18136: Using local Libav snapshot
configure:18141: checking for BZ2_bzlibVersion in -lbz2
configure:18154: gcc -o conftest -g -O2   conftest.c  -lbz2 >&5
configure:18154: $? = 0
configure:18161: result: yes
configure:18171: checking for lzma_version_string in -llzma
configure:18184: gcc -o conftest -g -O2   conftest.c  -llzma >&5
configure:18184: $? = 0
configure:18191: result: yes
configure:18332: Using included Libav code
configure:18487: checking that generated files are newer than configure
configure:18493: result: done
configure:18645: creating ./config.status

## ---------------------- ##
## Running config.status. ##
## ---------------------- ##

This file was extended by GStreamer libav config.status 1.10.2, which was
generated by GNU Autoconf 2.69.  Invocation command line was

  CONFIG_FILES    = 
  CONFIG_HEADERS  = 
  CONFIG_LINKS    = 
  CONFIG_COMMANDS = 
  $ ./config.status 

on player1604

config.status:1295: creating Makefile
config.status:1295: creating common/Makefile
config.status:1295: creating common/m4/Makefile
config.status:1295: creating gst-libav.spec
config.status:1295: creating ext/Makefile
config.status:1295: creating ext/libav/Makefile
config.status:1295: creating ext/libswscale/Makefile
config.status:1295: creating gst-libs/Makefile
config.status:1295: creating gst-libs/ext/Makefile
config.status:1295: creating docs/Makefile
config.status:1295: creating docs/plugins/Makefile
config.status:1295: creating docs/version.entities
config.status:1295: creating tests/Makefile
config.status:1295: creating tests/check/Makefile
config.status:1295: creating tests/files/Makefile
config.status:1295: creating pkgconfig/Makefile
config.status:1295: creating pkgconfig/gstreamer-plugins-libav-uninstalled.pc
config.status:1295: creating config.h
config.status:1524: executing depfiles commands
config.status:1524: executing libtool commands
config.status:1524: executing configure-embedded-libav commands

## ---------------- ##
## Cache variables. ##
## ---------------- ##

ac_cv_build=x86_64-pc-linux-gnu
ac_cv_c_bigendian=no
ac_cv_c_compiler_gnu=yes
ac_cv_env_CC_set=
ac_cv_env_CC_value=
ac_cv_env_CFLAGS_set=
ac_cv_env_CFLAGS_value=
ac_cv_env_CPPFLAGS_set=
ac_cv_env_CPPFLAGS_value=
ac_cv_env_CPP_set=
ac_cv_env_CPP_value=
ac_cv_env_GIO_CFLAGS_set=
ac_cv_env_GIO_CFLAGS_value=
ac_cv_env_GIO_LIBS_set=
ac_cv_env_GIO_LIBS_value=
ac_cv_env_GLIB_CFLAGS_set=
ac_cv_env_GLIB_CFLAGS_value=
ac_cv_env_GLIB_LIBS_set=
ac_cv_env_GLIB_LIBS_value=
ac_cv_env_GST_BASE_CFLAGS_set=
ac_cv_env_GST_BASE_CFLAGS_value=
ac_cv_env_GST_BASE_LIBS_set=
ac_cv_env_GST_BASE_LIBS_value=
ac_cv_env_GST_CFLAGS_set=
ac_cv_env_GST_CFLAGS_value=
ac_cv_env_GST_CHECK_CFLAGS_set=
ac_cv_env_GST_CHECK_CFLAGS_value=
ac_cv_env_GST_CHECK_LIBS_set=
ac_cv_env_GST_CHECK_LIBS_value=
ac_cv_env_GST_LIBS_set=
ac_cv_env_GST_LIBS_value=
ac_cv_env_GST_PLUGINS_BASE_CFLAGS_set=
ac_cv_env_GST_PLUGINS_BASE_CFLAGS_value=
ac_cv_env_GST_PLUGINS_BASE_LIBS_set=
ac_cv_env_GST_PLUGINS_BASE_LIBS_value=
ac_cv_env_GTKDOC_DEPS_CFLAGS_set=
ac_cv_env_GTKDOC_DEPS_CFLAGS_value=
ac_cv_env_GTKDOC_DEPS_LIBS_set=
ac_cv_env_GTKDOC_DEPS_LIBS_value=
ac_cv_env_LDFLAGS_set=
ac_cv_env_LDFLAGS_value=
ac_cv_env_LIBAV_CFLAGS_set=
ac_cv_env_LIBAV_CFLAGS_value=
ac_cv_env_LIBAV_LIBS_set=
ac_cv_env_LIBAV_LIBS_value=
ac_cv_env_LIBS_set=
ac_cv_env_LIBS_value=
ac_cv_env_LT_SYS_LIBRARY_PATH_set=
ac_cv_env_LT_SYS_LIBRARY_PATH_value=
ac_cv_env_ORC_CFLAGS_set=
ac_cv_env_ORC_CFLAGS_value=
ac_cv_env_ORC_LIBS_set=
ac_cv_env_ORC_LIBS_value=
ac_cv_env_PKG_CONFIG_set=
ac_cv_env_PKG_CONFIG_value=
ac_cv_env_PYTHON_set=
ac_cv_env_PYTHON_value=
ac_cv_env_SWSCALE_CFLAGS_set=
ac_cv_env_SWSCALE_CFLAGS_value=
ac_cv_env_SWSCALE_LIBS_set=
ac_cv_env_SWSCALE_LIBS_value=
ac_cv_env_VALGRIND_CFLAGS_set=
ac_cv_env_VALGRIND_CFLAGS_value=
ac_cv_env_VALGRIND_LIBS_set=
ac_cv_env_VALGRIND_LIBS_value=
ac_cv_env_build_alias_set=
ac_cv_env_build_alias_value=
ac_cv_env_host_alias_set=
ac_cv_env_host_alias_value=
ac_cv_env_target_alias_set=
ac_cv_env_target_alias_value=
ac_cv_func_dlopen=no
ac_cv_func_shl_load=no
ac_cv_header_dlfcn_h=yes
ac_cv_header_inttypes_h=yes
ac_cv_header_memory_h=yes
ac_cv_header_stdc=yes
ac_cv_header_stdint_h=yes
ac_cv_header_stdlib_h=yes
ac_cv_header_string_h=yes
ac_cv_header_strings_h=yes
ac_cv_header_sys_stat_h=yes
ac_cv_header_sys_types_h=yes
ac_cv_header_unistd_h=yes
ac_cv_host=x86_64-pc-linux-gnu
ac_cv_lib_dl_dlopen=yes
ac_cv_lib_dld_shl_load=no
ac_cv_lib_m_cos=yes
ac_cv_objext=o
ac_cv_path_EGREP='/bin/grep -E'
ac_cv_path_FGREP='/bin/grep -F'
ac_cv_path_GREP=/bin/grep
ac_cv_path_PYTHON=/home/shena/work/player/build/..//install//release//bin//python
ac_cv_path_SED=/bin/sed
ac_cv_path_VALGRIND_PATH=no
ac_cv_path_ac_pt_PKG_CONFIG=/usr/bin/pkg-config
ac_cv_path_install='/usr/bin/install -c'
ac_cv_path_lt_DD=/bin/dd
ac_cv_path_mkdir=/bin/mkdir
ac_cv_prog_AWK=mawk
ac_cv_prog_CPP='gcc -E'
ac_cv_prog_ac_ct_AR=ar
ac_cv_prog_ac_ct_CC=gcc
ac_cv_prog_ac_ct_MANIFEST_TOOL=mt
ac_cv_prog_ac_ct_OBJDUMP=objdump
ac_cv_prog_ac_ct_RANLIB=ranlib
ac_cv_prog_ac_ct_STRIP=strip
ac_cv_prog_cc_c89=
ac_cv_prog_cc_c99=
ac_cv_prog_cc_g=yes
ac_cv_prog_cc_stdc=
ac_cv_prog_make_make_set=yes
ac_cv_target=x86_64-pc-linux-gnu
am_cv_CC_dependencies_compiler_type=gcc3
am_cv_make_support_nested_variables=yes
am_cv_prog_cc_c_o=yes
am_cv_prog_tar_ustar=gnutar
am_cv_python_platform=linux2
am_cv_python_pyexecdir='${exec_prefix}/lib/python2.7/site-packages'
am_cv_python_pythondir='${prefix}/lib/python2.7/site-packages'
am_cv_python_version=2.7
ax_cv_PTHREAD_CLANG=no
ax_cv_PTHREAD_JOINABLE_ATTR=PTHREAD_CREATE_JOINABLE
ax_cv_PTHREAD_PRIO_INHERIT=yes
ax_cv_PTHREAD_SPECIAL_FLAGS=no
lt_cv_ar_at_file=@
lt_cv_archive_cmds_need_lc=no
lt_cv_deplibs_check_method=pass_all
lt_cv_dlopen=dlopen
lt_cv_dlopen_libs=-ldl
lt_cv_dlopen_self=yes
lt_cv_dlopen_self_static=no
lt_cv_file_magic_cmd='$MAGIC_CMD'
lt_cv_file_magic_test_file=
lt_cv_ld_reload_flag=-r
lt_cv_nm_interface='BSD nm'
lt_cv_objdir=.libs
lt_cv_path_LD=/usr/bin/ld
lt_cv_path_NM='/usr/bin/nm -B'
lt_cv_path_mainfest_tool=no
lt_cv_prog_compiler_c_o=yes
lt_cv_prog_compiler_pic='-fPIC -DPIC'
lt_cv_prog_compiler_pic_works=yes
lt_cv_prog_compiler_rtti_exceptions=no
lt_cv_prog_compiler_static_works=yes
lt_cv_prog_gnu_ld=yes
lt_cv_sharedlib_from_linklib_cmd='printf %s\n'
lt_cv_shlibpath_overrides_runpath=no
lt_cv_sys_global_symbol_pipe='sed -n -e '\''s/^.*[	 ]\([ABCDGIRSTW][ABCDGIRSTW]*\)[	 ][	 ]*\([_A-Za-z][_A-Za-z0-9]*\)$/\1 \2 \2/p'\'' | sed '\''/ __gnu_lto/d'\'''
lt_cv_sys_global_symbol_to_c_name_address='sed -n -e '\''s/^: \(.*\) .*$/  {"\1", (void *) 0},/p'\'' -e '\''s/^[ABCDGIRSTW][ABCDGIRSTW]* .* \(.*\)$/  {"\1", (void *) \&\1},/p'\'''
lt_cv_sys_global_symbol_to_c_name_address_lib_prefix='sed -n -e '\''s/^: \(.*\) .*$/  {"\1", (void *) 0},/p'\'' -e '\''s/^[ABCDGIRSTW][ABCDGIRSTW]* .* \(lib.*\)$/  {"\1", (void *) \&\1},/p'\'' -e '\''s/^[ABCDGIRSTW][ABCDGIRSTW]* .* \(.*\)$/  {"lib\1", (void *) \&\1},/p'\'''
lt_cv_sys_global_symbol_to_cdecl='sed -n -e '\''s/^T .* \(.*\)$/extern int \1();/p'\'' -e '\''s/^[ABCDGIRSTW][ABCDGIRSTW]* .* \(.*\)$/extern char \1;/p'\'''
lt_cv_sys_global_symbol_to_import=
lt_cv_sys_max_cmd_len=1572864
lt_cv_to_host_file_cmd=func_convert_file_noop
lt_cv_to_tool_file_cmd=func_convert_file_noop
lt_cv_truncate_bin='/bin/dd bs=4096 count=1'
pkg_cv_GIO_CFLAGS='-pthread -I/home/shena/work/player/build/..//install//release/include/glib-2.0 -I/home/shena/work/player/build/..//install//release/lib/glib-2.0/include -I/home/shena/work/player/build/..//install//release/include'
pkg_cv_GIO_LIBS='-L/home/shena/work/player/build/..//install//release/lib -lgio-2.0 -lgobject-2.0 -lglib-2.0'
pkg_cv_GLIB_CFLAGS='-pthread -I/home/shena/work/player/build/..//install//release/include/glib-2.0 -I/home/shena/work/player/build/..//install//release/lib/glib-2.0/include -I/home/shena/work/player/build/..//install//release/include'
pkg_cv_GLIB_LIBS='-L/home/shena/work/player/build/..//install//release/lib -lgobject-2.0 -lgmodule-2.0 -pthread -lglib-2.0'
pkg_cv_GST_BASE_CFLAGS='-pthread -I/home/shena/work/player/build/..//install//release/include/gstreamer-1.0 -I/home/shena/work/player/build/..//install//release/include/glib-2.0 -I/home/shena/work/player/build/..//install//release/lib/glib-2.0/include -I/home/shena/work/player/build/..//install//release/include'
pkg_cv_GST_BASE_LIBS='-L/home/shena/work/player/build/..//install//release/lib -lgstbase-1.0 -lgstreamer-1.0 -lgobject-2.0 -lglib-2.0'
pkg_cv_GST_CFLAGS='-pthread -I/home/shena/work/player/build/..//install//release/include/gstreamer-1.0 -I/home/shena/work/player/build/..//install//release/include/glib-2.0 -I/home/shena/work/player/build/..//install//release/lib/glib-2.0/include -I/home/shena/work/player/build/..//install//release/include'
pkg_cv_GST_CHECK_CFLAGS='-pthread -I/home/shena/work/player/build/..//install//release/include/gstreamer-1.0 -I/home/shena/work/player/build/..//install//release/include/glib-2.0 -I/home/shena/work/player/build/..//install//release/lib/glib-2.0/include -I/home/shena/work/player/build/..//install//release/include'
pkg_cv_GST_CHECK_LIBS='-L/home/shena/work/player/build/..//install//release/lib -lgstcheck-1.0 -lm -lgstreamer-1.0 -lgobject-2.0 -lglib-2.0'
pkg_cv_GST_LIBS='-L/home/shena/work/player/build/..//install//release/lib -lgstreamer-1.0 -lgobject-2.0 -lglib-2.0'
pkg_cv_GST_PLUGINS_BASE_CFLAGS='-pthread -I/home/shena/work/player/build/..//install//release/include/gstreamer-1.0 -I/home/shena/work/player/build/..//install//release/include/glib-2.0 -I/home/shena/work/player/build/..//install//release/lib/glib-2.0/include -I/home/shena/work/player/build/..//install//release/include'
pkg_cv_GST_PLUGINS_BASE_LIBS='-L/home/shena/work/player/build/..//install//release/lib -lgstreamer-1.0 -lgobject-2.0 -lglib-2.0'
pkg_cv_ORC_CFLAGS=-I/usr/include/orc-0.4
pkg_cv_ORC_LIBS=-lorc-0.4

## ----------------- ##
## Output variables. ##
## ----------------- ##

ACLOCAL='${SHELL} /home/shena/work/player/core/gst-libav-1.10.2/missing aclocal-1.15'
ACLOCAL_AMFLAGS='-I m4 -I common/m4'
AMDEPBACKSLASH='\'
AMDEP_FALSE='#'
AMDEP_TRUE=''
AMTAR='$${TAR-tar}'
AM_BACKSLASH='\'
AM_DEFAULT_V='$(AM_DEFAULT_VERBOSITY)'
AM_DEFAULT_VERBOSITY='0'
AM_V='$(V)'
AR='ar'
AS='as'
AUTOCONF='${SHELL} /home/shena/work/player/core/gst-libav-1.10.2/missing autoconf'
AUTOHEADER='${SHELL} /home/shena/work/player/core/gst-libav-1.10.2/missing autoheader'
AUTOMAKE='${SHELL} /home/shena/work/player/core/gst-libav-1.10.2/missing automake-1.15'
AWK='mawk'
CC='gcc'
CCASFLAGS=''
CCDEPMODE='depmode=gcc3'
CFLAGS='-g -O2'
CPP='gcc -E'
CPPFLAGS=''
CXXFLAGS=''
CYGPATH_W='echo'
DARWIN_LDFLAGS=''
DEFS='-DHAVE_CONFIG_H'
DEPDIR='.deps'
DEPRECATED_CFLAGS=''
DLLTOOL='false'
DSYMUTIL=''
DUMPBIN=''
ECHO_C=''
ECHO_N='-n'
ECHO_T=''
EGREP='/bin/grep -E'
ENABLE_GTK_DOC_FALSE=''
ENABLE_GTK_DOC_TRUE='#'
ENABLE_PLUGIN_DOCS_FALSE=''
ENABLE_PLUGIN_DOCS_TRUE='#'
ERROR_CFLAGS=''
EXEEXT=''
FFLAGS=''
FGREP='/bin/grep -F'
GCOV=''
GCOV_CFLAGS=''
GCOV_LIBS=''
GIO_CFLAGS='-pthread -I/home/shena/work/player/build/..//install//release/include/glib-2.0 -I/home/shena/work/player/build/..//install//release/lib/glib-2.0/include -I/home/shena/work/player/build/..//install//release/include'
GIO_LDFLAGS=''
GIO_LIBS='-L/home/shena/work/player/build/..//install//release/lib -lgio-2.0 -lgobject-2.0 -lglib-2.0'
GLIB_CFLAGS='-pthread -I/home/shena/work/player/build/..//install//release/include/glib-2.0 -I/home/shena/work/player/build/..//install//release/lib/glib-2.0/include -I/home/shena/work/player/build/..//install//release/include'
GLIB_EXTRA_CFLAGS=' -DG_THREADS_MANDATORY -DG_DISABLE_CAST_CHECKS'
GLIB_GENMARSHAL='glib-genmarshal'
GLIB_LIBS='-L/home/shena/work/player/build/..//install//release/lib -lgobject-2.0 -lgmodule-2.0 -pthread -lglib-2.0'
GLIB_MKENUMS='glib-mkenums'
GLIB_REQ='2.40.0'
GREP='/bin/grep'
GSTPB_PLUGINS_DIR='/home/shena/work/player/build/..//install//release/lib/gstreamer-1.0'
GST_AGE='1002'
GST_ALL_LDFLAGS='-no-undefined -Wl,-Bsymbolic-functions'
GST_API_VERSION='1.0'
GST_BASE_CFLAGS='-pthread -I/home/shena/work/player/build/..//install//release/include/gstreamer-1.0 -I/home/shena/work/player/build/..//install//release/include/glib-2.0 -I/home/shena/work/player/build/..//install//release/lib/glib-2.0/include -I/home/shena/work/player/build/..//install//release/include'
GST_BASE_LIBS='-L/home/shena/work/player/build/..//install//release/lib -lgstbase-1.0 -lgstreamer-1.0 -lgobject-2.0 -lglib-2.0'
GST_CFLAGS='-I$(top_srcdir)/gst-libs -I$(top_builddir)/gst-libs -pthread -I/home/shena/work/player/build/..//install//release/include/gstreamer-1.0 -I/home/shena/work/player/build/..//install//release/include/glib-2.0 -I/home/shena/work/player/build/..//install//release/lib/glib-2.0/include -I/home/shena/work/player/build/..//install//release/include  -DG_THREADS_MANDATORY -DG_DISABLE_CAST_CHECKS $(GST_OPTION_CFLAGS)'
GST_CHECK_CFLAGS='-pthread -I/home/shena/work/player/build/..//install//release/include/gstreamer-1.0 -I/home/shena/work/player/build/..//install//release/include/glib-2.0 -I/home/shena/work/player/build/..//install//release/lib/glib-2.0/include -I/home/shena/work/player/build/..//install//release/include'
GST_CHECK_LIBS='-L/home/shena/work/player/build/..//install//release/lib -lgstcheck-1.0 -lm -lgstreamer-1.0 -lgobject-2.0 -lglib-2.0'
GST_CURRENT='1002'
GST_GCOV_ENABLED_FALSE=''
GST_GCOV_ENABLED_TRUE='#'
GST_LEVEL_DEFAULT='GST_LEVEL_NONE'
GST_LIBAV_ENABLE_GPL_FALSE=''
GST_LIBAV_ENABLE_GPL_TRUE='#'
GST_LIBS='-L/home/shena/work/player/build/..//install//release/lib -lgstreamer-1.0 -lgobject-2.0 -lglib-2.0'
GST_LIBVERSION='1002:0:1002'
GST_LT_LDFLAGS=' -version-info 1002:0:1002'
GST_OPTION_CFLAGS='$(WARNING_CFLAGS) $(ERROR_CFLAGS) $(DEBUG_CFLAGS) $(PROFILE_CFLAGS) $(GCOV_CFLAGS) $(OPT_CFLAGS) $(DEPRECATED_CFLAGS)'
GST_PACKAGE_NAME='GStreamer Libav Plugins 1.10.2 BLFS'
GST_PACKAGE_ORIGIN='http://www.linuxfromscratch.org/blfs/view/svn/'
GST_PLUGINS_BASE_CFLAGS='-pthread -I/home/shena/work/player/build/..//install//release/include/gstreamer-1.0 -I/home/shena/work/player/build/..//install//release/include/glib-2.0 -I/home/shena/work/player/build/..//install//release/lib/glib-2.0/include -I/home/shena/work/player/build/..//install//release/include'
GST_PLUGINS_BASE_DIR='/home/shena/work/player/build/..//install//release/lib/gstreamer-1.0/gst:/home/shena/work/player/build/..//install//release/lib/gstreamer-1.0/sys:/home/shena/work/player/build/..//install//release/lib/gstreamer-1.0/ext'
GST_PLUGINS_BASE_LIBS='-L/home/shena/work/player/build/..//install//release/lib -lgstreamer-1.0 -lgobject-2.0 -lglib-2.0'
GST_PLUGINS_DIR='/home/shena/work/player/build/..//install//release/lib/gstreamer-1.0'
GST_PLUGIN_BUILD_STATIC_FALSE=''
GST_PLUGIN_BUILD_STATIC_TRUE='#'
GST_PLUGIN_LDFLAGS='-module -avoid-version -export-symbols-regex '\''^_*gst_plugin_.*'\'' -no-undefined -Wl,-Bsymbolic-functions'
GST_PLUGIN_LIBTOOLFLAGS='--tag=disable-static'
GST_REVISION='0'
GST_TOOLS_DIR='/home/shena/work/player/build/..//install//release/bin'
GTKDOC_CHECK=''
GTKDOC_DEPS_CFLAGS=''
GTKDOC_DEPS_LIBS=''
GTKDOC_MKPDF=''
GTKDOC_REBASE='true'
GTK_DOC_BUILD_HTML_FALSE='#'
GTK_DOC_BUILD_HTML_TRUE=''
GTK_DOC_BUILD_PDF_FALSE=''
GTK_DOC_BUILD_PDF_TRUE='#'
GTK_DOC_USE_LIBTOOL_FALSE='#'
GTK_DOC_USE_LIBTOOL_TRUE=''
HAVE_BZ2_FALSE='#'
HAVE_BZ2_TRUE=''
HAVE_CPU_ALPHA_FALSE=''
HAVE_CPU_ALPHA_TRUE='#'
HAVE_CPU_ARC_FALSE=''
HAVE_CPU_ARC_TRUE='#'
HAVE_CPU_ARM_FALSE=''
HAVE_CPU_ARM_TRUE='#'
HAVE_CPU_CRISV32_FALSE=''
HAVE_CPU_CRISV32_TRUE='#'
HAVE_CPU_CRIS_FALSE=''
HAVE_CPU_CRIS_TRUE='#'
HAVE_CPU_HPPA_FALSE=''
HAVE_CPU_HPPA_TRUE='#'
HAVE_CPU_I386_FALSE=''
HAVE_CPU_I386_TRUE='#'
HAVE_CPU_IA64_FALSE=''
HAVE_CPU_IA64_TRUE='#'
HAVE_CPU_M68K_FALSE=''
HAVE_CPU_M68K_TRUE='#'
HAVE_CPU_MIPS_FALSE=''
HAVE_CPU_MIPS_TRUE='#'
HAVE_CPU_PPC64_FALSE=''
HAVE_CPU_PPC64_TRUE='#'
HAVE_CPU_PPC_FALSE=''
HAVE_CPU_PPC_TRUE='#'
HAVE_CPU_S390_FALSE=''
HAVE_CPU_S390_TRUE='#'
HAVE_CPU_SPARC_FALSE=''
HAVE_CPU_SPARC_TRUE='#'
HAVE_CPU_X86_64_FALSE='#'
HAVE_CPU_X86_64_TRUE=''
HAVE_GST_CHECK_FALSE='#'
HAVE_GST_CHECK_TRUE=''
HAVE_LIBAV_UNINSTALLED_FALSE='#'
HAVE_LIBAV_UNINSTALLED_TRUE=''
HAVE_LZMA_FALSE='#'
HAVE_LZMA_TRUE=''
HAVE_ORCC_FALSE='#'
HAVE_ORCC_TRUE=''
HAVE_ORC_FALSE='#'
HAVE_ORC_TRUE=''
HAVE_VALGRIND_FALSE=''
HAVE_VALGRIND_TRUE='#'
HTML_DIR='${datadir}/gtk-doc/html'
INSTALL_DATA='${INSTALL} -m 644'
INSTALL_PROGRAM='${INSTALL}'
INSTALL_SCRIPT='${INSTALL}'
INSTALL_STRIP_PROGRAM='$(install_sh) -c -s'
LD='/usr/bin/ld -m elf_x86_64'
LDFLAGS=''
LIBAV_CFLAGS='-I $(top_srcdir)/gst-libs/ext/libav                 -I $(top_builddir)/gst-libs/ext/libav                  -Wno-deprecated-declarations'
LIBAV_CO_DIR=''
LIBAV_DEPS='$(top_builddir)/gst-libs/ext/libav/libavformat/libavformat.a               $(top_builddir)/gst-libs/ext/libav/libavcodec/libavcodec.a               $(top_builddir)/gst-libs/ext/libav/libavfilter/libavfilter.a               $(top_builddir)/gst-libs/ext/libav/libswresample/libswresample.a               $(top_builddir)/gst-libs/ext/libav/libavutil/libavutil.a'
LIBAV_EXTERNALS_REVISION=''
LIBAV_LIBS='$(top_builddir)/gst-libs/ext/libav/libavformat/libavformat.a               $(top_builddir)/gst-libs/ext/libav/libavcodec/libavcodec.a               $(top_builddir)/gst-libs/ext/libav/libavfilter/libavfilter.a               $(top_builddir)/gst-libs/ext/libav/libswresample/libswresample.a               $(top_builddir)/gst-libs/ext/libav/libavutil/libavutil.a'
LIBAV_REVISION=''
LIBAV_SUBDIRS='gst-libs'
LIBAV_SVN=''
LIBM='-lm'
LIBOBJS=''
LIBS=''
LIBTOOL='$(SHELL) $(top_builddir)/libtool'
LIPO=''
LN_S='ln -s'
LTLIBOBJS=''
LT_SYS_LIBRARY_PATH=''
MAINT=''
MAINTAINER_MODE_FALSE='#'
MAINTAINER_MODE_TRUE=''
MAKEINFO='${SHELL} /home/shena/work/player/core/gst-libav-1.10.2/missing makeinfo'
MANIFEST_TOOL=':'
MKDIR_P='/bin/mkdir -p'
NM='/usr/bin/nm -B'
NMEDIT=''
OBJDUMP='objdump'
OBJEXT='o'
ORCC='/usr/bin/orcc'
ORCC_FLAGS='--compat 0.4.16'
ORC_CFLAGS='-I/usr/include/orc-0.4'
ORC_LIBS='-lorc-0.4'
OTOOL64=''
OTOOL=''
PACKAGE='gst-libav'
PACKAGE_BUGREPORT='http://bugzilla.gnome.org/enter_bug.cgi?product=GStreamer'
PACKAGE_NAME='GStreamer libav'
PACKAGE_STRING='GStreamer libav 1.10.2'
PACKAGE_TARNAME='gst-libav'
PACKAGE_URL=''
PACKAGE_VERSION='1.10.2'
PACKAGE_VERSION_MAJOR='1'
PACKAGE_VERSION_MICRO='2'
PACKAGE_VERSION_MINOR='10'
PACKAGE_VERSION_NANO='0'
PACKAGE_VERSION_RELEASE='1'
PATH_SEPARATOR=':'
PKG_CONFIG='/usr/bin/pkg-config'
PLUGINDIR='/home/shena/work/player/build/..//install//release/lib/gstreamer-1.0'
PROFILE_CFLAGS=''
PTHREAD_CC='gcc'
PTHREAD_CFLAGS='-pthread'
PTHREAD_LIBS=''
PYTHON='/home/shena/work/player/build/..//install//release//bin//python'
PYTHON_EXEC_PREFIX='${exec_prefix}'
PYTHON_PLATFORM='linux2'
PYTHON_PREFIX='${prefix}'
PYTHON_VERSION='2.7'
RANLIB='ranlib'
SED='/bin/sed'
SET_MAKE=''
SHELL='/bin/bash'
STRIP='strip'
SWSCALE_CFLAGS='-I $(top_srcdir)/gst-libs/ext/libav                   -I $(top_builddir)/gst-libs/ext/libav                   -Wno-deprecated-declarations'
SWSCALE_DEPS='$(top_builddir)/gst-libs/ext/libav/libswscale/libswscale.a                 $(top_builddir)/gst-libs/ext/libav/libavutil/libavutil.a'
SWSCALE_LIBS='$(top_builddir)/gst-libs/ext/libav/libswscale/libswscale.a                 $(top_builddir)/gst-libs/ext/libav/libavutil/libavutil.a'
VALGRIND_CFLAGS=''
VALGRIND_LIBS=''
VALGRIND_PATH='no'
VERSION='1.10.2'
WARNING_CFLAGS=' -Wall -Wdeclaration-after-statement -Wvla -Wpointer-arith -Wmissing-declarations -Wmissing-prototypes -Wredundant-decls -Wundef -Wwrite-strings -Wformat-nonliteral -Wformat-security -Wold-style-definition -Winit-self -Wmissing-include-dirs -Waddress -Waggregate-return -Wno-multichar -Wnested-externs'
WIN32_LIBS=''
ac_ct_AR='ar'
ac_ct_CC='gcc'
ac_ct_DUMPBIN=''
am__EXEEXT_FALSE=''
am__EXEEXT_TRUE='#'
am__fastdepCC_FALSE='#'
am__fastdepCC_TRUE=''
am__include='include'
am__isrc=''
am__leading_dot='.'
am__nodep='_no'
am__quote=''
am__tar='tar --format=ustar -chf - "$$tardir"'
am__untar='tar -xf -'
ax_pthread_config=''
bindir='${exec_prefix}/bin'
build='x86_64-pc-linux-gnu'
build_alias=''
build_cpu='x86_64'
build_os='linux-gnu'
build_vendor='pc'
datadir='${datarootdir}'
datarootdir='${prefix}/share'
docdir='${datarootdir}/doc/${PACKAGE_TARNAME}'
dvidir='${docdir}'
exec_prefix='${prefix}'
host='x86_64-pc-linux-gnu'
host_alias=''
host_cpu='x86_64'
host_os='linux-gnu'
host_vendor='pc'
htmldir='${docdir}'
includedir='${prefix}/include'
infodir='${datarootdir}/info'
install_sh='${SHELL} /home/shena/work/player/core/gst-libav-1.10.2/install-sh'
libdir='${exec_prefix}/lib'
libexecdir='${exec_prefix}/libexec'
localedir='${datarootdir}/locale'
localstatedir='${prefix}/var'
mandir='${datarootdir}/man'
mkdir_p='$(MKDIR_P)'
oldincludedir='/usr/include'
pdfdir='${docdir}'
pkgpyexecdir='${pyexecdir}/gst-libav'
pkgpythondir='${pythondir}/gst-libav'
plugindir='$(libdir)/gstreamer-1.0'
prefix='/home/shena/work/player/build/..//install//release'
program_transform_name='s,x,x,'
psdir='${docdir}'
pyexecdir='${exec_prefix}/lib/python2.7/site-packages'
pythondir='${prefix}/lib/python2.7/site-packages'
runstatedir='${localstatedir}/run'
sbindir='${exec_prefix}/sbin'
sharedstatedir='${prefix}/com'
sysconfdir='${prefix}/etc'
target='x86_64-pc-linux-gnu'
target_alias=''
target_cpu='x86_64'
target_os='linux'
target_vendor='pc'

## ----------- ##
## confdefs.h. ##
## ----------- ##

/* confdefs.h */
#define PACKAGE_NAME "GStreamer libav"
#define PACKAGE_TARNAME "gst-libav"
#define PACKAGE_VERSION "1.10.2"
#define PACKAGE_STRING "GStreamer libav 1.10.2"
#define PACKAGE_BUGREPORT "http://bugzilla.gnome.org/enter_bug.cgi?product=GStreamer"
#define PACKAGE_URL ""
#define PACKAGE "gst-libav"
#define VERSION "1.10.2"
#define STDC_HEADERS 1
#define HAVE_SYS_TYPES_H 1
#define HAVE_SYS_STAT_H 1
#define HAVE_STDLIB_H 1
#define HAVE_STRING_H 1
#define HAVE_MEMORY_H 1
#define HAVE_STRINGS_H 1
#define HAVE_INTTYPES_H 1
#define HAVE_STDINT_H 1
#define HAVE_UNISTD_H 1
#define HAVE_DLFCN_H 1
#define LT_OBJDIR ".libs/"
#define HAVE_ORC 1
#define GST_PACKAGE_NAME "GStreamer Libav Plugins 1.10.2 BLFS"
#define GST_PACKAGE_ORIGIN "http://www.linuxfromscratch.org/blfs/view/svn/"
#define HAVE_CPU_X86_64 1
#define HOST_CPU "x86_64"
#define TARGET_CPU "x86_64"
#define HAVE_PTHREAD_PRIO_INHERIT 1
#define HAVE_PTHREAD 1
#define STDC_HEADERS 1
#define GIO_MODULE_DIR "/home/shena/work/player/build/..//install//release/lib/gio/modules"
#define GIO_LIBDIR "/home/shena/work/player/build/..//install//release/lib"
#define GIO_PREFIX "/home/shena/work/player/build/..//install//release"
#define PLUGINDIR "/home/shena/work/player/build/..//install//release/lib/gstreamer-1.0"
#define GST_LEVEL_DEFAULT GST_LEVEL_NONE
#define HAVE_AVI_H 1
#define LIBAV_SOURCE "local snapshot"
#define HAVE_LIBAV_UNINSTALLED /**/

configure: exit 0
